Running for 480.0 seconds (960 samples at 0.5 second intervals).
Power measurements will start in 0 seconds time.

  Time    User  Nice   Sys  Idle    IO  Run Ctxt/s  IRQ/s  Watts
13:46:03  13.7   0.0   0.5  85.8   0.0    2   6032   2688   0.00E
13:46:03  13.8   0.0   0.8  85.4   0.0    2   5902   2700   0.00E
13:46:04  14.2   0.0   0.5  85.3   0.0    2   5176   2466   0.00E
13:46:04  10.9   0.0   0.5  88.6   0.0    4   5102   2234   0.00E
13:46:05  13.7   0.0   0.8  85.6   0.0    2   6030   2556   0.00E
13:46:05  13.7   0.0   0.3  85.8   0.3    2   5698   2334   0.00E
13:46:06  13.9   0.0   0.5  85.6   0.0    2   5744   2556   0.00E
13:46:06  13.9   0.0   0.3  85.9   0.0    2   5682   2334   0.00E
13:46:07  13.6   0.0   0.8  85.6   0.0    2   5746   2422   0.00E
13:46:07  14.8   0.0   0.0  85.2   0.0    2   6976   2778   0.00E
13:46:08  13.3   0.0   0.5  86.2   0.0    2   6440   2782   0.00E
13:46:08  15.8   0.0   1.5  82.5   0.3    2  10236   5808   0.00E
13:46:09  14.6   0.0   0.8  84.7   0.0    3   8840   7804   0.00E
13:46:09  37.5   0.0   3.6  58.7   0.3    2  26022  10646   0.00E
13:46:10  22.0   0.0   2.1  76.0   0.0    5  23666   9450   0.00E
13:46:10  20.8   0.0   1.3  77.7   0.3    2  17132   7590   0.00E
13:46:11  18.0   0.0   1.3  80.7   0.0    2  12104   8026   0.00E
13:46:11  15.7   0.0   1.3  83.0   0.0    5  10024   8736   0.00E
13:46:12  13.1   0.0   2.3  84.6   0.0    1  11256   6562   0.00E
13:46:12   3.6   0.0   4.4  91.8   0.3    9   4158   2112   0.00E
13:46:13  39.2   0.0  60.8   0.0   0.0    9   4908   5012   0.00E
13:46:13  39.0   0.0  61.0   0.0   0.0    9   3108   4226   0.00E
13:46:14  37.5   0.0  62.5   0.0   0.0   14   3652   3390   0.00E
  Time    User  Nice   Sys  Idle    IO  Run Ctxt/s  IRQ/s  Watts
13:46:14  39.2   0.0  60.8   0.0   0.0    9   3434   3254   0.00E
13:46:15  40.6   0.0  59.4   0.0   0.0    9   3304   3214   0.00E
13:46:15  40.4   0.0  59.6   0.0   0.0    9   3286   3290   0.00E
13:46:16  43.2   0.0  56.8   0.0   0.0   10   3612   3338   0.00E
13:46:16  38.8   0.0  61.2   0.0   0.0    9   2732   2950   0.00E
13:46:17  36.8   0.0  63.2   0.0   0.0    9   3104   3166   0.00E
13:46:17  38.0   0.0  62.0   0.0   0.0    9   3136   3188   0.00E
13:46:18  40.1   0.0  59.9   0.0   0.0    9   4204   3530   0.00E
13:46:18  42.4   0.0  57.6   0.0   0.0   10   3398   3206   0.00E
13:46:19  33.2   0.0  27.9  38.9   0.0    4   4686   3362   0.00E
13:46:19  25.5   0.0  12.4  62.1   0.0    3   4510   3136   0.00E
13:46:20  24.4   0.0  17.1  58.5   0.0    2   4822   3230   0.00E
13:46:20  22.7   0.0  11.8  65.2   0.3    6   4370   2884   0.00E
13:46:21  25.1   0.0  17.0  57.9   0.0    3   3604   3054   0.00E
13:46:21  21.5   0.0  14.4  64.1   0.0    5   3558   2894   0.00E
13:46:22  23.6   0.0  14.8  61.6   0.0    3   3198   2886   0.00E
13:46:22  22.7   0.0  16.9  60.2   0.3    5   2980   2900   0.00E
13:46:23  23.4   0.0  13.1  63.5   0.0    3   3788   3024   0.00E
13:46:23  23.2   0.0  17.6  59.2   0.0    4   3082   2798   0.00E
13:46:24  24.4   0.0  10.8  64.8   0.0    2   3798   2932   0.00E
13:46:24  25.7   0.0  17.6  56.7   0.0    5   3200   2978   0.00E
13:46:25  21.2   0.0  10.9  67.9   0.0    4   3418   2906   0.00E
13:46:25  25.3   0.0  19.2  55.6   0.0    4   3798   3046   0.00E
  Time    User  Nice   Sys  Idle    IO  Run Ctxt/s  IRQ/s  Watts
13:46:26  21.1   0.0  11.8  67.1   0.0    5   3812   3054   0.00E
13:46:26  25.8   0.0  19.4  54.5   0.3    5   3604   3010   0.00E
13:46:27  20.9   0.0  10.8  68.3   0.0    3   4328   3038   0.00E
13:46:27  24.8   0.0  20.0  55.2   0.0    3   3610   3000   0.00E
13:46:28  21.8   0.0   8.4  69.9   0.0    3   4024   3044   0.00E
13:46:28  27.5   0.0  19.2  53.3   0.0    4   2968   2916   0.00E
13:46:29  25.6   0.0  10.7  63.7   0.0    5   7640   3756   0.00E
13:46:29  29.8   0.0  19.4  50.8   0.0    4   4948   3418   0.00E
13:46:30  21.8   0.0   9.1  68.8   0.3    5   4402   3080   0.00E
13:46:30  26.6   0.0  18.3  55.0   0.0    5   4238   5276   0.00E
13:46:31  23.7   0.0  12.5  63.8   0.0    6   5278   6498   0.00E
13:46:31  26.6   0.0  15.4  58.0   0.0    4   5180   6728   0.00E
13:46:32  24.6   0.0  14.0  61.2   0.3    5   3982   3450   0.00E
13:46:32  26.0   0.0  16.0  58.0   0.0    3   7420   8260   0.00E
13:46:33  25.2   0.0  15.6  59.2   0.0    5   4202   5270   0.00E
13:46:33  23.3   0.0  11.9  64.8   0.0    3   4272   4734   0.00E
13:46:34  28.8   0.0  18.6  52.4   0.3    6  17208   3278   0.00E
13:46:34  38.9   0.0  15.6  45.5   0.0    4  78118   4436   0.00E
13:46:35  28.0   0.0  19.4  52.5   0.0    5   6836   3152   0.00E
13:46:35  20.5   0.0  10.9  68.6   0.0    4   3288   2658   0.00E
13:46:36  27.2   0.0  17.4  55.4   0.0    4   3510   2946   0.00E
13:46:36  20.9   0.0  11.6  67.3   0.3    4   4892   5776   0.00E
13:46:37  25.8   0.0  19.5  54.6   0.0    5   3374   3240   0.00E
  Time    User  Nice   Sys  Idle    IO  Run Ctxt/s  IRQ/s  Watts
13:46:37  22.3   0.0   9.4  68.3   0.0    3   6400   8116   0.00E
13:46:38  24.7   0.0  20.5  54.8   0.0    5   4730   7966   0.00E
13:46:38  18.5   0.0  11.2  70.3   0.0    4   4096   7508   0.00E
13:46:39  26.7   0.0  20.4  52.6   0.3    4   3552   4240   0.00E
13:46:39  19.5   0.0   9.9  70.6   0.0    4   4230   2958   0.00E
13:46:40  28.5   0.0  20.0  51.5   0.0    2   4988   3596   0.00E
13:46:40  19.6   0.0  10.8  69.5   0.0    5   2628   2582   0.00E
13:46:41  25.4   0.0  17.4  57.2   0.0    2   3326   2828   0.00E
13:46:41  24.3   0.0  12.0  63.4   0.3    5   4690   6086   0.00E
13:46:42  26.8   0.0  14.1  59.1   0.0    3   4984   6258   0.00E
13:46:42  23.6   0.0  16.0  60.4   0.0    6   4486   7770   0.00E
13:46:43  22.6   0.0  14.7  62.7   0.0    3   5746   7920   0.00E
13:46:43  26.1   0.0  14.5  59.1   0.3    5   4334   7502   0.00E
13:46:44  21.2   0.0  12.6  66.2   0.0    3   3998   7664   0.00E
13:46:44  25.9   0.0  16.6  57.4   0.0    8   4126   6270   0.00E
13:46:45  22.6   0.0  11.2  66.2   0.0    3   6364   7006   0.00E
13:46:45  26.8   0.0  19.7  53.4   0.0    4   5674   8214   0.00E
13:46:46  22.9   0.0  11.8  65.1   0.3    4   4754   5572   0.00E
13:46:46  25.1   0.0  19.3  55.6   0.0    4   4520   6176   0.00E
13:46:47  22.7   0.0  11.3  66.0   0.0    2   6078   5880   0.00E
13:46:47  28.2   0.0  18.5  53.3   0.0    4   7324   8428   0.00E
13:46:48  21.6   0.0   9.4  68.7   0.3    3   6028   8026   0.00E
13:46:48  26.2   0.0  19.1  54.7   0.0    4   3720   4948   0.00E
  Time    User  Nice   Sys  Idle    IO  Run Ctxt/s  IRQ/s  Watts
13:46:49  21.3   0.0   9.1  69.5   0.0    4   4842   6554   0.00E
13:46:49  29.6   0.0  21.1  49.2   0.0    6   5730   3258   0.00E
13:46:50  24.3   0.0  10.4  65.3   0.0    6   8182   5282   0.00E
13:46:50  26.9   0.0  20.6  52.5   0.0    2   5812   7412   0.00E
13:46:51  32.0   0.0  13.2  54.8   0.0    6  14116   7864   0.00E
13:46:51  29.0   0.0  19.7  51.0   0.3    4  12226   8330   0.00E
13:46:52  27.0   0.0  15.4  57.6   0.0    5  13430   9688   0.00E
13:46:52  30.4   0.0  18.4  51.3   0.0    4  13378   8550   0.00E
13:46:53  26.7   0.0  17.2  56.1   0.0    7   7666   4122   0.00E
13:46:53  24.2   0.0  13.6  61.9   0.3    3   7852   3140   0.00E
13:46:54  35.0   0.0  16.4  48.6   0.0    5  12032   3806   0.00E
13:46:54  28.8   0.0  13.1  58.1   0.0    3  12298   3420   0.00E
13:46:55  37.5   0.0  19.5  42.5   0.5    8  20722   5732   0.00E
13:46:55  36.7   0.0  15.0  48.4   0.0    5  18598   7068   0.00E
13:46:56  38.2   0.0  20.6  41.0   0.3    5  17392   8758   0.00E
13:46:56  26.7   0.0  13.4  59.7   0.3    5  12850   7196   0.00E
13:46:57  26.6   0.0  19.6  53.8   0.0    4   4592   2996   0.00E
13:46:57  30.5   0.0  13.0  56.5   0.0    4  11598   4516   0.00E
13:46:58  41.1   0.0  23.9  34.8   0.3    8  25246   5834   0.00E
13:46:58  11.5   0.0  10.7  77.6   0.3    3  11160   7160   0.00E
13:46:59  18.1   0.0  20.4  59.4   2.0    3  14134   9688   0.00E
13:46:59  12.7   0.0  10.7  76.6   0.0    3  10322   7932   0.00E
13:47:00  16.2   0.0  19.5  64.1   0.3    5   7422   7768   0.00E
  Time    User  Nice   Sys  Idle    IO  Run Ctxt/s  IRQ/s  Watts
13:47:00   8.9   0.0   8.9  82.3   0.0    3   2998   2328   0.00E
13:47:01  14.0   0.0  18.8  67.2   0.0    2   3344   2844   0.00E
13:47:01  10.7   0.0  10.7  78.7   0.0    8   4036   2706   0.00E
13:47:02  12.3   0.0  16.6  71.1   0.0    2   3912   4436   0.00E
13:47:02  15.3   0.0  16.3  68.3   0.0    5  12424   9652   0.00E
13:47:03  11.3   0.0  15.1  73.4   0.3    2   6612   7606   0.00E
13:47:03  21.0   0.0  15.9  63.0   0.0    6   5100   7724   0.00E
13:47:04  23.3   0.0  13.4  63.0   0.3    3   9134   9164   0.00E
13:47:04  25.6   0.0  19.5  54.8   0.0    3   5744   3694   0.00E
13:47:05  20.0   0.0  11.6  68.1   0.3    3   3412   2858   0.00E
13:47:05  24.5   0.0  19.8  55.8   0.0    4   3356   2810   0.00E
13:47:06  22.9   0.0  11.8  65.3   0.0    5   8884   7948   0.00E
13:47:06  26.8   0.0  19.4  53.5   0.3    4   5094   4308   0.00E
13:47:07  22.8   0.0  12.0  65.2   0.0    4   5490   4982   0.00E
13:47:07  26.4   0.0  19.6  53.8   0.3    5   4644   3674   0.00E
13:47:08  20.9   0.0  10.1  69.0   0.0    5   3016   2600   0.00E
13:47:08  25.4   0.0  19.6  54.9   0.0    3   2898   2908   0.00E
13:47:09  20.5   0.0  11.1  68.4   0.0    5   4340   3278   0.00E
13:47:09  27.8   0.0  19.2  52.8   0.3    4   2822   2608   0.00E
13:47:10  24.0   0.0  10.0  66.0   0.0    4   9186   8412   0.00E
13:47:10  28.4   0.0  20.6  51.0   0.0    4   5316   8168   0.00E
13:47:11  20.1   0.0  11.6  68.3   0.0    4   3502   3102   0.00E
13:47:11  24.7   0.0  18.6  56.7   0.0    4   2616   2534   0.00E
  Time    User  Nice   Sys  Idle    IO  Run Ctxt/s  IRQ/s  Watts
13:47:12  23.2   0.0  12.6  64.2   0.0    6   3412   2820   0.00E
13:47:12  24.6   0.0  15.4  59.7   0.3    3   3666   4166   0.00E
13:47:13  23.0   0.0  16.5  60.5   0.0    6   3798   3722   0.00E
13:47:13  24.9   0.0  13.3  61.8   0.0    4   3030   2502   0.00E
13:47:14  25.7   0.0  17.1  57.2   0.0    6   2966   2690   0.00E
13:47:14  19.8   0.0  12.8  67.4   0.0    3   2488   2458   0.00E
13:47:15  25.0   0.0  19.4  55.6   0.0    4   3044   2758   0.00E
13:47:15  23.1   0.0  11.4  65.2   0.3    3   7414   6760   0.00E
13:47:16  27.7   0.0  19.0  53.3   0.0    4   6410   7642   0.00E
13:47:16  22.7   0.0  11.6  65.4   0.3    4   4996   3174   0.00E
13:47:17  25.1   0.0  18.5  56.5   0.0    5   2618   2848   0.00E
13:47:17  23.8   0.0  10.2  66.0   0.0    4   2770   2486   0.00E
13:47:18  25.9   0.0  19.3  54.8   0.0    5   3528   2922   0.00E
13:47:18  20.7   0.0   9.3  70.0   0.0    3   2416   2472   0.00E
13:47:19  25.3   0.0  21.0  53.8   0.0    3   3304   3910   0.00E
13:47:19  23.2   0.0  11.8  64.7   0.3    4   9448   8866   0.00E
13:47:20  29.1   0.0  19.0  51.9   0.0    6   5638   5934   0.00E
13:47:20  22.1   0.0  12.0  65.9   0.0    4   7822   7832   0.00E
13:47:21  25.5   0.0  20.5  53.5   0.5    4   3422   2898   0.00E
13:47:21  22.0   0.0  10.6  67.4   0.0    8   5742   5684   0.00E
13:47:22  29.6   0.0  19.4  51.0   0.0    2   7414   6452   0.00E
13:47:22  22.6   0.0  12.6  64.6   0.3    7   4032   3824   0.00E
13:47:23  25.0   0.0  15.2  59.8   0.0    3   2838   2722   0.00E
  Time    User  Nice   Sys  Idle    IO  Run Ctxt/s  IRQ/s  Watts
13:47:23  23.5   0.0  15.2  61.4   0.0    7   2874   2692   0.00E
13:47:24  23.6   0.0  13.5  62.9   0.0    4   3026   2706   0.00E
13:47:24  27.7   0.0  16.0  56.4   0.0    5   2612   2692   0.00E
13:47:25  21.5   0.0  11.1  67.4   0.0    3   2904   2678   0.00E
13:47:25  26.6   0.0  20.4  52.8   0.3    3   3488   3082   0.00E
13:47:26  21.7   0.0   9.8  68.5   0.0    4   2844   2578   0.00E
13:47:26  28.9   0.0  17.0  54.2   0.0    5   3518   3216   0.00E
13:47:27  22.3   0.0  10.9  66.8   0.0    4   3306   2842   0.00E
13:47:27  25.7   0.0  18.4  55.9   0.0    4   3210   2838   0.00E
13:47:28  21.2   0.0  11.1  67.7   0.0    5   4386   3718   0.00E
13:47:28  25.1   0.0  19.5  55.4   0.0    4   2646   2826   0.00E
13:47:29  20.4   0.0   9.9  69.7   0.0    3   3252   2624   0.00E
13:47:29  26.3   0.0  19.3  54.4   0.0    3   3446   2830   0.00E
13:47:30  19.9   0.0  10.1  69.9   0.0    4   3730   2882   0.00E
13:47:30  26.8   0.0  20.5  52.5   0.3    4   6954   7270   0.00E
13:47:31  21.2   0.0  10.6  68.3   0.0    4   4616   4244   0.00E
13:47:31  25.1   0.0  20.3  54.7   0.0    4   5598   6982   0.00E
13:47:32  21.4   0.0  12.1  66.6   0.0    6   6292   6488   0.00E
13:47:32  25.1   0.0  18.8  55.8   0.3    3   3718   3652   0.00E
13:47:33  22.6   0.0  13.6  63.8   0.0    6   2982   2492   0.00E
13:47:33  22.3   0.0  16.5  61.3   0.0    3   2974   2580   0.00E
13:47:34  25.7   0.0  16.4  57.9   0.0    7   4092   3016   0.00E
13:47:34  21.9   0.0  13.1  65.1   0.0   10   2628   2596   0.00E
  Time    User  Nice   Sys  Idle    IO  Run Ctxt/s  IRQ/s  Watts
13:47:35  26.1   0.0  17.8  55.9   0.3    5   3326   2760   0.00E
13:47:35  20.4   0.0  10.3  69.3   0.0    3   3020   2678   0.00E
13:47:36  23.6   0.0  19.8  56.6   0.0    3   4104   3902   0.00E
13:47:36  20.8   0.0  11.1  68.1   0.0    4   7926   6910   0.00E
13:47:37  26.3   0.0  19.2  54.4   0.0    4   5878   5348   0.00E
13:47:37  22.2   0.0  10.9  66.9   0.0    4   6484   6116   0.00E
13:47:38  26.1   0.0  19.0  54.8   0.0    4   6324   7216   0.00E
13:47:38  21.1   0.0  10.4  68.3   0.3    4   5602   7626   0.00E
13:47:39  27.6   0.0  20.5  51.9   0.0    4   8918   8638   0.00E
13:47:39  20.8   0.0  11.2  68.0   0.0    3   6536   7998   0.00E
13:47:40  27.8   0.0  19.7  52.3   0.3    5   6388   8238   0.00E
13:47:40  20.7   0.0  10.7  68.6   0.0    4   4182   3930   0.00E
13:47:41  28.2   0.0  18.9  52.9   0.0    4   5902   7424   0.00E
13:47:41  22.4   0.0  10.9  66.7   0.0    4   7244   3454   0.00E
13:47:42  28.0   0.0  18.4  53.7   0.0    3   4096   4384   0.00E
13:47:42  20.9   0.0  10.7  68.4   0.0    6   4284   4588   0.00E
13:47:43  25.0   0.0  19.4  55.6   0.0    2   6062   6890   0.00E
13:47:43  22.6   0.0  13.3  63.8   0.3    6   3480   2824   0.00E
13:47:44  23.7   0.0  15.2  61.1   0.0    3   3318   2838   0.00E
13:47:44  24.1   0.0  16.5  59.5   0.0    6   3816   4400   0.00E
13:47:45  22.4   0.0  13.5  64.1   0.0    5   4960   6540   0.00E
13:47:45  26.3   0.0  17.9  55.6   0.3    4   4804   6160   0.00E
13:47:46  20.6   0.0  11.5  67.9   0.0    4   3364   2760   0.00E
  Time    User  Nice   Sys  Idle    IO  Run Ctxt/s  IRQ/s  Watts
13:47:46  26.8   0.0  18.3  54.6   0.3    4   3558   3010   0.00E
13:47:47  23.0   0.0   9.6  67.3   0.0    3   3542   2830   0.00E
13:47:47  25.4   0.0  19.9  54.7   0.0    4   3978   3142   0.00E
13:47:48  20.3   0.0  10.7  69.0   0.0    5   4252   4762   0.00E
13:47:48  26.8   0.0  19.9  53.3   0.0    3   5118   7780   0.00E
13:47:49  20.3   0.0  10.2  69.5   0.0    4   3648   5536   0.00E
13:47:49  26.4   0.0  17.9  55.4   0.3    3   3742   6836   0.00E
13:47:50  21.8   0.0   9.1  69.0   0.0    3   4158   5954   0.00E
13:47:50  25.6   0.0  20.6  53.6   0.3    3   3384   2858   0.00E
13:47:51  18.6   0.0  12.3  69.0   0.0    4   3078   2800   0.00E
13:47:51  26.9   0.0  19.1  54.0   0.0    4   5326   7232   0.00E
13:47:52  21.0   0.0   9.8  68.9   0.3    4   3942   4516   0.00E
13:47:52  28.0   0.0  18.2  53.8   0.0    3   5942   5912   0.00E
13:47:53  21.2   0.0  11.9  66.9   0.0   10   4856   6490   0.00E
13:47:53  26.3   0.0  16.7  57.1   0.0    2   6638   6870   0.00E
13:47:54  27.8   0.0  15.2  57.0   0.0    7   9780   7770   0.00E
13:47:54  24.9   0.0  17.0  57.9   0.3    3  10536   8070   0.00E
13:47:55  28.4   0.0  17.5  54.1   0.0    6  10412   9338   0.00E
13:47:55  23.1   0.0  11.5  65.1   0.3    3   5450   8140   0.00E
13:47:56  43.0   0.0  19.2  37.9   0.0    7  14348   8396   0.00E
13:47:56  35.4   0.0  14.4  50.1   0.0    5  14390  12228   0.00E
13:47:57  32.8   0.0  18.7  48.5   0.0    5   9776   9168   0.00E
13:47:57  43.3   0.0  12.7  44.0   0.0    6   8292   7140   0.00E
  Time    User  Nice   Sys  Idle    IO  Run Ctxt/s  IRQ/s  Watts
13:47:58  30.1   0.0  18.9  50.8   0.3    5   5794   5124   0.00E
13:47:58  21.6   0.0  10.6  67.8   0.0    6   6492   6550   0.00E
13:47:59  28.3   0.0  21.7  48.0   2.0    4  10996   9528   0.00E
13:47:59  24.6   0.0  11.3  63.9   0.3    5  11900   9612   0.00E
13:48:00  34.5   0.0  20.4  45.1   0.0    4  10992   6900   0.00E
13:48:00  21.9   0.0   9.1  69.0   0.0    4   5692   3346   0.00E
13:48:01  26.9   0.0  20.8  52.3   0.0    4   7308   8484   0.00E
13:48:01  19.2   0.0  13.1  67.4   0.3    4   4316   3218   0.00E
13:48:02  27.5   0.0  17.6  54.9   0.0    4   3560   3008   0.00E
13:48:02  27.6   0.0  10.5  61.9   0.0    3   9012   3608   0.00E
13:48:03  25.9   0.0  19.4  54.7   0.0    4   4098   3228   0.00E
13:48:03  21.5   0.0  10.9  67.6   0.0    5   3284   2724   0.00E
13:48:04  26.3   0.0  17.2  56.3   0.3    2   3610   2928   0.00E
13:48:04  24.0   0.0  12.5  63.5   0.0    6   3092   2716   0.00E
13:48:05  24.0   0.0  15.4  60.6   0.0    2   3338   2770   0.00E
13:48:05  24.4   0.0  15.7  59.7   0.2    6   3486   2814   0.00E
13:48:06  23.2   0.0  12.8  64.0   0.0    3   4162   3112   0.00E
13:48:06  24.1   0.0  18.6  57.0   0.3    3   3388   2766   0.00E
13:48:07  21.9   0.0  11.3  66.8   0.0    4   3218   2744   0.00E
13:48:07  25.1   0.0  18.1  56.8   0.0    5   3656   2888   0.00E
13:48:08  21.3   0.0  10.6  68.1   0.0    3   3904   2902   0.00E
13:48:08  26.4   0.0  18.6  54.9   0.0    5   2810   2696   0.00E
13:48:09  19.6   0.0  10.7  69.4   0.3    4   3558   2724   0.00E
  Time    User  Nice   Sys  Idle    IO  Run Ctxt/s  IRQ/s  Watts
13:48:09  26.1   0.0  19.8  54.1   0.0    5   3080   2732   0.00E
13:48:10  21.4   0.0   9.3  69.3   0.0    5   3182   2498   0.00E
13:48:10  26.8   0.0  19.2  54.0   0.0    3   3016   2596   0.00E
13:48:11  18.9   0.0  10.6  70.5   0.0    4   2830   2394   0.00E
13:48:11  25.1   0.0  19.5  55.4   0.0    3   2872   2742   0.00E
13:48:12  22.4   0.0  12.0  65.6   0.0    3   3090   2704   0.00E
13:48:12  26.6   0.0  16.7  56.7   0.0    4   3010   2642   0.00E
13:48:13  21.2   0.0  10.2  68.3   0.2    3   2868   2646   0.00E
13:48:13  24.7   0.0  20.5  54.8   0.0    5   3916   3288   0.00E
13:48:14  22.2   0.0  11.6  66.2   0.0    5   4434   2982   0.00E
13:48:14  25.4   0.0  16.6  58.0   0.0    2   2804   2642   0.00E
13:48:15  23.0   0.0  13.2  63.8   0.0    6   3054   2576   0.00E
13:48:15  23.4   0.0  13.9  62.7   0.0    2   2600   2638   0.00E
13:48:16  24.8   0.0  15.5  59.6   0.0    5   2992   2698   0.00E
13:48:16  21.4   0.0  13.0  65.3   0.2    3   2720   2366   0.00E
13:48:17  25.9   0.0  16.1  57.9   0.0    4   2818   2694   0.00E
13:48:17  21.7   0.0  10.9  67.2   0.3    4   2944   2454   0.00E
13:48:18  25.7   0.0  18.9  55.4   0.0    5   4104   3080   0.00E
13:48:18  20.3   0.0  10.4  69.4   0.0    6   3026   2466   0.00E
13:48:19  28.1   0.0  19.2  52.7   0.0    4   3316   2956   0.00E
13:48:19  20.0   0.0   9.6  70.4   0.0    4   2884   2472   0.00E
13:48:20  26.3   0.0  20.5  53.3   0.0    5   3202   2756   0.00E
13:48:20  20.0   0.0  10.0  70.0   0.0    7   2722   2410   0.00E
  Time    User  Nice   Sys  Idle    IO  Run Ctxt/s  IRQ/s  Watts
13:48:21  27.3   0.0  18.8  53.6   0.3    3   3110   2894   0.00E
13:48:21  21.5   0.0  10.2  68.2   0.0    5   2992   2560   0.00E
13:48:22  25.9   0.0  17.8  56.3   0.0    6   2722   2738   0.00E
13:48:22  10.4   0.0   9.6  79.9   0.0    2   2724   2372   0.00E
13:48:23  13.3   0.0  18.6  68.1   0.0    7   3272   2762   0.00E
13:48:23   8.0   0.0  10.2  81.8   0.0    4   2660   2214   0.00E
13:48:24  12.3   0.0  19.4  68.3   0.0    1   3032   2650   0.00E
13:48:24   9.1   0.0  10.8  80.1   0.0    4   2612   2148   0.00E
13:48:25  10.7   0.0  17.8  71.6   0.0    2   2924   2668   0.00E
13:48:25  10.9   0.0  13.6  75.5   0.0    5   3114   2394   0.00E
13:48:26  14.0   0.0  13.8  72.2   0.0    9   3908   4596   0.00E
13:48:26  13.4   0.0  16.4  70.3   0.0    5   2808   2958   0.00E
13:48:27   9.8   0.0  12.9  77.3   0.0    2   3256   2524   0.00E
13:48:27  12.6   0.0  16.9  70.5   0.0    3   3632   3432   0.00E
13:48:28  10.4   0.0  12.4  77.3   0.0    2   4452   3004   0.00E
13:48:28  14.2   0.0  18.0  67.6   0.3    4   3118   2988   0.00E
13:48:29   7.1   0.0  10.7  82.2   0.0    3   3294   2404   0.00E
13:48:29  13.7   0.0  20.7  65.6   0.0    3   3284   2672   0.00E
13:48:30   7.1   0.0  10.4  82.2   0.3    3   4220   2696   0.00E
13:48:30  24.4   0.0  19.1  56.5   0.0    5   3420   2732   0.00E
13:48:31  20.4   0.0   9.5  70.1   0.0    5   3258   2502   0.00E
13:48:31  25.2   0.0  19.6  55.2   0.0    3   3392   2900   0.00E
13:48:32  22.0   0.0   9.3  68.7   0.0    8   3450   2698   0.00E
  Time    User  Nice   Sys  Idle    IO  Run Ctxt/s  IRQ/s  Watts
13:48:32  25.0   0.0  18.7  56.3   0.0    5   3178   2610   0.00E
13:48:33  19.4   0.0  12.1  68.5   0.0    4   2740   2508   0.00E
13:48:33  25.0   0.0  18.8  56.0   0.2    4   2846   2670   0.00E
13:48:34  21.5   0.0  10.1  68.4   0.0    5   3520   2774   0.00E
13:48:34  26.4   0.0  17.4  56.2   0.0    2   3422   2758   0.00E
13:48:35  21.0   0.0  12.6  66.4   0.0    5   3224   2534   0.00E
13:48:35  24.5   0.0  16.5  59.0   0.0    6   3358   2726   0.00E
13:48:36  23.5   0.0  13.9  62.4   0.3    6   3376   2806   0.00E
13:48:36  21.9   0.0  14.8  63.3   0.0    3   2680   2386   0.00E
13:48:37  24.8   0.0  15.9  59.2   0.0    5   2734   2706   0.00E
13:48:37  21.0   0.0  13.0  66.0   0.0    5   2700   2366   0.00E
13:48:38  25.0   0.0  17.9  57.1   0.0    6   3504   2998   0.00E
13:48:38  20.8   0.0  11.3  67.9   0.0    3   3002   2442   0.00E
13:48:39  26.4   0.0  19.6  53.9   0.0    5   3054   2876   0.00E
13:48:39  19.4   0.0   9.8  70.8   0.0    5   2910   2352   0.00E
13:48:40  17.6   0.0  19.1  63.2   0.0    3   2944   2604   0.00E
13:48:40   8.6   0.0   9.1  82.4   0.0    5   2534   2168   0.00E
13:48:41  14.4   0.0  19.9  65.7   0.0    4   2990   2904   0.00E
13:48:41  16.4   0.0  10.3  73.3   0.0    4   2690   2326   0.00E
13:48:42  24.3   0.0  18.5  57.0   0.3    3   3442   2964   0.00E
13:48:42   8.5   0.0  10.8  80.7   0.0    3   2606   2316   0.00E
13:48:43  13.2   0.0  17.2  69.6   0.0    3   3066   2648   0.00E
13:48:43   9.4   0.0  10.1  80.5   0.0    2   3162   2488   0.00E
  Time    User  Nice   Sys  Idle    IO  Run Ctxt/s  IRQ/s  Watts
13:48:44  12.8   0.0  19.3  67.8   0.0    5   3186   2788   0.00E
13:48:44   9.3   0.0   9.1  81.3   0.3    3   2678   2330   0.00E
13:48:45  12.8   0.0  18.6  68.5   0.0    1   3146   2686   0.00E
13:48:45   8.9   0.0  12.4  78.5   0.3    4   3836   2490   0.00E
13:48:46  12.4   0.0  15.7  71.9   0.0    2   3120   2604   0.00E
13:48:46  11.1   0.0  14.4  74.5   0.0    5   3140   2570   0.00E
13:48:47  14.6   0.0  11.6  73.8   0.0    2   3260   2678   0.00E
13:48:47  12.3   0.0  16.3  71.4   0.0    5   3154   2870   0.00E
13:48:48  10.4   0.0  10.9  78.4   0.3    2   3854   2786   0.00E
13:48:48  12.8   0.0  19.6  67.3   0.3    6   2918   2956   0.00E
13:48:49   6.4   0.0  11.2  82.4   0.0    4   3340   2882   0.00E
13:48:49  15.4   0.0  20.4  64.2   0.0    7   3156   2836   0.00E
13:48:50  13.5   0.0   8.9  77.7   0.0    5   3234   2544   0.00E
13:48:50  28.2   0.0  21.4  50.4   0.0    4   2682   2894   0.00E
13:48:51  17.8   0.0   9.3  72.6   0.3    4   3012   2606   0.00E
13:48:51  14.9   0.0  21.7  63.5   0.0    2   2916   2478   0.00E
13:48:52  21.5   0.0   9.5  68.8   0.2    5   3284   2650   0.00E
13:48:52  18.7   0.0  18.7  62.6   0.0    5   2372   2534   0.00E
13:48:53   8.3   0.0  12.4  79.3   0.0    2   3072   2478   0.00E
13:48:53  11.6   0.0  17.8  70.6   0.0    3   2730   2398   0.00E
13:48:54   7.8   0.0  12.8  79.3   0.0    2   3098   2420   0.00E
13:48:54  12.8   0.0  17.6  69.6   0.0    3   2666   2732   0.00E
13:48:55   7.4   0.0  10.2  82.4   0.0    3   2616   2564   0.00E
  Time    User  Nice   Sys  Idle    IO  Run Ctxt/s  IRQ/s  Watts
13:48:55  12.8   0.0  17.9  69.3   0.0    2   2666   2604   0.00E
13:48:56   9.9   0.0  11.7  78.4   0.0   10   3480   2578   0.00E
13:48:56  11.2   0.0  17.5  71.0   0.2    6   2792   2532   0.00E
13:48:57  12.2   0.0  13.8  74.0   0.0    5   2954   2380   0.00E
13:48:57  10.1   0.0  14.2  75.7   0.0    2   2926   2616   0.00E
13:48:58  12.1   0.0  16.4  71.5   0.0    9   3380   2994   0.00E
13:48:58   8.9   0.0  11.6  79.5   0.0    1   2752   2564   0.00E
13:48:59  13.9   0.0  21.0  62.4   2.8    5   6706   4360   0.00E
13:48:59   7.9   0.0   9.7  82.4   0.0    3   3484   2542   0.00E
13:49:00  17.8   0.0  20.8  61.4   0.0    4   4488   3180   0.00E
13:49:00  17.9   0.0   8.8  73.3   0.0    4   3006   2540   0.00E
13:49:01  28.1   0.0  21.0  50.9   0.0    3   3128   2824   0.00E
13:49:01  19.4   0.0   8.6  72.0   0.0    5   3404   2644   0.00E
13:49:02  27.0   0.0  20.4  52.4   0.3    2   3420   3038   0.00E
13:49:02  20.2   0.0  10.6  69.3   0.0    5   3162   2652   0.00E
13:49:03  24.8   0.0  18.2  57.0   0.0    5   3610   2914   0.00E
13:49:03  21.1   0.0  11.3  67.6   0.0    3   2864   2540   0.00E
13:49:04  25.3   0.0  17.4  57.3   0.0   10   3400   2928   0.00E
13:49:04  22.3   0.0   9.6  68.1   0.0    3   2984   2502   0.00E
13:49:05  26.1   0.0  17.6  56.3   0.0    4   3282   2860   0.00E
13:49:05  20.4   0.0  10.8  68.6   0.3    4   3162   2502   0.00E
13:49:06  24.2   0.0  19.0  56.9   0.0    2   3232   2832   0.00E
13:49:06  22.1   0.0  11.5  66.4   0.0    6   2356   2230   0.00E
  Time    User  Nice   Sys  Idle    IO  Run Ctxt/s  IRQ/s  Watts
13:49:07  25.2   0.0  15.4  59.4   0.0    3   3378   2768   0.00E
13:49:07  23.3   0.0  15.5  61.2   0.0    6   3590   2904   0.00E
13:49:08  22.8   0.0  13.8  63.5   0.0    3   3056   2706   0.00E
13:49:08  27.5   0.0  15.2  57.0   0.2    7   2980   2716   0.00E
13:49:09  21.0   0.0  11.4  67.7   0.0    3   3386   2730   0.00E
13:49:09  26.8   0.0  19.7  53.5   0.0    6   3060   2812   0.00E
13:49:10  19.1   0.0   9.5  71.4   0.0    4   3242   2602   0.00E
13:49:10  18.1   0.0  22.7  59.2   0.0    3   2882   2724   0.00E
13:49:11   6.8   0.0   7.6  85.6   0.0    6   2904   2288   0.00E
13:49:11  14.5   0.0  22.1  63.4   0.0    2   2798   2530   0.00E
13:49:12   7.8   0.0   8.3  83.8   0.0    4   3188   2464   0.00E
13:49:12  12.7   0.0  20.8  66.3   0.3    2   2760   2700   0.00E
13:49:13   2.8   0.0   1.5  95.6   0.0    2   3448   2466   0.00E
13:49:13   1.5   0.0   0.0  98.5   0.0    1   2280   1510   0.00E
13:49:14   2.8   0.0   1.3  95.9   0.0    1   2648   1602   0.00E
13:49:14   4.3   0.0   0.8  95.0   0.0    3   2110   1324   0.00E
13:49:15  14.1   0.0   0.3  85.6   0.0    3   2588   1808   0.00E
13:49:15   3.8   0.0   0.3  95.9   0.0    1   2524   1406   0.00E
13:49:16   2.8   0.0   1.3  95.9   0.0    2   2838   1652   0.00E
13:49:16   2.5   0.0   0.3  97.2   0.0    1   2134   1236   0.00E
13:49:17   0.3   0.0   1.0  98.7   0.0    1   1872   1404   0.00E
13:49:17   1.8   0.0   0.3  98.0   0.0    1   2022   1236   0.00E
13:49:18   1.3   0.0   1.0  97.4   0.3    1   2858   1836   0.00E
  Time    User  Nice   Sys  Idle    IO  Run Ctxt/s  IRQ/s  Watts
13:49:18   3.5   0.0   0.5  95.9   0.0    1   3246   1768   0.00E
13:49:19   1.3   0.0   1.0  97.7   0.0    1   2426   1692   0.00E
13:49:19   1.8   0.0   0.0  97.7   0.5    1   2402   1538   0.00E
13:49:20   3.5   0.0   1.0  95.5   0.0    4   2770   1732   0.00E
13:49:20   2.3   0.0   0.5  97.2   0.0    1   2640   1482   0.00E
13:49:21   2.3   0.0   0.8  97.0   0.0    1   2460   1772   0.00E
13:49:21   0.8   0.0   0.5  98.7   0.0    1   2034   1312   0.00E
13:49:22   1.3   0.0   0.8  97.9   0.0    4   2756   1732   0.00E
13:49:22   1.5   0.0   1.0  97.5   0.0    6   1810   1412   0.00E
13:49:23   2.3   0.0   1.8  95.9   0.0    6   4568   2412   0.00E
13:49:23   2.8   0.0   0.8  96.2   0.3    1   2762   1574   0.00E
13:49:24   2.0   0.0   1.0  97.0   0.0    1   2528   1662   0.00E
13:49:24   2.8   0.0   0.5  96.7   0.0    7   2260   1390   0.00E
13:49:25   2.3   0.0   1.0  96.7   0.0    5   3142   2024   0.00E
13:49:25   2.8   0.0   0.3  96.9   0.0    1   2662   1552   0.00E
13:49:26   2.0   0.0   1.3  96.7   0.0    1   2678   1698   0.00E
13:49:26   3.0   0.0   0.3  96.7   0.0    1   2704   1664   0.00E
13:49:27   1.3   0.0   1.5  97.2   0.0    1   2802   1750   0.00E
13:49:27   1.0   0.0   0.3  98.7   0.0    1   2674   1624   0.00E
13:49:28   0.3   0.0   1.0  98.7   0.0    1   2628   1842   0.00E
13:49:28   0.8   0.0   0.3  98.7   0.3    1   2136   1530   0.00E
13:49:29   1.3   0.0   1.3  97.5   0.0    1   2560   1666   0.00E
13:49:29   2.5   0.0   0.5  97.0   0.0    1   2842   1656   0.00E
  Time    User  Nice   Sys  Idle    IO  Run Ctxt/s  IRQ/s  Watts
13:49:30   2.0   0.0   1.0  96.9   0.0    1   3474   1988   0.00E
13:49:30   2.5   0.0   0.5  97.0   0.0    2   2480   1580   0.00E
13:49:31   1.8   0.0   1.5  96.7   0.0    1   2538   1600   0.00E
13:49:31   2.6   0.0   0.0  97.4   0.0    1   2824   1554   0.00E
13:49:32   2.3   0.0   1.0  96.5   0.3    1   2788   1762   0.00E
13:49:32   2.5   0.0   0.8  96.7   0.0    1   2326   1358   0.00E
13:49:33  19.6   0.0  29.5  50.9   0.0    3   3580   2962   0.00E
13:49:33  16.1   0.0  26.2  57.7   0.0    7   3026   3006   0.00E
13:49:34  18.2   0.0  24.5  57.0   0.2    4   3070   3456   0.00E
13:49:34  19.9   0.0  28.2  51.9   0.0    7   2610   3214   0.00E
13:49:35  15.4   0.0  26.2  58.4   0.0    6   3258   3452   0.00E
13:49:35  18.8   0.0  31.0  50.2   0.0    7   3594   3152   0.00E
13:49:36  17.6   0.0  21.6  60.8   0.0    4   3094   3430   0.00E
13:49:36  19.2   0.0  28.3  52.5   0.0    7   2730   3482   0.00E
13:49:37  16.6   0.0  25.4  57.9   0.0    6   2850   3454   0.00E
13:49:37  18.7   0.0  26.4  54.9   0.0    6   2618   3712   0.00E
13:49:38  17.3   0.0  27.3  55.1   0.3    5   3164   4100   0.00E
13:49:38  17.6   0.0  25.6  56.8   0.0    6   2694   3354   0.00E
13:49:39  18.2   0.0  27.5  54.3   0.0    3   2690   4280   0.00E
13:49:39  17.2   0.0  24.2  58.3   0.3    4   2468   3018   0.00E
13:49:40  19.8   0.0  28.8  51.4   0.0    2   3050   3952   0.00E
13:49:40  29.0   0.0  22.7  48.2   0.0    5   2390   3862   0.00E
13:49:41  29.1   0.0  26.1  44.7   0.0    4   2708   3654   0.00E
  Time    User  Nice   Sys  Idle    IO  Run Ctxt/s  IRQ/s  Watts
13:49:41  19.3   0.0  23.1  57.5   0.0    5   3072   3578   0.00E
13:49:42  29.0   0.0  32.0  39.0   0.0    5   3054   4064   0.00E
13:49:42  22.1   0.0  25.1  52.8   0.0    2   2760   3630   0.00E
13:49:43  18.2   0.0  27.0  54.8   0.0    4   3184   3654   0.00E
13:49:43  17.4   0.0  27.7  54.9   0.0    4   2490   4062   0.00E
13:49:44  18.4   0.0  26.3  55.3   0.0    5   3482   3866   0.00E
13:49:44  23.9   0.0  26.2  49.6   0.3    5   3178   4010   0.00E
13:49:45  28.1   0.0  28.3  43.6   0.0    4   2596   4200   0.00E
13:49:45  20.4   0.0  29.2  50.1   0.3    3   4682   4408   0.00E
13:49:46  26.6   0.0  27.1  46.4   0.0    5   3114   4596   0.00E
13:49:46  26.5   0.0  28.0  45.5   0.0    3   2818   4096   0.00E
13:49:47  21.0   0.0  25.5  53.5   0.0    5   3240   3996   0.00E
13:49:47  32.5   0.0  27.0  40.6   0.0    4   3326   4822   0.00E
13:49:48  17.8   0.0  26.6  55.5   0.0    5   3552   3868   0.00E
13:49:48  18.8   0.0  29.4  51.8   0.0    5   3268   4096   0.00E
13:49:49  17.2   0.0  24.0  58.5   0.2    7   3156   4024   0.00E
13:49:49  18.2   0.0  29.3  52.5   0.0    4   2878   3838   0.00E
13:49:50  15.1   0.0  26.9  58.0   0.0    4   2632   3286   0.00E
13:49:50  17.1   0.0  30.7  52.1   0.0    4   2900   2856   0.00E
13:49:51  18.6   0.0  24.9  56.2   0.3    3   3280   2792   0.00E
13:49:51  19.5   0.0  27.2  53.4   0.0    7   2996   2656   0.00E
13:49:52  19.2   0.0  25.8  55.1   0.0    5   2868   2696   0.00E
13:49:52  17.0   0.0  26.5  56.5   0.0    7   2816   2598   0.00E
  Time    User  Nice   Sys  Idle    IO  Run Ctxt/s  IRQ/s  Watts
13:49:53  28.1   0.0  30.1  41.8   0.0    4   3020   2790   0.00E
13:49:53  28.9   0.0  22.6  48.5   0.0    8   3156   2640   0.00E
13:49:54  25.1   0.0  32.2  42.5   0.3    6   2950   2904   0.00E
13:49:54  12.3   0.0  23.6  64.1   0.0    6   2270   2368   0.00E
13:49:55  21.0   0.0  31.1  48.0   0.0    8   2880   2640   0.00E
13:49:55  15.3   0.0  21.9  62.8   0.0    6   2678   2550   0.00E
13:49:56  23.4   0.0  28.4  48.2   0.0    6   2982   2828   0.00E
13:49:56  16.1   0.0  21.4  62.3   0.3    7   2834   2486   0.00E
13:49:57  21.6   0.0  29.9  48.5   0.0    7   2812   2882   0.00E
13:49:57  15.6   0.0  20.9  63.6   0.0    7   2540   2382   0.00E
13:49:58  20.5   0.0  31.6  47.8   0.0    6   3328   2840   0.00E
13:49:58  16.0   0.0  20.0  63.8   0.2    5   2588   2344   0.00E
13:49:59  23.1   0.0  31.3  43.6   2.0    7   6170   3766   0.00E
13:49:59  14.8   0.0  21.9  63.3   0.0    6   3504   2742   0.00E
13:50:00  22.4   0.0  33.8  43.8   0.0    5   4240   3272   0.00E
13:50:00  27.4   0.0  22.1  50.5   0.0    4   2950   2702   0.00E
13:50:01  34.8   0.0  31.7  33.5   0.0    6   2790   3026   0.00E
13:50:01  27.2   0.0  22.9  49.9   0.0    4   3390   2810   0.00E
13:50:02  32.8   0.0  32.1  34.8   0.3    7   3482   3186   0.00E
13:50:02  27.2   0.0  24.1  48.7   0.0    6   3144   2818   0.00E
13:50:03  31.6   0.0  29.8  38.6   0.0    7   3436   3054   0.00E
13:50:03  30.0   0.0  25.9  44.1   0.0    3   3040   2826   0.00E
13:50:04  30.4   0.0  27.4  42.2   0.0    6   2946   2924   0.00E
  Time    User  Nice   Sys  Idle    IO  Run Ctxt/s  IRQ/s  Watts
13:50:04  29.6   0.0  29.4  41.0   0.0    8   2842   2938   0.00E
13:50:05  29.6   0.0  26.6  43.5   0.3    5   3406   3110   0.00E
13:50:05  32.7   0.0  25.7  41.6   0.0    4   2780   2776   0.00E
13:50:06  29.7   0.0  28.2  42.1   0.0    4   4976   5650   0.00E
13:50:06  30.7   0.0  28.7  40.6   0.0    8   3628   5708   0.00E
13:50:07  32.2   0.0  26.2  41.6   0.0    4   3628   4644   0.00E
13:50:07  33.4   0.0  25.7  40.9   0.0    4   5294   5070   0.00E
13:50:08  27.7   0.0  28.4  43.9   0.0    7   4022   6022   0.00E
13:50:08  33.9   0.0  27.4  38.4   0.2    6   5160   8304   0.00E
13:50:09  42.1   0.0  25.9  32.0   0.0    5  14700   7170   0.00E
13:50:09  37.4   0.0  27.8  34.8   0.0    4   8450   6822   0.00E
13:50:10  32.3   0.0  25.7  42.0   0.0    8  11106   9454   0.00E
13:50:10  45.1   0.0  32.2  22.7   0.0    6  11480   7438   0.00E
13:50:11  49.0   0.0  25.6  25.4   0.0    5  14424  12466   0.00E
13:50:11  35.6   0.0  32.6  31.8   0.0    4   5078   6668   0.00E
13:50:12  27.3   0.0  23.2  49.5   0.0    5   6152   8264   0.00E
13:50:12  32.9   0.0  32.4  34.7   0.0    8   4452   5906   0.00E
13:50:13  22.7   0.0  25.0  52.0   0.3    6   6404   8170   0.00E
13:50:13  21.8   0.0  28.8  49.4   0.0    5   3338   3332   0.00E
13:50:14  27.0   0.0  24.0  49.0   0.0    8   7328   4866   0.00E
13:50:14  23.1   0.0  31.4  45.5   0.0    5  10896   7382   0.00E
13:50:15  22.2   0.0  25.8  51.8   0.3    7  12710   9786   0.00E
13:50:15  26.1   0.0  31.9  42.0   0.0    6  12636   7804   0.00E
  Time    User  Nice   Sys  Idle    IO  Run Ctxt/s  IRQ/s  Watts
13:50:16  15.9   0.0  24.7  59.4   0.0    6   5100   3324   0.00E
13:50:16  22.2   0.0  28.2  49.4   0.3    6   2816   2746   0.00E
13:50:17  25.7   0.0  22.7  51.6   0.0    7   3164   2766   0.00E
13:50:17  31.5   0.0  30.7  37.8   0.0    8   2390   2608   0.00E
13:50:18  28.6   0.0  22.8  48.6   0.0    6   3526   3090   0.00E
13:50:18  30.9   0.0  28.9  40.2   0.0    9   2846   2854   0.00E
13:50:19  30.2   0.0  26.2  43.6   0.0    5   3358   3028   0.00E
13:50:19  31.5   0.0  26.2  42.3   0.0    8   2672   2782   0.00E
13:50:20  29.9   0.0  26.9  43.1   0.0    5   3176   2902   0.00E
13:50:20  29.6   0.0  26.1  44.2   0.0    5   2822   2858   0.00E
13:50:21  29.6   0.0  29.8  40.4   0.3    4   3224   3006   0.00E
13:50:21  27.1   0.0  28.4  44.2   0.3    5   2540   2808   0.00E
13:50:22  33.3   0.0  27.5  39.1   0.0    3   3154   2914   0.00E
13:50:22  29.0   0.0  25.9  45.1   0.0    5   2684   2772   0.00E
13:50:23  31.4   0.0  27.4  41.2   0.0    6   2758   2862   0.00E
13:50:23  33.2   0.0  24.4  42.5   0.0    6   3074   3562   0.00E
13:50:24  32.9   0.0  24.6  42.5   0.0    6   3180   2932   0.00E
13:50:24  31.8   0.0  26.5  41.8   0.0    3   2546   2700   0.00E
13:50:25  30.5   0.0  26.0  43.5   0.0    5   2896   2826   0.00E
13:50:25  30.2   0.0  29.1  40.7   0.0    5   2646   2716   0.00E
13:50:26  31.0   0.0  26.4  42.6   0.0    3   3280   3008   0.00E
13:50:26  28.8   0.0  29.2  41.8   0.2    4   2862   2912   0.00E
13:50:27  29.7   0.0  28.5  41.8   0.0    4   2910   2962   0.00E
  Time    User  Nice   Sys  Idle    IO  Run Ctxt/s  IRQ/s  Watts
13:50:27  30.1   0.0  27.6  42.4   0.0    6   2754   2760   0.00E
13:50:28  29.7   0.0  27.7  42.6   0.0    5   3100   3010   0.00E
13:50:28  30.9   0.0  26.1  43.0   0.0    3   2728   2740   0.00E
13:50:29  30.9   0.0  24.1  45.0   0.0    6   2934   3046   0.00E
13:50:29  32.8   0.0  29.6  37.3   0.3    2   3316   2936   0.00E
13:50:30  17.7   0.0  24.3  58.0   0.0    4   4088   3132   0.00E
13:50:30  20.8   0.0  28.9  50.4   0.0    7   3102   2880   0.00E
13:50:31  17.7   0.0  23.2  59.1   0.0    6   3138   2840   0.00E
13:50:31  20.7   0.0  29.2  50.1   0.0    6   3562   2902   0.00E
13:50:32  19.2   0.0  24.8  55.9   0.0    3   3386   3012   0.00E
13:50:32  20.9   0.0  27.2  51.9   0.0    5   2924   2790   0.00E
13:50:33  25.4   0.0  24.9  49.4   0.3    6   3354   2914   0.00E
13:50:33  32.2   0.0  26.7  41.1   0.0    7   2668   2730   0.00E
13:50:34  30.0   0.0  25.7  44.3   0.0    7   2764   2904   0.00E
13:50:34  30.8   0.0  28.8  40.4   0.0    7   2390   2572   0.00E
13:50:35  31.6   0.0  24.6  43.8   0.0    6   3520   2946   0.00E
13:50:35  31.8   0.0  26.3  41.9   0.0    8   2610   2732   0.00E
13:50:36  22.7   0.0  26.9  50.4   0.0    7   3072   2730   0.00E
13:50:36  18.8   0.0  27.4  53.8   0.0    7   3692   2674   0.00E
13:50:37  16.7   0.0  27.0  56.3   0.0    7   2824   2622   0.00E
13:50:37  20.1   0.0  24.8  55.1   0.0    8   2802   2582   0.00E
13:50:38  19.0   0.0  27.0  54.0   0.0    5   3440   2940   0.00E
13:50:38  17.6   0.0  24.4  57.9   0.0    8   2672   2616   0.00E
  Time    User  Nice   Sys  Idle    IO  Run Ctxt/s  IRQ/s  Watts
13:50:39  17.8   0.0  30.3  51.9   0.0    5   2904   2714   0.00E
13:50:39  15.5   0.0  23.3  61.2   0.0    6   2404   2498   0.00E
13:50:40  20.2   0.0  30.2  49.6   0.0    5   2856   2782   0.00E
13:50:40  17.3   0.0  24.1  58.3   0.3    4   3858   4078   0.00E
13:50:41  20.8   0.0  30.1  49.1   0.0    5   3134   2950   0.00E
13:50:41  18.4   0.0  22.7  58.8   0.0    4   3378   3180   0.00E
13:50:42  22.6   0.0  28.8  48.6   0.0    6   3532   3032   0.00E
13:50:42  16.2   0.0  24.8  58.8   0.2    4   2336   2520   0.00E
13:50:43  19.6   0.0  29.6  50.8   0.0    4   2978   2772   0.00E
13:50:43  17.4   0.0  24.4  58.2   0.0    4   2678   2576   0.00E
13:50:44  20.4   0.0  28.9  50.8   0.0    5   3468   3040   0.00E
13:50:44  19.5   0.0  23.1  57.4   0.0    4   2820   2718   0.00E
13:50:45  19.9   0.0  28.0  52.1   0.0    4   2496   2782   0.00E
13:50:45  20.6   0.0  24.1  55.0   0.3    2   4652   3058   0.00E
13:50:46  19.4   0.0  28.7  51.9   0.0    4   3056   2994   0.00E
13:50:46  18.1   0.0  25.9  55.9   0.0    2   2892   2612   0.00E
13:50:47  19.3   0.0  28.1  52.6   0.0    4   2718   2720   0.00E
13:50:47  18.4   0.0  26.0  55.6   0.0    2   3492   2858   0.00E
13:50:48  18.8   0.0  29.2  52.0   0.0    3   3252   2946   0.00E
13:50:48  19.6   0.0  24.9  55.2   0.3    2   2852   2788   0.00E
13:50:49  17.8   0.0  26.9  55.3   0.0    3   3210   2926   0.00E
13:50:49  18.3   0.0  27.1  54.5   0.0    3   2338   2476   0.00E
13:50:50  18.0   0.0  25.8  56.2   0.0    5   3282   2926   0.00E
  Time    User  Nice   Sys  Idle    IO  Run Ctxt/s  IRQ/s  Watts
13:50:50  19.6   0.0  28.4  52.0   0.0    3   3392   2846   0.00E
13:50:51  17.5   0.0  27.3  54.9   0.3    6   3094   2820   0.00E
13:50:51  19.1   0.0  27.5  53.4   0.0    4   2854   2876   0.00E
13:50:52  18.6   0.0  27.1  54.3   0.0    3   3482   2948   0.00E
13:50:52  19.8   0.0  26.0  54.0   0.2    5   3004   2872   0.00E
13:50:53  19.6   0.0  27.0  53.4   0.0    4   3066   2882   0.00E
13:50:53  18.0   0.0  26.2  55.8   0.0    4   2870   2570   0.00E
13:50:54  17.9   0.0  28.5  53.5   0.0    5   3340   2876   0.00E
13:50:54  19.1   0.0  24.9  56.0   0.0    4   2506   2518   0.00E
13:50:55  18.9   0.0  25.9  54.9   0.3    6   2630   2788   0.00E
13:50:55  16.0   0.0  28.1  55.9   0.0    5   2742   2734   0.00E
13:50:56  18.5   0.0  25.8  55.6   0.0    6   2798   2794   0.00E
13:50:56  17.8   0.0  26.9  55.3   0.0    5   2388   2496   0.00E
13:50:57  18.6   0.0  25.9  55.5   0.0    6   2870   2654   0.00E
13:50:57  17.7   0.0  28.0  54.3   0.0    5   2738   2612   0.00E
13:50:58  19.2   0.0  24.2  56.5   0.0    6   3482   3002   0.00E
13:50:58  17.7   0.0  28.0  54.3   0.0    7   2750   2676   0.00E
13:50:59  18.4   0.0  25.8  53.3   2.5    9   6392   3810   0.00E
13:50:59  19.6   0.0  27.0  53.4   0.0    8   3540   2902   0.00E
13:51:00  19.8   0.0  25.9  54.3   0.0   16   3916   3010   0.00E
13:51:00  30.4   0.0  27.9  41.7   0.0    9   3338   2932   0.00E
13:51:01  29.3   0.0  27.1  43.6   0.0   10   2996   2910   0.00E
13:51:01  31.3   0.0  27.0  41.7   0.0    6   2954   2796   0.00E
  Time    User  Nice   Sys  Idle    IO  Run Ctxt/s  IRQ/s  Watts
13:51:02  30.4   0.0  26.4  43.0   0.3    7   3282   2896   0.00E
13:51:02  31.0   0.0  27.5  41.6   0.0    6   2980   2804   0.00E
13:51:03  30.1   0.0  26.3  43.7   0.0    8   3390   3026   0.00E
13:51:03  32.5   0.0  28.8  38.8   0.0    6   2684   2704   0.00E
13:51:04  29.9   0.0  25.6  44.4   0.0    5   3472   3060   0.00E
13:51:04  30.8   0.0  29.0  40.2   0.0    6   2756   2756   0.00E
13:51:05  29.2   0.0  27.0  43.5   0.2    6   3410   3074   0.00E
13:51:05  31.4   0.0  28.4  40.2   0.0    7   3016   2816   0.00E
13:51:06  31.7   0.0  25.4  43.0   0.0    4   3722   3214   0.00E
13:51:06  32.1   0.0  26.6  41.1   0.3    5   2714   2770   0.00E
13:51:07  30.2   0.0  26.9  43.0   0.0    4   2586   2818   0.00E
13:51:07  32.2   0.0  28.0  39.8   0.0    6   3744   3116   0.00E
13:51:08  33.5   0.0  25.4  41.1   0.0    4   3562   3106   0.00E
13:51:08  31.5   0.0  25.4  43.1   0.0    4   2890   2880   0.00E
13:51:09  30.9   0.0  27.9  40.9   0.2    4   3110   3154   0.00E
13:51:09  29.6   0.0  27.9  42.5   0.0    4   2916   2882   0.00E
13:51:10  29.3   0.0  28.5  42.2   0.0    4   3030   2976   0.00E
13:51:10  32.0   0.0  26.8  41.2   0.0    4   2756   2876   0.00E
13:51:11  32.1   0.0  26.3  41.6   0.0    5   3258   3040   0.00E
13:51:11  32.8   0.0  26.3  40.9   0.0    3   2476   2838   0.00E
13:51:12  29.4   0.0  26.6  44.0   0.0    4   2972   2886   0.00E
13:51:12  31.3   0.0  29.8  38.9   0.0    3   2512   2756   0.00E
13:51:13  29.4   0.0  26.1  44.2   0.3    5   3210   3148   0.00E
  Time    User  Nice   Sys  Idle    IO  Run Ctxt/s  IRQ/s  Watts
13:51:13  34.4   0.0  28.9  36.7   0.0    5   4306   3024   0.00E
13:51:14  21.9   0.0  24.7  53.4   0.0    4   2936   2944   0.00E
13:51:14  19.8   0.0  29.1  51.1   0.0    3   2616   2656   0.00E
13:51:15  18.5   0.0  24.1  57.4   0.0    4   3044   2588   0.00E
13:51:15  16.0   0.0  31.8  52.1   0.0    5   2584   2584   0.00E
13:51:16  28.1   0.0  23.3  48.4   0.3    6   2646   2634   0.00E
13:51:16  32.6   0.0  30.3  37.1   0.0    7   3000   2660   0.00E
13:51:17  26.9   0.0  25.9  47.2   0.0    6   2744   2634   0.00E
13:51:17  33.7   0.0  30.7  35.7   0.0    7   2566   2770   0.00E
13:51:18  28.9   0.0  24.6  46.5   0.0    6   2740   2864   0.00E
13:51:18  31.3   0.0  28.6  40.1   0.0    9   2428   2788   0.00E
13:51:19  29.9   0.0  25.6  44.5   0.0   10   2956   2832   0.00E
13:51:19  23.1   0.0  26.1  50.8   0.0    7   2598   2596   0.00E
13:51:20  18.3   0.0  25.4  56.3   0.0    7   2866   2582   0.00E
13:51:20  30.9   0.0  27.2  41.9   0.0    8   3120   2754   0.00E
13:51:21  31.3   0.0  25.3  43.1   0.3    6   2948   2832   0.00E
13:51:21  32.3   0.0  26.1  41.6   0.0   14   2610   2688   0.00E
13:51:22  30.4   0.0  27.6  42.0   0.0    6   3018   2856   0.00E
13:51:22  28.0   0.0  26.8  45.2   0.0    9   2266   2544   0.00E
13:51:23  25.8   0.0  29.3  44.9   0.0    4   2894   2708   0.00E
13:51:23  29.0   0.0  24.2  46.3   0.5    8   3236   2766   0.00E
13:51:24  32.2   0.0  30.2  37.7   0.0    5   3056   2982   0.00E
13:51:24  16.3   0.0  24.6  59.0   0.0    5   2978   2598   0.00E
  Time    User  Nice   Sys  Idle    IO  Run Ctxt/s  IRQ/s  Watts
13:51:25  18.9   0.0  31.7  49.4   0.0    4   2696   2776   0.00E
13:51:25  14.8   0.0  24.9  60.3   0.0    5   2730   2576   0.00E
13:51:26  19.8   0.0  31.9  48.2   0.0    4   2890   2744   0.00E
13:51:26  16.3   0.0  22.4  61.3   0.0    4   2516   2438   0.00E
13:51:27  20.8   0.0  31.3  47.9   0.0    4   2884   2764   0.00E
13:51:27  15.6   0.0  23.7  60.7   0.0    2   3424   2672   0.00E
13:51:28  21.1   0.0  30.9  48.0   0.0    4   3360   2980   0.00E
13:51:28  15.9   0.0  24.4  59.4   0.3    2   2744   2760   0.00E
13:51:29  16.8   0.0  31.9  51.3   0.0    4   2774   2762   0.00E
13:51:29  17.2   0.0  25.8  57.0   0.0    3   3248   2662   0.00E
13:51:30  21.9   0.0  29.2  48.9   0.0    3   4070   3144   0.00E
13:51:30  15.9   0.0  26.0  58.1   0.0    3   2914   2642   0.00E
13:51:31  20.1   0.0  29.6  50.0   0.3    3   3554   2948   0.00E
13:51:31  17.1   0.0  25.4  57.4   0.0    2   3626   2856   0.00E
13:51:32  19.2   0.0  30.3  50.5   0.0    4   3272   2892   0.00E
13:51:32  17.5   0.0  25.5  57.0   0.0    2   2826   2782   0.00E
13:51:33  17.9   0.0  30.6  51.5   0.0    3   3354   2928   0.00E
13:51:33  18.8   0.0  25.3  55.9   0.0    4   2722   2578   0.00E
13:51:34  19.6   0.0  28.7  51.6   0.0    2   3174   2848   0.00E
13:51:34  17.4   0.0  25.3  57.3   0.0    4   2818   2674   0.00E
13:51:35  20.9   0.0  28.0  50.9   0.3    2   3322   2868   0.00E
13:51:35  17.1   0.0  25.4  57.5   0.0    3   2914   2664   0.00E
13:51:36  21.1   0.0  27.9  51.0   0.0    4   3170   2828   0.00E
  Time    User  Nice   Sys  Idle    IO  Run Ctxt/s  IRQ/s  Watts
13:51:36  15.0   0.0  28.7  56.1   0.2    4   2520   2694   0.00E
13:51:37  18.6   0.0  27.7  53.7   0.0    6   2786   2652   0.00E
13:51:37  18.4   0.0  25.9  55.7   0.0    5   3532   2726   0.00E
13:51:38  26.9   0.0  26.9  46.2   0.0    7   3270   2868   0.00E
13:51:38  31.2   0.0  26.9  41.7   0.3    6   2978   2880   0.00E
13:51:39  35.5   0.0  26.7  37.8   0.0    6   3296   2960   0.00E
13:51:39  30.8   0.0  26.5  42.8   0.0    7   2766   2814   0.00E
13:51:40  30.9   0.0  27.4  41.7   0.0    7   2532   2642   0.00E
13:51:40  30.7   0.0  24.7  44.6   0.0    7   2404   2672   0.00E
13:51:41  31.5   0.0  27.2  41.3   0.0    8   2904   2780   0.00E
13:51:41  31.8   0.0  26.1  41.9   0.3    8   2500   2750   0.00E
13:51:42  30.2   0.0  26.7  43.1   0.0    8   2730   2672   0.00E
13:51:42  29.2   0.0  26.7  44.1   0.0    8   2306   2632   0.00E
13:51:43  32.4   0.0  26.1  41.5   0.0    7   3244   2892   0.00E
13:51:43  33.2   0.0  26.4  40.1   0.2    6   3208   2878   0.00E
13:51:44  30.2   0.0  27.7  42.1   0.0    9   3046   2812   0.00E
13:51:44  29.8   0.0  28.6  41.6   0.0    5   2642   2770   0.00E
13:51:45  28.2   0.0  26.7  45.1   0.0    7   3606   2900   0.00E
13:51:45  19.0   0.0  31.2  49.9   0.0    5   4624   3054   0.00E
13:51:46  15.4   0.0  26.7  57.9   0.0    6   3028   2710   0.00E
13:51:46  20.1   0.0  28.4  51.5   0.0    5   2470   2532   0.00E
13:51:47  16.2   0.0  26.5  57.0   0.2    4   2820   2624   0.00E
13:51:47  18.6   0.0  29.1  52.3   0.0    5   2900   2728   0.00E
  Time    User  Nice   Sys  Idle    IO  Run Ctxt/s  IRQ/s  Watts
13:51:48  19.1   0.0  25.4  55.4   0.0    7   4134   2996   0.00E
13:51:48  19.9   0.0  27.0  53.1   0.0    4   2990   2758   0.00E
13:51:49  16.7   0.0  26.8  56.6   0.0    8   3068   2908   0.00E
13:51:49  18.3   0.0  30.1  51.4   0.3    3   3018   2620   0.00E
13:51:50  19.5   0.0  24.3  56.1   0.0    3   3066   2912   0.00E
13:51:50  19.1   0.0  30.5  50.1   0.3    4   3272   2948   0.00E
13:51:51  16.2   0.0  25.8  58.1   0.0    3   2874   2836   0.00E
13:51:51  19.5   0.0  30.6  49.9   0.0    3   2590   2762   0.00E
13:51:52  17.1   0.0  26.7  56.2   0.0    3   3444   2940   0.00E
13:51:52  20.4   0.0  28.4  51.1   0.0    4   2990   2736   0.00E
13:51:53  17.8   0.0  25.6  56.6   0.0    3   3180   2830   0.00E
13:51:53  20.2   0.0  29.7  50.1   0.0    2   3202   2770   0.00E
13:51:54  15.2   0.0  27.0  57.8   0.0    2   2822   2776   0.00E
13:51:54  18.8   0.0  30.2  50.8   0.3    3   2728   2828   0.00E
13:51:55  17.7   0.0  25.1  57.2   0.0    2   2890   2844   0.00E
13:51:55  20.2   0.0  28.5  51.4   0.0    2   2970   2728   0.00E
13:51:56  18.2   0.0  25.8  56.0   0.0    4   3222   3020   0.00E
13:51:56  21.1   0.0  27.6  51.3   0.0    3   3552   2744   0.00E
13:51:57  17.8   0.0  25.1  56.9   0.3    4   2966   2870   0.00E
13:51:57  19.9   0.0  30.0  50.1   0.0    3   2998   2770   0.00E
13:51:58  17.2   0.0  24.2  58.6   0.0    4   3532   3030   0.00E
13:51:58  21.3   0.0  28.8  49.9   0.0    5   2588   2636   0.00E
13:51:59  16.1   0.0  24.2  57.4   2.3    5   6092   3866   0.00E
  Time    User  Nice   Sys  Idle    IO  Run Ctxt/s  IRQ/s  Watts
13:51:59  21.6   0.0  29.3  49.1   0.0    6   3318   3238   0.00E
13:52:00  17.6   0.0  25.4  57.0   0.0    5   3482   2920   0.00E
13:52:00  32.1   0.0  29.3  38.6   0.0   10   3698   2996   0.00E
13:52:01  30.9   0.0  24.6  44.2   0.3    6   3238   2962   0.00E
13:52:01  31.5   0.0  28.2  40.3   0.0    7   2818   2928   0.00E
13:52:02  29.1   0.0  25.9  45.0   0.0    7   2822   2810   0.00E
13:52:02  31.8   0.0  27.1  41.1   0.0   11   2942   2792   0.00E
13:52:03  31.3   0.0  25.6  43.1   0.0    8   3496   3070   0.00E
13:52:03  29.8   0.0  28.6  41.4   0.3    8   2716   2790   0.00E
13:52:04  30.7   0.0  25.2  44.1   0.0    7   4758   3790   0.00E
13:52:04  32.2   0.0  25.1  42.7   0.0    8   2702   2732   0.00E
13:52:05  30.1   0.0  26.8  43.1   0.0    7   3204   3062   0.00E
13:52:05  31.9   0.0  26.7  41.4   0.0    8   2838   2734   0.00E
13:52:06  32.4   0.0  26.8  40.8   0.0    5   3554   3092   0.00E
13:52:06  30.9   0.0  27.1  42.0   0.0    8   2562   2708   0.00E
13:52:07  33.6   0.0  28.3  38.1   0.0    5   3208   2908   0.00E
13:52:07  30.2   0.0  25.5  44.2   0.0    7   3340   2834   0.00E
13:52:08  32.9   0.0  29.1  37.9   0.0    5   3366   2992   0.00E
13:52:08  28.4   0.0  24.1  47.3   0.2    7   2722   2780   0.00E
13:52:09  31.3   0.0  32.1  36.6   0.0    6   4702   3740   0.00E
13:52:09  26.8   0.0  24.8  48.4   0.0    6   3198   2938   0.00E
13:52:10  30.2   0.0  33.8  36.0   0.0    6   3060   2856   0.00E
13:52:10  28.5   0.0  23.4  48.1   0.0    4   2642   2710   0.00E
  Time    User  Nice   Sys  Idle    IO  Run Ctxt/s  IRQ/s  Watts
13:52:11  34.2   0.0  30.2  35.7   0.0    6   3008   2902   0.00E
13:52:11  28.3   0.0  25.3  46.5   0.0    4   2980   2706   0.00E
13:52:12  31.6   0.0  30.9  37.5   0.0    4   3204   2964   0.00E
13:52:12  28.6   0.0  26.1  45.4   0.0    4   2726   2744   0.00E
13:52:13  31.2   0.0  29.9  38.9   0.0    4   2666   2854   0.00E
13:52:13  29.5   0.0  26.7  43.8   0.0    5   2684   2678   0.00E
13:52:14  32.8   0.0  29.3  37.9   0.0    4   3108   3018   0.00E
13:52:14  28.6   0.0  25.4  45.7   0.3    4   2442   2798   0.00E
13:52:15  33.7   0.0  31.2  35.2   0.0    4   2886   3238   0.00E
13:52:15  30.7   0.0  24.9  44.5   0.0    4   3112   2872   0.00E
13:52:16  33.2   0.0  30.2  36.5   0.0    4   3430   5222   0.00E
13:52:16  32.9   0.0  24.6  42.5   0.0    3   3064   3530   0.00E
13:52:17  33.8   0.0  27.5  38.8   0.0    4   2954   2968   0.00E
13:52:17  28.4   0.0  26.6  45.0   0.0   11   2614   2730   0.00E
13:52:18  19.9   0.0  29.0  50.8   0.3    4   3676   3026   0.00E
13:52:18  18.8   0.0  25.6  55.5   0.0    5   2720   2558   0.00E
13:52:19  19.8   0.0  27.9  52.3   0.0    3   3012   2938   0.00E
13:52:19  18.3   0.0  26.3  55.4   0.0    4   2546   2566   0.00E
13:52:20  19.3   0.0  27.4  53.3   0.0    4   3372   2902   0.00E
13:52:20  19.6   0.0  25.9  54.5   0.0    6   3260   2800   0.00E
13:52:21  21.4   0.0  24.9  53.5   0.3    5   3070   2812   0.00E
13:52:21  19.6   0.0  23.9  56.5   0.0    5   2456   2482   0.00E
13:52:22  17.1   0.0  30.2  52.8   0.0    5   3076   2792   0.00E
  Time    User  Nice   Sys  Idle    IO  Run Ctxt/s  IRQ/s  Watts
13:52:22  27.3   0.0  26.5  46.2   0.0    5   3270   2932   0.00E
13:52:23  30.8   0.0  28.1  41.1   0.0    7   3086   2908   0.00E
13:52:23  18.3   0.0  27.8  53.9   0.0    7   2588   2736   0.00E
13:52:24  19.8   0.0  25.1  55.0   0.0    7   2706   2794   0.00E
13:52:24  16.1   0.0  27.7  56.2   0.0    7   2850   2648   0.00E
13:52:25  17.2   0.0  28.0  54.8   0.0    7   2888   2684   0.00E
13:52:25  16.1   0.0  27.1  56.5   0.3    8   2718   2636   0.00E
13:52:26  18.8   0.0  26.9  54.3   0.0    7   2642   2656   0.00E
13:52:26  17.3   0.0  25.3  57.4   0.0    7   3144   2646   0.00E
13:52:27  20.5   0.0  28.0  51.2   0.2    6   3576   2884   0.00E
13:52:27  18.0   0.0  25.1  56.9   0.0    7   2842   2638   0.00E
13:52:28  18.1   0.0  28.6  53.3   0.0    6   3490   2870   0.00E
13:52:28  17.1   0.0  27.7  55.2   0.0    4   2934   2616   0.00E
13:52:29  18.2   0.0  27.8  54.0   0.0    6   3468   2876   0.00E
13:52:29  18.6   0.0  27.1  54.3   0.0    4   3058   2742   0.00E
13:52:30  16.4   0.0  27.2  56.4   0.0    6   3256   2834   0.00E
13:52:30  27.4   0.0  27.6  44.7   0.3    5   3366   2956   0.00E
13:52:31  30.7   0.0  26.2  43.1   0.0    6   3214   2994   0.00E
13:52:31  31.1   0.0  28.8  40.1   0.0    5   3002   2900   0.00E
13:52:32  31.2   0.0  25.2  43.6   0.0    6   3314   2948   0.00E
13:52:32  33.1   0.0  29.6  37.3   0.0    5   3462   3040   0.00E
13:52:33  15.0   0.0   2.8  82.2   0.0    2   3850   2726   0.00E
13:52:33  13.1   0.0   0.0  86.9   0.0    2   2336   1592   0.00E
  Time    User  Nice   Sys  Idle    IO  Run Ctxt/s  IRQ/s  Watts
13:52:34  13.2   0.0   0.3  86.6   0.0    7   2776   1822   0.00E
13:52:34  13.6   0.0   0.3  86.1   0.0    2   2600   1690   0.00E
13:52:35  13.1   0.0   0.3  86.6   0.0    2   2452   2006   0.00E
13:52:35  13.4   0.0   0.0  86.4   0.3    2   2414   4526   0.00E
13:52:36  13.5   0.0   0.3  86.3   0.0    2   3190   5214   0.00E
13:52:36  13.4   0.0   0.0  86.6   0.0    2   2492   4772   0.00E
13:52:37  13.5   0.0   0.3  86.3   0.0    2   2846   5164   0.00E
13:52:37  13.4   0.0   0.0  86.6   0.0    2   2240   5078   0.00E
13:52:38  13.6   0.0   0.3  85.9   0.3    2   3044   5708   0.00E
13:52:38  13.2   0.0   0.0  86.8   0.0    2   2220   4582   0.00E
13:52:39   2.3   0.0   1.0  96.7   0.0    1   3118   2016   0.00E
13:52:39   2.8   0.0   0.3  97.0   0.0    1   2430   1646   0.00E
13:52:40   5.8   0.0   0.8  93.2   0.3    1   3806   2046   0.00E
13:52:40   2.6   0.0   0.5  96.9   0.0    1   2736   1662   0.00E
13:52:41   1.5   0.0   0.8  97.7   0.0    1   2612   1816   0.00E
13:52:41   1.8   0.0   0.5  97.7   0.0    1   2260   1530   0.00E
13:52:42   2.0   0.0   1.3  96.4   0.3    1   3096   1740   0.00E
13:52:42   2.3   0.0   0.3  97.5   0.0    1   2190   1398   0.00E
13:52:43   2.8   0.0   2.0  95.2   0.0    1   5026   2592   0.00E
13:52:43   0.5   0.0   0.5  99.0   0.0    1   2216   1562   0.00E
13:52:44   1.5   0.0   1.3  97.2   0.0    1   2702   1768   0.00E
13:52:44  11.2   0.0   0.3  88.3   0.3    2   3306   2146   0.00E
13:52:45   8.1   0.0   1.3  90.7   0.0    1   2414   1862   0.00E
  Time    User  Nice   Sys  Idle    IO  Run Ctxt/s  IRQ/s  Watts
13:52:45   5.1   0.0   1.5  93.4   0.0    1   4454   2096   0.00E
13:52:46   1.0   0.0   1.5  97.5   0.0    1   2878   1846   0.00E
13:52:46   1.3   0.0   0.0  98.5   0.3    1   2434   1590   0.00E
13:52:47   9.9   0.0   0.5  89.6   0.0    2   2758   2018   0.00E
13:52:47   7.3   0.0   0.5  92.2   0.0    1   2502   1680   0.00E
13:52:48   2.3   0.0   0.5  97.2   0.0    1   3052   1778   0.00E
13:52:48   1.5   0.0   0.5  97.7   0.3    1   2222   1382   0.00E
13:52:49   3.0   0.0   1.0  95.9   0.0    1   2884   1760   0.00E
13:52:49   1.0   0.0   0.0  99.0   0.0    1   1890   1270   0.00E
13:52:50   1.3   0.0   1.0  97.7   0.0    1   2700   1620   0.00E
13:52:50   2.5   0.0   0.8  96.4   0.3    1   2766   1752   0.00E
13:52:51   1.3   0.0   1.3  97.5   0.0    1   2448   1680   0.00E
13:52:51   4.1   0.0   0.5  95.4   0.0    1   2828   2000   0.00E
13:52:52   1.5   0.0   1.5  97.0   0.0    1   2518   1610   0.00E
13:52:52   2.0   0.0   0.8  97.2   0.0    1   2134   1324   0.00E
13:52:53  34.0   0.0  38.5  27.5   0.0    8   3710   4744   0.00E
13:52:53  35.0   0.0  33.8  31.2   0.0    7   2866   5158   0.00E
13:52:54  38.9   0.0  41.9  19.0   0.2    9   3618   6212   0.00E
13:52:54  36.7   0.0  37.2  26.1   0.0    4   2818   5900   0.00E
13:52:55  36.4   0.0  37.7  25.9   0.0    8   2806   5990   0.00E
13:52:55  42.1   0.0  37.0  20.9   0.0    7   2736   5980   0.00E
13:52:56  37.8   0.0  34.0  28.2   0.0    8   3128   5910   0.00E
13:52:56  36.6   0.0  39.6  23.6   0.3    8   2932   5938   0.00E
  Time    User  Nice   Sys  Idle    IO  Run Ctxt/s  IRQ/s  Watts
13:52:57  34.9   0.0  39.9  25.1   0.0    6   2928   6058   0.00E
13:52:57  36.3   0.0  40.3  23.4   0.0    7   3124   5936   0.00E
13:52:58  37.2   0.0  36.9  25.9   0.0    6   3590   6000   0.00E
13:52:58  41.1   0.0  37.3  21.3   0.3    7   2378   5996   0.00E
13:52:59  36.5   0.0  38.5  23.4   1.5    5   5938   7048   0.00E
13:52:59  37.3   0.0  40.1  22.6   0.0    9   3494   6628   0.00E
13:53:00  40.7   0.0  37.4  21.9   0.0    7   3886   6228   0.00E
13:53:00  36.9   0.0  35.2  27.9   0.0    8   3308   5514   0.00E
13:53:01  42.5   0.0  38.4  19.1   0.0   10   3254   6012   0.00E
13:53:01  38.7   0.0  33.7  27.6   0.0    6   2932   5698   0.00E
13:53:02  39.1   0.0  38.1  22.6   0.2    9   3576   6476   0.00E
13:53:02  39.2   0.0  38.0  22.8   0.0   10   3120   5926   0.00E
13:53:03  39.8   0.0  33.3  26.8   0.0    8   3356   5742   0.00E
13:53:03  41.4   0.0  40.4  18.2   0.0   12   2838   6632   0.00E
13:53:04  37.9   0.0  36.9  24.9   0.2    7   3416   6102   0.00E
13:53:04  39.3   0.0  39.8  20.9   0.0    8   2338   6454   0.00E
13:53:05  37.5   0.0  36.5  26.0   0.0    7   3176   6092   0.00E
13:53:05  37.1   0.0  41.1  21.8   0.0    7   2616   5900   0.00E
13:53:06  39.2   0.0  33.7  27.1   0.0    7   3204   5996   0.00E
13:53:06  40.2   0.0  37.4  22.4   0.0    9   2554   6116   0.00E
13:53:07  38.3   0.0  36.1  25.6   0.0    5   2648   5590   0.00E
13:53:07  37.2   0.0  35.7  27.1   0.0   10   3120   6122   0.00E
13:53:08  38.6   0.0  42.9  18.5   0.0    8   3518   7518   0.00E
  Time    User  Nice   Sys  Idle    IO  Run Ctxt/s  IRQ/s  Watts
13:53:08  34.2   0.0  34.9  30.9   0.0    6   2368   5598   0.00E
13:53:09  39.2   0.0  41.1  19.7   0.0    7   3242   5932   0.00E
13:53:09  37.7   0.0  36.4  25.6   0.3    5   2686   6100   0.00E
13:53:10  39.0   0.0  37.2  23.8   0.0    9   2986   5958   0.00E
13:53:10  41.1   0.0  38.8  20.2   0.0    5   2558   4360   0.00E
13:53:11  35.1   0.0  37.4  27.5   0.0    7   3056   4320   0.00E
13:53:11  40.4   0.0  41.4  18.3   0.0    7   2484   4192   0.00E
13:53:12  39.6   0.0  32.6  27.8   0.0    8   4002   4496   0.00E
13:53:12  41.0   0.0  39.2  19.8   0.0    8   2518   4078   0.00E
13:53:13  34.4   0.0  35.2  30.4   0.0    7   2994   3992   0.00E
13:53:13  36.8   0.0  43.6  19.5   0.0    9   2368   3972   0.00E
13:53:14  35.5   0.0  37.3  27.2   0.0    6   2966   4220   0.00E
13:53:14  40.2   0.0  36.5  23.2   0.0    8   2476   3950   0.00E
13:53:15  40.7   0.0  39.9  19.3   0.0    5   3082   4260   0.00E
13:53:15  35.8   0.0  33.8  30.3   0.0    9   2484   3948   0.00E
13:53:16  42.6   0.0  39.8  17.5   0.0    9   2970   4294   0.00E
13:53:16  36.7   0.0  32.4  30.9   0.0    6   2726   3880   0.00E
13:53:17  43.5   0.0  35.0  21.5   0.0    7   2922   4178   0.00E
13:53:17  37.5   0.0  37.8  24.7   0.0    6   2828   4114   0.00E
13:53:18  41.9   0.0  34.8  23.3   0.0    7   2876   4268   0.00E
13:53:18  37.3   0.0  34.8  27.8   0.0    7   2382   4118   0.00E
13:53:19  38.3   0.0  40.4  21.3   0.0    8   3240   4286   0.00E
13:53:19  36.2   0.0  38.7  24.9   0.2    6   2686   4192   0.00E
  Time    User  Nice   Sys  Idle    IO  Run Ctxt/s  IRQ/s  Watts
13:53:20  35.7   0.0  40.7  23.6   0.0    8   3088   4276   0.00E
13:53:20  35.8   0.0  37.8  26.3   0.0    5   2440   4010   0.00E
13:53:21  35.7   0.0  40.5  23.9   0.0    8   2974   4100   0.00E
13:53:21  38.3   0.0  38.6  23.1   0.0    7   2546   3894   0.00E
13:53:22  40.5   0.0  33.5  25.8   0.2    6   3328   3978   0.00E
13:53:22  38.4   0.0  41.7  19.8   0.0    7   2340   3908   0.00E
13:53:23  35.0   0.0  40.0  25.0   0.0    9   3212   3886   0.00E
13:53:23  39.8   0.0  38.3  21.9   0.0    7   2334   3750   0.00E
13:53:24  38.3   0.0  32.0  29.7   0.0    8   3154   3890   0.00E
13:53:24  43.7   0.0  37.9  18.3   0.0    9   2678   3606   0.00E
13:53:25  37.5   0.0  32.2  30.2   0.0    7   3020   3424   0.00E
13:53:25  42.0   0.0  38.2  19.8   0.0    7   2420   3588   0.00E
13:53:26  40.2   0.0  35.1  24.7   0.0    5   3026   3696   0.00E
13:53:26  42.6   0.0  33.8  23.6   0.0    7   2278   3590   0.00E
13:53:27  41.0   0.0  31.7  27.4   0.0    6   2796   3536   0.00E
13:53:27  39.4   0.0  39.2  21.4   0.0    6   3118   3772   0.00E
13:53:28  42.1   0.0  33.5  24.4   0.0    5   3076   3762   0.00E
13:53:28  43.4   0.0  34.3  22.2   0.0    9   2644   3666   0.00E
13:53:29  38.8   0.0  39.3  21.9   0.0    6   2796   3738   0.00E
13:53:29  39.6   0.0  32.3  27.8   0.3    9   3504   3754   0.00E
13:53:30  47.7   0.0  34.4  17.8   0.0   10   4074   4100   0.00E
13:53:30  39.3   0.0  28.0  32.7   0.0    9   2796   3444   0.00E
13:53:31  43.7   0.0  38.7  17.6   0.0    8   3342   3846   0.00E
  Time    User  Nice   Sys  Idle    IO  Run Ctxt/s  IRQ/s  Watts
13:53:31  40.3   0.0  32.2  27.5   0.0    7   3410   3750   0.00E
13:53:32  44.8   0.0  34.3  20.9   0.0    7   3046   3684   0.00E
13:53:32  40.5   0.0  33.7  25.9   0.0    6   3010   3618   0.00E
13:53:33  45.2   0.0  34.9  19.8   0.0    6   3524   3756   0.00E
13:53:33  41.3   0.0  33.5  25.2   0.0    6   2478   3574   0.00E
13:53:34  42.1   0.0  33.8  23.9   0.3    8   3408   3822   0.00E
13:53:34  42.6   0.0  35.3  22.1   0.0    6   2160   3436   0.00E
13:53:35  38.3   0.0  32.0  29.7   0.0    8   2962   3672   0.00E
13:53:35  38.6   0.0  40.9  20.6   0.0    9   2618   3668   0.00E
13:53:36  37.4   0.0  32.6  30.1   0.0    8   3224   3746   0.00E
13:53:36  30.6   0.0  35.8  33.6   0.0    8   2418   3704   0.00E
13:53:37  27.3   0.0  33.9  38.8   0.0    6   3156   3646   0.00E
13:53:37  27.3   0.0  38.8  33.8   0.0    7   2374   3742   0.00E
13:53:38  27.5   0.0  33.3  39.1   0.0    5   3446   3868   0.00E
13:53:38  24.7   0.0  41.3  34.0   0.0    5   2664   3866   0.00E
13:53:39  29.0   0.0  35.4  35.6   0.0    4   3382   4000   0.00E
13:53:39  25.6   0.0  36.7  37.7   0.0    7   2452   3700   0.00E
13:53:40  29.5   0.0  36.3  34.0   0.3    5   2990   4094   0.00E
13:53:40  26.4   0.0  31.7  42.0   0.0    7   3280   3722   0.00E
13:53:41  29.1   0.0  38.5  32.4   0.0    8   3012   3864   0.00E
13:53:41  25.7   0.0  31.2  43.1   0.0    6   2698   3560   0.00E
13:53:42  25.1   0.0  40.5  34.4   0.0    6   2898   4082   0.00E
13:53:42  24.5   0.0  35.5  39.8   0.2    6   2864   3818   0.00E
  Time    User  Nice   Sys  Idle    IO  Run Ctxt/s  IRQ/s  Watts
13:53:43  26.1   0.0  40.6  33.3   0.0    6   3148   4196   0.00E
13:53:43  23.3   0.0  36.3  40.4   0.0    5   2438   3930   0.00E
13:53:44  27.1   0.0  38.6  34.3   0.0    5   3314   4298   0.00E
13:53:44  37.3   0.0  38.3  24.1   0.3    6   5192   7932   0.00E
13:53:45  41.8   0.0  34.0  24.2   0.0    7   5764   8544   0.00E
13:53:45  42.3   0.0  42.6  15.1   0.0    8   8162   9934   0.00E
13:53:46  39.5   0.0  34.9  25.6   0.0   11  11172   6338   0.00E
13:53:46  39.6   0.0  42.9  17.3   0.3    9   4586   6096   0.00E
13:53:47  35.0   0.0  33.8  31.2   0.0    5   2974   4076   0.00E
13:53:47  41.6   0.0  38.2  20.2   0.0    8   4012   4582   0.00E
13:53:48  38.6   0.0  38.9  22.5   0.0    6   4550   4680   0.00E
13:53:48  36.8   0.0  40.2  23.0   0.0    6   3224   4326   0.00E
13:53:49  40.2   0.0  37.2  22.6   0.0    6   6758   8396   0.00E
13:53:49  41.8   0.0  39.1  19.2   0.0    6   8374   9926   0.00E
13:53:50  35.7   0.0  41.0  23.4   0.0    6   4444   6414   0.00E
13:53:50  35.3   0.0  38.5  26.2   0.0    8   3004   5614   0.00E
13:53:51  37.8   0.0  42.3  19.9   0.0    6   4904   5076   0.00E
13:53:51  36.4   0.0  33.1  30.6   0.0    8   5694   7248   0.00E
13:53:52  42.6   0.0  41.4  16.0   0.0   10   5748   8504   0.00E
13:53:52  41.4   0.0  33.8  24.9   0.0    6   8324   8540   0.00E
13:53:53  42.3   0.0  42.8  14.9   0.0    6   8646   9146   0.00E
13:53:53  42.4   0.0  36.3  21.3   0.0    6   7876   5174   0.00E
13:53:54  46.8   0.0  36.3  16.9   0.0    6   8338   8984   0.00E
  Time    User  Nice   Sys  Idle    IO  Run Ctxt/s  IRQ/s  Watts
13:53:54  46.4   0.0  36.3  17.3   0.0    7   9602  10542   0.00E
13:53:55  47.6   0.0  38.3  14.1   0.0    6  11034  10734   0.00E
13:53:55  44.1   0.0  37.1  18.5   0.3    6   8900  10512   0.00E
13:53:56  45.4   0.0  35.7  19.0   0.0    8  13384  10608   0.00E
13:53:56  49.7   0.0  37.2  13.1   0.0    9   9554   8010   0.00E
13:53:57  43.5   0.0  38.4  18.1   0.0    7   9132   5094   0.00E
13:53:57  44.7   0.0  37.6  17.7   0.0   14  10746   8230   0.00E
13:53:58  43.9   0.0  39.6  16.5   0.0    6   6978   6258   0.00E
13:53:58  44.1   0.0  35.6  20.1   0.3    7   9696   6798   0.00E
13:53:59  42.6   0.0  35.8  19.9   1.8    7   7004   5606   0.00E
13:53:59  47.0   0.0  39.4  13.6   0.0    5  13284  10146   0.00E
13:54:00  40.8   0.0  39.0  20.3   0.0    7   7752   5416   0.00E
13:54:00  43.6   0.0  38.3  18.0   0.0    8   8622   9826   0.00E
13:54:01  45.0   0.0  35.8  19.0   0.2    7   9636   8804   0.00E
13:54:01  54.5   0.0  32.4  13.1   0.0    9  11332  10762   0.00E
13:54:02  43.0   0.0  38.7  18.3   0.0    7   7950   7476   0.00E
13:54:02  45.6   0.0  35.0  19.4   0.0   11  10766   9352   0.00E
-------- ----- ----- ----- ----- ----- ---- ------ ------ ------ 
 Average  24.0   0.0  21.8  54.1   0.1  4.9 4127.2 3770.3  -N/A- 
 GeoMean  20.2   0.0   0.0   0.0   0.0  4.3 3625.3 3405.1   0.00 
  StdDev  10.3   0.0  11.6  20.4   0.2  2.3 3569.3 1932.3  -N/A- 
-------- ----- ----- ----- ----- ----- ---- ------ ------ ------ 
 Minimum   0.3   0.0   0.0   0.0   0.0  1.0 1810.0 1236.0  -N/A- 
 Maximum  54.5   0.0  63.2  99.0   2.8 16.0 78118.0 12466.0  -N/A- 
-------- ----- ----- ----- ----- ----- ---- ------ ------ ------ 
Summary:
System:   0.00 Watts on average with standard deviation 0.00  
