Running for 480.0 seconds (960 samples at 0.5 second intervals).
Power measurements will start in 0 seconds time.

  Time    User  Nice   Sys  Idle    IO  Run Ctxt/s  IRQ/s  Watts
13:49:23   1.5   0.0   1.3  97.2   0.0    1   2556   1826   0.00E
13:49:23   2.8   0.0   0.8  96.2   0.3    1   2610   1526   0.00E
13:49:24   2.8   0.0   1.3  95.9   0.0    1   2702   1660   0.00E
13:49:24   2.6   0.0   0.3  97.2   0.0    1   2278   1448   0.00E
13:49:25   2.1   0.0   1.0  96.9   0.0    1   3190   2016   0.00E
13:49:25   2.8   0.0   0.3  97.0   0.0    1   2546   1522   0.00E
13:49:26   1.8   0.0   1.3  97.0   0.0    1   2682   1688   0.00E
13:49:26   3.3   0.0   0.3  96.4   0.0    1   2584   1656   0.00E
13:49:27   1.0   0.0   1.5  97.4   0.0    1   2790   1682   0.00E
13:49:27   1.0   0.0   0.3  98.7   0.0    1   2764   1702   0.00E
13:49:28   0.3   0.0   1.0  98.7   0.0    1   2632   1836   0.00E
13:49:28   0.8   0.0   0.3  98.7   0.3    1   2010   1484   0.00E
13:49:29   2.3   0.0   1.5  96.2   0.0    3   2722   1688   0.00E
13:49:29   1.8   0.0   0.3  98.0   0.0    1   2752   1670   0.00E
13:49:30   2.5   0.0   1.3  96.2   0.0    1   3724   2044   0.00E
13:49:30   1.8   0.0   0.3  98.0   0.0    1   2156   1484   0.00E
13:49:31   2.0   0.0   1.5  96.4   0.0    1   2808   1644   0.00E
13:49:31   2.5   0.0   0.0  97.5   0.0    2   2804   1534   0.00E
13:49:32   2.0   0.0   1.0  96.7   0.3    1   2588   1712   0.00E
13:49:32   5.5   0.0   5.0  89.4   0.0   13   2732   1548   0.00E
13:49:33  17.8   0.0  26.9  55.3   0.0    3   3304   2956   0.00E
13:49:33  18.0   0.0  30.3  51.6   0.0    8   2942   3186   0.00E
13:49:34  17.5   0.0  23.3  58.9   0.3    9   3142   3354   0.00E
  Time    User  Nice   Sys  Idle    IO  Run Ctxt/s  IRQ/s  Watts
13:49:34  21.4   0.0  29.2  49.4   0.0    7   2624   3366   0.00E
13:49:35  13.6   0.0  25.7  60.7   0.0    6   3146   3238   0.00E
13:49:35  20.0   0.0  30.0  50.0   0.0    6   3706   3246   0.00E
13:49:36  16.6   0.0  22.4  61.1   0.0    6   3236   3370   0.00E
13:49:36  19.9   0.0  28.5  51.6   0.0    8   2530   3480   0.00E
13:49:37  16.4   0.0  23.2  60.5   0.0    6   3000   3406   0.00E
13:49:37  19.0   0.0  29.0  52.0   0.0    6   2418   3908   0.00E
13:49:38  16.3   0.0  24.3  59.1   0.3    4   3264   3892   0.00E
13:49:38  18.5   0.0  28.6  52.9   0.0    7   2584   3702   0.00E
13:49:39  17.0   0.0  24.6  58.5   0.0    4   2704   3852   0.00E
13:49:39  17.4   0.0  25.9  56.4   0.3    7   2464   3210   0.00E
13:49:40  19.1   0.0  25.7  55.2   0.0    4   3108   3886   0.00E
13:49:40  31.1   0.0  24.3  44.6   0.0    6   2322   3816   0.00E
13:49:41  27.1   0.0  25.6  47.3   0.0    2   2762   3686   0.00E
13:49:41  21.3   0.0  24.3  54.4   0.0    5   3040   3556   0.00E
13:49:42  28.5   0.0  31.3  40.2   0.0    5   3222   4202   0.00E
13:49:42  20.8   0.0  24.3  54.9   0.0    4   2690   3510   0.00E
13:49:43  18.6   0.0  28.0  53.4   0.0    6   3198   3752   0.00E
13:49:43  16.6   0.0  27.2  56.2   0.0    3   2476   4090   0.00E
13:49:44  18.7   0.0  26.8  54.5   0.0    4   3436   3882   0.00E
13:49:44  24.7   0.0  26.7  48.4   0.3    5   3096   3838   0.00E
13:49:45  28.5   0.0  27.7  43.8   0.0    4   2752   4388   0.00E
13:49:45  19.4   0.0  28.2  52.1   0.3    3   4604   4588   0.00E
  Time    User  Nice   Sys  Idle    IO  Run Ctxt/s  IRQ/s  Watts
13:49:46  27.6   0.0  27.6  44.9   0.0    4   3314   4286   0.00E
13:49:46  24.9   0.0  28.2  46.9   0.0    3   2644   4136   0.00E
13:49:47  23.5   0.0  25.5  51.0   0.0    4   3212   4112   0.00E
13:49:47  31.2   0.0  27.0  41.8   0.0    4   3312   4674   0.00E
13:49:48  17.1   0.0  27.1  55.8   0.0    3   3740   3976   0.00E
13:49:48  18.6   0.0  29.1  52.3   0.0    3   3042   3918   0.00E
13:49:49  18.3   0.0  24.3  57.1   0.3    4   3584   4232   0.00E
13:49:49  17.4   0.0  30.0  52.6   0.0    3   2516   3704   0.00E
13:49:50  14.4   0.0  25.9  59.7   0.0    5   2768   3246   0.00E
13:49:50  17.8   0.0  31.3  50.9   0.0    4   2638   2766   0.00E
13:49:51  18.4   0.0  23.0  58.3   0.3    3   3458   2792   0.00E
13:49:51  20.0   0.0  30.2  49.8   0.0    4   2930   2710   0.00E
13:49:52  18.6   0.0  23.7  57.7   0.0    2   2972   2698   0.00E
13:49:52  17.5   0.0  30.1  52.4   0.0    6   2652   2582   0.00E
13:49:53  28.7   0.0  26.4  44.8   0.0    4   3088   2800   0.00E
13:49:53  31.0   0.0  25.9  43.1   0.0    7   3088   2660   0.00E
13:49:54  22.1   0.0  29.1  48.5   0.3    3   3010   2854   0.00E
13:49:54  13.5   0.0  26.6  59.9   0.0    7   2202   2408   0.00E
13:49:55  20.7   0.0  30.1  49.2   0.0    4   2988   2634   0.00E
13:49:55  15.6   0.0  21.9  62.5   0.0    6   2620   2590   0.00E
13:49:56  23.6   0.0  27.6  48.7   0.0    5   2966   2802   0.00E
13:49:56  15.6   0.0  22.4  61.8   0.3    6   2788   2486   0.00E
13:49:57  22.2   0.0  30.2  47.6   0.0    6   2820   2866   0.00E
  Time    User  Nice   Sys  Idle    IO  Run Ctxt/s  IRQ/s  Watts
13:49:57  15.5   0.0  21.3  63.2   0.0    6   2644   2388   0.00E
13:49:58  21.0   0.0  30.1  49.0   0.0    7   3354   2856   0.00E
13:49:58  15.8   0.0  21.0  62.8   0.5    8   2870   2444   0.00E
13:49:59  22.4   0.0  31.0  44.8   1.8    6   5804   3656   0.00E
13:49:59  14.8   0.0  21.8  63.5   0.0    7   3594   2760   0.00E
13:50:00  24.7   0.0  32.7  42.6   0.0    7   4252   3276   0.00E
13:50:00  26.1   0.0  21.5  52.4   0.0    6   2854   2686   0.00E
13:50:01  34.6   0.0  31.8  33.6   0.0    6   3024   3126   0.00E
13:50:01  26.2   0.0  21.9  51.9   0.0    4   3156   2710   0.00E
13:50:02  33.9   0.0  34.2  31.7   0.3    8   3798   3224   0.00E
13:50:02  26.1   0.0  21.8  52.0   0.0    4   2930   2764   0.00E
13:50:03  33.7   0.0  32.9  33.4   0.0    7   3644   3132   0.00E
13:50:03  28.0   0.0  22.2  49.9   0.0    6   2814   2714   0.00E
13:50:04  31.2   0.0  31.4  37.4   0.0    7   2946   3018   0.00E
13:50:04  28.7   0.0  25.4  45.8   0.0    3   2876   2886   0.00E
13:50:05  30.4   0.0  29.1  40.2   0.3    7   3324   3122   0.00E
13:50:05  32.5   0.0  24.4  43.1   0.0    3   3038   2888   0.00E
13:50:06  29.5   0.0  28.0  42.6   0.0    6   4852   5532   0.00E
13:50:06  30.8   0.0  28.6  40.6   0.0    4   3624   6240   0.00E
13:50:07  32.9   0.0  25.3  41.8   0.0    4   3488   4084   0.00E
13:50:07  32.8   0.0  27.0  40.2   0.0    5   5306   5114   0.00E
13:50:08  28.1   0.0  28.9  42.8   0.3    4   4386   6598   0.00E
13:50:08  36.2   0.0  27.4  36.4   0.0    6   7554   8422   0.00E
  Time    User  Nice   Sys  Idle    IO  Run Ctxt/s  IRQ/s  Watts
13:50:09  41.1   0.0  25.4  33.5   0.0    7  12690   6626   0.00E
13:50:09  36.6   0.0  26.8  36.6   0.0    4   8496   7334   0.00E
13:50:10  32.6   0.0  27.7  39.7   0.0    5  11152   9520   0.00E
13:50:10  48.5   0.0  30.3  21.2   0.0   12  12014   8158   0.00E
13:50:11  45.6   0.0  27.1  27.3   0.0    5  13612  11614   0.00E
13:50:11  34.0   0.0  31.2  34.8   0.0    3   4732   6636   0.00E
13:50:12  28.0   0.0  24.9  47.1   0.0    5   6596   8326   0.00E
13:50:12  33.2   0.0  32.2  34.5   0.0    3   3856   5796   0.00E
13:50:13  21.3   0.0  25.1  53.3   0.3    4   6716   8242   0.00E
13:50:13  23.3   0.0  29.1  47.6   0.0    6   3340   2778   0.00E
13:50:14  25.4   0.0  24.1  50.5   0.0    5   7048   4968   0.00E
13:50:14  23.9   0.0  32.2  43.7   0.3    8  11988   8026   0.00E
13:50:15  23.6   0.0  25.4  51.0   0.0    6  12484   9760   0.00E
13:50:15  24.5   0.0  31.6  43.9   0.0    5  12394   7194   0.00E
13:50:16  16.2   0.0  27.0  56.8   0.0    7   4464   3190   0.00E
13:50:16  22.9   0.0  25.4  51.4   0.3    4   2920   2752   0.00E
13:50:17  26.5   0.0  24.0  49.5   0.0    7   2950   2720   0.00E
13:50:17  32.7   0.0  29.6  37.7   0.0    7   2494   2666   0.00E
13:50:18  27.0   0.0  24.0  49.0   0.0    7   3486   3076   0.00E
13:50:18  32.4   0.0  30.4  37.2   0.0   11   2802   2832   0.00E
13:50:19  29.2   0.0  23.5  47.2   0.0    6   3408   3030   0.00E
13:50:19  32.2   0.0  27.9  39.9   0.0    9   2652   2806   0.00E
13:50:20  28.4   0.0  24.6  47.1   0.0    7   3220   2946   0.00E
  Time    User  Nice   Sys  Idle    IO  Run Ctxt/s  IRQ/s  Watts
13:50:20  30.4   0.0  28.4  41.0   0.3    8   2782   2788   0.00E
13:50:21  27.7   0.0  28.2  44.1   0.0    5   3168   2992   0.00E
13:50:21  28.8   0.0  27.6  43.4   0.3    7   2516   2810   0.00E
13:50:22  31.9   0.0  26.8  41.3   0.0    5   3160   2902   0.00E
13:50:22  29.7   0.0  26.7  43.6   0.0    5   2812   2820   0.00E
13:50:23  31.3   0.0  27.8  40.9   0.0    4   2666   2840   0.00E
13:50:23  33.2   0.0  24.4  42.5   0.0    5   3088   3558   0.00E
13:50:24  33.9   0.0  24.6  41.5   0.0    9   3268   2940   0.00E
13:50:24  30.3   0.0  26.8  42.9   0.0    6   2376   2654   0.00E
13:50:25  31.3   0.0  24.8  43.9   0.0    6   2938   2846   0.00E
13:50:25  29.6   0.0  29.6  40.9   0.0    6   2852   2756   0.00E
13:50:26  30.4   0.0  25.4  44.2   0.0    5   3188   2982   0.00E
13:50:26  29.2   0.0  30.5  40.0   0.2    7   2694   2872   0.00E
13:50:27  29.2   0.0  27.5  43.3   0.0    3   2926   2926   0.00E
13:50:27  29.9   0.0  27.9  42.2   0.0    9   2802   2830   0.00E
13:50:28  29.8   0.0  27.5  42.7   0.0    4   3356   3036   0.00E
13:50:28  31.3   0.0  26.3  42.4   0.0    4   2408   2700   0.00E
13:50:29  31.8   0.0  25.6  42.6   0.0    4   2954   3044   0.00E
13:50:29  29.6   0.0  26.8  43.4   0.3    1   3360   2856   0.00E
13:50:30  18.8   0.0  25.9  55.3   0.0    4   4282   3246   0.00E
13:50:30  20.5   0.0  27.8  51.6   0.0    2   2884   2804   0.00E
13:50:31  18.6   0.0  24.7  56.7   0.0    5   3628   2974   0.00E
13:50:31  21.0   0.0  29.0  50.0   0.0    2   3182   2800   0.00E
  Time    User  Nice   Sys  Idle    IO  Run Ctxt/s  IRQ/s  Watts
13:50:32  18.0   0.0  23.5  58.5   0.0    4   3356   3010   0.00E
13:50:32  21.4   0.0  29.7  48.9   0.0    4   2938   2818   0.00E
13:50:33  27.5   0.0  23.4  48.9   0.3    5   3290   2904   0.00E
13:50:33  32.5   0.0  28.2  39.3   0.0    6   2690   2738   0.00E
13:50:34  29.7   0.0  25.2  45.1   0.0    5   2726   2890   0.00E
13:50:34  31.5   0.0  29.0  39.5   0.0    7   2378   2588   0.00E
13:50:35  31.6   0.0  24.2  44.2   0.0    7   3478   2954   0.00E
13:50:35  31.4   0.0  27.9  40.7   0.0    7   2690   2710   0.00E
13:50:36  21.0   0.0  26.0  53.0   0.0    5   3076   2716   0.00E
13:50:36  20.4   0.0  27.9  51.8   0.0    6   3684   2686   0.00E
13:50:37  16.2   0.0  27.0  56.8   0.0    9   2762   2618   0.00E
13:50:37  20.6   0.0  26.3  53.1   0.0    7   2762   2576   0.00E
13:50:38  19.2   0.0  24.8  56.0   0.0    5   3760   3026   0.00E
13:50:38  17.6   0.0  26.9  55.5   0.0    8   2374   2536   0.00E
13:50:39  16.8   0.0  27.8  55.4   0.0    6   2966   2700   0.00E
13:50:39  16.3   0.0  26.1  57.5   0.0    8   2330   2516   0.00E
13:50:40  19.2   0.0  27.0  53.8   0.0    5   3038   2796   0.00E
13:50:40  17.2   0.0  25.5  57.0   0.2    7   3732   4090   0.00E
13:50:41  21.4   0.0  28.7  49.9   0.0    5   3414   2958   0.00E
13:50:41  17.1   0.0  23.4  59.4   0.0    7   3154   3200   0.00E
13:50:42  23.0   0.0  29.2  47.8   0.0    5   3500   2982   0.00E
13:50:42  15.5   0.0  23.1  61.2   0.3    6   2306   2474   0.00E
13:50:43  19.5   0.0  31.3  49.1   0.0    9   3080   2860   0.00E
  Time    User  Nice   Sys  Idle    IO  Run Ctxt/s  IRQ/s  Watts
13:50:43  16.9   0.0  23.0  60.1   0.0    4   2506   2504   0.00E
13:50:44  20.8   0.0  29.8  49.4   0.0    5   3672   3134   0.00E
13:50:44  19.6   0.0  21.6  58.8   0.0    4   2680   2596   0.00E
13:50:45  20.1   0.0  28.6  51.3   0.0    6   2490   2818   0.00E
13:50:45  20.2   0.0  23.4  56.2   0.3    5   4630   3064   0.00E
13:50:46  19.6   0.0  28.7  51.6   0.0    4   3210   3030   0.00E
13:50:46  17.6   0.0  24.4  57.9   0.0    3   2692   2526   0.00E
13:50:47  19.4   0.0  29.5  51.1   0.0    4   2992   2772   0.00E
13:50:47  19.0   0.0  24.8  56.1   0.0    3   3446   2880   0.00E
13:50:48  18.5   0.0  30.3  50.9   0.3    3   3418   3020   0.00E
13:50:48  18.6   0.0  23.7  57.7   0.0    2   2488   2642   0.00E
13:50:49  18.5   0.0  27.9  53.6   0.0    4   3228   2922   0.00E
13:50:49  17.8   0.0  26.1  56.0   0.0    2   2390   2472   0.00E
13:50:50  19.2   0.0  26.8  54.0   0.0    3   3512   3026   0.00E
13:50:50  18.1   0.0  28.0  53.9   0.0    4   3174   2756   0.00E
13:50:51  17.3   0.0  27.3  55.1   0.3    3   3042   2824   0.00E
13:50:51  19.9   0.0  27.7  52.4   0.0    2   2880   2910   0.00E
13:50:52  17.8   0.0  26.6  55.5   0.0    2   3494   2936   0.00E
13:50:52  20.6   0.0  28.1  51.1   0.3    3   3024   2930   0.00E
13:50:53  19.1   0.0  25.4  55.4   0.0    2   3112   2844   0.00E
13:50:53  19.0   0.0  27.7  53.4   0.0    4   2838   2610   0.00E
13:50:54  18.2   0.0  27.5  54.3   0.0    2   3330   2820   0.00E
13:50:54  18.3   0.0  25.6  55.8   0.3    4   2512   2564   0.00E
  Time    User  Nice   Sys  Idle    IO  Run Ctxt/s  IRQ/s  Watts
13:50:55  19.1   0.0  27.2  53.7   0.0    4   2654   2802   0.00E
13:50:55  16.5   0.0  27.5  56.0   0.0    4   2800   2734   0.00E
13:50:56  19.1   0.0  26.4  54.5   0.0    6   2688   2772   0.00E
13:50:56  17.6   0.0  25.7  56.7   0.0    4   2322   2482   0.00E
13:50:57  18.3   0.0  27.4  54.3   0.0    5   2950   2658   0.00E
13:50:57  17.8   0.0  27.1  55.0   0.0    5   2790   2646   0.00E
13:50:58  20.1   0.0  25.3  54.6   0.0    5   3512   3026   0.00E
13:50:58  17.4   0.0  27.5  54.9   0.3    5   2976   2742   0.00E
13:50:59  19.1   0.0  26.2  52.4   2.3    7   6076   3678   0.00E
13:50:59  19.2   0.0  27.3  53.4   0.0    6   3692   2956   0.00E
13:51:00  21.8   0.0  25.8  52.4   0.0    7   3954   3050   0.00E
13:51:00  29.9   0.0  28.4  41.7   0.0    8   3126   2856   0.00E
13:51:01  30.2   0.0  26.6  43.2   0.0    8   3232   2974   0.00E
13:51:01  30.4   0.0  25.8  43.8   0.0    8   2852   2770   0.00E
13:51:02  30.5   0.0  27.8  41.5   0.2    8   3154   2874   0.00E
13:51:02  29.8   0.0  26.3  43.9   0.0    6   3096   2842   0.00E
13:51:03  31.1   0.0  27.3  41.7   0.0    8   3406   3016   0.00E
13:51:03  32.0   0.0  27.0  41.0   0.0    6   2614   2690   0.00E
13:51:04  29.5   0.0  26.8  43.7   0.0    9   3444   3056   0.00E
13:51:04  30.6   0.0  28.6  40.8   0.0    6   2706   2756   0.00E
13:51:05  29.4   0.0  25.6  44.7   0.3    5   3370   3046   0.00E
13:51:05  31.9   0.0  29.1  38.9   0.0    6   3432   2996   0.00E
13:51:06  31.3   0.0  24.8  43.9   0.0    5   3420   3052   0.00E
  Time    User  Nice   Sys  Idle    IO  Run Ctxt/s  IRQ/s  Watts
13:51:06  32.7   0.0  27.1  39.9   0.3    7   2718   2758   0.00E
13:51:07  28.9   0.0  25.6  45.5   0.0    5   2554   2822   0.00E
13:51:07  33.3   0.0  28.3  38.3   0.0    5   3900   3146   0.00E
13:51:08  32.3   0.0  25.0  42.7   0.0    4   3598   3132   0.00E
13:51:08  31.7   0.0  26.6  41.7   0.0    5   2696   2862   0.00E
13:51:09  30.7   0.0  27.2  41.9   0.2    4   3090   3092   0.00E
13:51:09  29.9   0.0  27.9  42.2   0.0    5   3012   2930   0.00E
13:51:10  29.3   0.0  28.5  42.2   0.0    5   3306   3068   0.00E
13:51:10  31.3   0.0  26.6  42.1   0.0    4   2428   2778   0.00E
13:51:11  32.4   0.0  26.1  41.5   0.0    4   3250   3018   0.00E
13:51:11  32.5   0.0  25.9  41.6   0.0    4   2556   2846   0.00E
13:51:12  29.7   0.0  26.7  43.6   0.0    5   2974   2882   0.00E
13:51:12  30.6   0.0  29.3  40.2   0.0    4   2416   2736   0.00E
13:51:13  30.0   0.0  26.8  43.0   0.2    3   3260   3154   0.00E
13:51:13  34.1   0.0  29.0  36.9   0.0    3   4326   3060   0.00E
13:51:14  21.6   0.0  24.6  53.8   0.0    3   2954   2942   0.00E
13:51:14  19.3   0.0  28.8  51.9   0.0    3   2578   2590   0.00E
13:51:15  18.5   0.0  25.3  56.1   0.0    2   2990   2600   0.00E
13:51:15  15.8   0.0  30.9  53.3   0.0    2   2600   2580   0.00E
13:51:16  30.8   0.0  23.6  45.4   0.3    5   2690   2698   0.00E
13:51:16  32.0   0.0  32.0  36.0   0.0    4   3020   2670   0.00E
13:51:17  28.6   0.0  25.3  46.1   0.0    7   2660   2618   0.00E
13:51:17  33.4   0.0  31.2  35.4   0.0    7   2554   2784   0.00E
  Time    User  Nice   Sys  Idle    IO  Run Ctxt/s  IRQ/s  Watts
13:51:18  27.5   0.0  23.9  48.6   0.0    5   2814   2888   0.00E
13:51:18  33.2   0.0  29.2  37.5   0.0    7   2336   2754   0.00E
13:51:19  29.4   0.0  25.1  45.5   0.0    5   3020   2826   0.00E
13:51:19  21.2   0.0  28.7  50.1   0.0    6   2574   2610   0.00E
13:51:20  18.6   0.0  24.1  57.3   0.0    6   2966   2578   0.00E
13:51:20  32.6   0.0  27.6  39.8   0.0    8   3034   2754   0.00E
13:51:21  31.3   0.0  24.3  44.1   0.3    7   2994   2834   0.00E
13:51:21  33.0   0.0  27.0  40.0   0.0    8   2618   2680   0.00E
13:51:22  28.6   0.0  27.3  44.1   0.0    7   2988   2856   0.00E
13:51:22  29.0   0.0  28.3  42.7   0.0    8   2182   2522   0.00E
13:51:23  24.7   0.0  25.7  49.6   0.0    8   3058   2736   0.00E
13:51:23  30.4   0.0  27.6  41.5   0.5    9   3142   2772   0.00E
13:51:24  29.0   0.0  27.5  43.6   0.0    4   3080   2950   0.00E
13:51:24  17.6   0.0  26.4  56.0   0.0    9   2908   2604   0.00E
13:51:25  17.6   0.0  29.6  52.8   0.0    4   2656   2748   0.00E
13:51:25  15.9   0.0  25.9  58.2   0.0    7   2838   2634   0.00E
13:51:26  18.9   0.0  30.2  50.9   0.0    3   2836   2694   0.00E
13:51:26  16.8   0.0  23.8  59.5   0.0    6   2656   2460   0.00E
13:51:27  20.4   0.0  30.9  48.7   0.0    4   2750   2756   0.00E
13:51:27  16.1   0.0  23.1  60.8   0.0    5   3502   2630   0.00E
13:51:28  20.4   0.0  31.4  48.2   0.0    5   3482   3082   0.00E
13:51:28  15.1   0.0  22.9  61.7   0.3    4   2486   2620   0.00E
13:51:29  17.9   0.0  32.6  49.5   0.0    4   2806   2826   0.00E
  Time    User  Nice   Sys  Idle    IO  Run Ctxt/s  IRQ/s  Watts
13:51:29  16.9   0.0  24.6  58.6   0.0    3   3282   2626   0.00E
13:51:30  22.3   0.0  29.9  47.8   0.0    4   4180   3150   0.00E
13:51:30  15.6   0.0  26.2  58.2   0.0    5   2942   2686   0.00E
13:51:31  20.7   0.0  29.0  50.1   0.3    4   3722   3042   0.00E
13:51:31  16.1   0.0  25.9  57.9   0.0    3   3476   2772   0.00E
13:51:32  19.7   0.0  30.1  50.1   0.0    3   3204   2884   0.00E
13:51:32  16.5   0.0  25.2  58.2   0.0    3   2872   2742   0.00E
13:51:33  18.6   0.0  31.4  50.0   0.0    3   3228   2980   0.00E
13:51:33  18.3   0.0  24.1  57.6   0.0    3   2738   2484   0.00E
13:51:34  20.2   0.0  29.0  50.8   0.0    3   3362   2954   0.00E
13:51:34  16.7   0.0  26.0  57.3   0.0    2   2632   2612   0.00E
13:51:35  21.5   0.0  27.0  51.3   0.3    3   3284   2854   0.00E
13:51:35  17.6   0.0  26.1  56.3   0.0    4   3020   2692   0.00E
13:51:36  20.1   0.0  27.8  52.1   0.0    2   3096   2802   0.00E
13:51:36  16.2   0.0  28.2  55.2   0.2    3   2594   2722   0.00E
13:51:37  18.6   0.0  29.0  52.4   0.0    2   2728   2638   0.00E
13:51:37  18.3   0.0  25.6  56.0   0.0    3   3486   2774   0.00E
13:51:38  29.1   0.0  27.6  43.2   0.0    5   3370   2874   0.00E
13:51:38  31.1   0.0  27.1  41.6   0.3    5   2920   2900   0.00E
13:51:39  35.5   0.0  27.0  37.5   0.0    6   3338   2928   0.00E
13:51:39  30.8   0.0  26.1  43.1   0.0    6   2646   2788   0.00E
13:51:40  31.3   0.0  27.3  41.4   0.0    6   2570   2662   0.00E
13:51:40  30.1   0.0  25.5  44.4   0.0    6   2388   2692   0.00E
  Time    User  Nice   Sys  Idle    IO  Run Ctxt/s  IRQ/s  Watts
13:51:41  32.0   0.0  28.2  39.8   0.0    7   2876   2774   0.00E
13:51:41  31.7   0.0  25.9  42.2   0.3    7   2506   2730   0.00E
13:51:42  30.4   0.0  27.6  42.0   0.0    7   2822   2694   0.00E
13:51:42  29.7   0.0  25.9  44.3   0.0    7   2366   2670   0.00E
13:51:43  33.0   0.0  26.2  40.8   0.0    9   3326   2912   0.00E
13:51:43  32.6   0.0  26.8  40.4   0.3    9   3122   2848   0.00E
13:51:44  30.0   0.0  28.0  42.1   0.0    7   3002   2826   0.00E
13:51:44  28.3   0.0  27.3  44.4   0.0    8   2584   2722   0.00E
13:51:45  27.9   0.0  28.9  43.2   0.0    7   3604   2924   0.00E
13:51:45  18.8   0.0  27.0  54.2   0.0    5   4710   3044   0.00E
13:51:46  16.1   0.0  29.5  54.4   0.0    8   2974   2742   0.00E
13:51:46  18.8   0.0  26.1  54.9   0.3    4   2536   2478   0.00E
13:51:47  16.8   0.0  27.2  56.0   0.0    7   2696   2646   0.00E
13:51:47  18.3   0.0  29.1  52.5   0.0    5   2904   2726   0.00E
13:51:48  19.2   0.0  24.8  55.9   0.0    5   4352   3044   0.00E
13:51:48  20.2   0.0  27.2  52.6   0.0    5   2758   2734   0.00E
13:51:49  16.8   0.0  26.9  56.3   0.0    5   3308   2890   0.00E
13:51:49  17.3   0.0  30.1  52.4   0.3    5   3028   2644   0.00E
13:51:50  19.8   0.0  23.8  56.5   0.0    5   2904   2876   0.00E
13:51:50  18.7   0.0  29.8  51.3   0.3    4   3192   2964   0.00E
13:51:51  15.9   0.0  25.8  58.2   0.0    4   2894   2782   0.00E
13:51:51  19.8   0.0  30.9  49.2   0.0    4   2712   2820   0.00E
13:51:52  17.1   0.0  25.9  57.0   0.0    4   3384   2904   0.00E
  Time    User  Nice   Sys  Idle    IO  Run Ctxt/s  IRQ/s  Watts
13:51:52  20.6   0.0  28.6  50.9   0.0    4   3044   2728   0.00E
13:51:53  17.2   0.0  25.8  57.1   0.0    3   3146   2848   0.00E
13:51:53  19.5   0.0  30.2  50.2   0.0    3   3166   2768   0.00E
13:51:54  16.3   0.0  26.4  57.3   0.0    3   2858   2768   0.00E
13:51:54  18.6   0.0  30.0  51.1   0.3    4   2752   2830   0.00E
13:51:55  17.2   0.0  24.6  58.2   0.0    3   2818   2830   0.00E
13:51:55  20.4   0.0  29.6  50.0   0.0    3   3070   2752   0.00E
13:51:56  18.5   0.0  24.3  57.1   0.0    2   3282   3004   0.00E
13:51:56  20.9   0.0  28.1  51.0   0.0    3   3368   2690   0.00E
13:51:57  18.3   0.0  25.1  56.4   0.3    2   3046   2924   0.00E
13:51:57  19.4   0.0  29.2  51.4   0.0    3   3072   2776   0.00E
13:51:58  17.9   0.0  26.0  56.1   0.0    2   3564   3084   0.00E
13:51:58  21.1   0.0  27.6  50.9   0.5    1   2828   2640   0.00E
13:51:59  16.6   0.0  25.4  56.2   1.8    4   5722   3826   0.00E
13:51:59  21.8   0.0  30.2  48.0   0.0    3   3396   3244   0.00E
13:52:00  18.1   0.0  25.2  56.7   0.0    5   3676   2966   0.00E
13:52:00  34.1   0.0  29.8  36.1   0.0    6   3384   2938   0.00E
13:52:01  29.1   0.0  23.6  47.0   0.3    4   3466   3042   0.00E
13:52:01  32.4   0.0  30.2  37.4   0.0    7   2622   2864   0.00E
13:52:02  28.7   0.0  25.4  45.8   0.0    6   2798   2796   0.00E
13:52:02  33.2   0.0  27.8  39.0   0.0    7   3090   2834   0.00E
13:52:03  30.9   0.0  24.9  44.2   0.0    6   3344   3034   0.00E
13:52:03  29.8   0.0  29.5  40.5   0.2   11   2818   2844   0.00E
  Time    User  Nice   Sys  Idle    IO  Run Ctxt/s  IRQ/s  Watts
13:52:04  31.5   0.0  24.2  44.3   0.0    7   4868   3828   0.00E
13:52:04  32.2   0.0  26.6  41.2   0.0    8   2570   2656   0.00E
13:52:05  29.6   0.0  26.1  44.2   0.0    8   3092   3038   0.00E
13:52:05  33.4   0.0  26.7  39.9   0.0    9   3230   2866   0.00E
13:52:06  30.1   0.0  26.8  43.2   0.0    9   3290   2986   0.00E
13:52:06  31.7   0.0  27.6  40.7   0.0    8   2590   2744   0.00E
13:52:07  31.7   0.0  26.9  41.5   0.0    7   3176   2836   0.00E
13:52:07  31.5   0.0  27.0  41.5   0.0    8   3294   2876   0.00E
13:52:08  31.8   0.0  25.8  42.4   0.0    5   3448   2980   0.00E
13:52:08  30.0   0.0  26.8  43.0   0.2    8   2592   2786   0.00E
13:52:09  29.7   0.0  30.0  40.3   0.0    4   4854   3788   0.00E
13:52:09  28.1   0.0  26.1  45.9   0.0    8   3124   2894   0.00E
13:52:10  30.2   0.0  32.9  36.9   0.0    6   3084   2844   0.00E
13:52:10  28.1   0.0  23.6  48.4   0.0    7   2574   2696   0.00E
13:52:11  34.2   0.0  30.4  35.4   0.0    6   2958   2900   0.00E
13:52:11  27.0   0.0  24.2  48.7   0.0    5   2978   2702   0.00E
13:52:12  32.8   0.0  31.3  35.9   0.0    6   3366   3016   0.00E
13:52:12  27.6   0.0  25.4  47.0   0.0    5   2562   2648   0.00E
13:52:13  31.2   0.0  30.2  38.7   0.0    6   2690   2874   0.00E
13:52:13  29.6   0.0  26.4  44.0   0.0    5   2644   2690   0.00E
13:52:14  32.7   0.0  28.9  38.3   0.0    5   3204   2998   0.00E
13:52:14  28.9   0.0  25.1  45.7   0.3    4   2436   2784   0.00E
13:52:15  33.2   0.0  31.8  35.0   0.0    4   2758   3204   0.00E
  Time    User  Nice   Sys  Idle    IO  Run Ctxt/s  IRQ/s  Watts
13:52:15  30.5   0.0  24.7  44.8   0.0    6   3162   2932   0.00E
13:52:16  33.8   0.0  29.8  36.4   0.0    4   3470   5222   0.00E
13:52:16  31.8   0.0  25.2  43.0   0.0    4   2982   3490   0.00E
13:52:17  33.6   0.0  28.0  38.4   0.0    4   2950   2944   0.00E
13:52:17  27.7   0.0  25.2  47.1   0.0    4   2688   2734   0.00E
13:52:18  20.2   0.0  29.5  50.0   0.3    3   3836   3056   0.00E
13:52:18  18.1   0.0  24.9  57.0   0.0    2   2500   2550   0.00E
13:52:19  20.6   0.0  29.1  50.4   0.0    3   3072   2956   0.00E
13:52:19  18.1   0.0  25.9  55.9   0.0    2   2654   2564   0.00E
13:52:20  19.2   0.0  28.3  52.5   0.0    3   3230   2918   0.00E
13:52:20  20.4   0.0  25.6  54.0   0.0    3   3264   2778   0.00E
13:52:21  21.2   0.0  24.7  53.9   0.3    3   3078   2796   0.00E
13:52:21  19.8   0.0  24.8  55.5   0.0    4   2558   2572   0.00E
13:52:22  17.7   0.0  29.3  53.0   0.0    3   3020   2776   0.00E
13:52:22  28.2   0.0  28.0  43.8   0.0    5   3304   2934   0.00E
13:52:23  31.1   0.0  29.1  39.8   0.0    5   3002   2902   0.00E
13:52:23  16.8   0.0  27.1  56.1   0.0    4   2590   2718   0.00E
13:52:24  20.4   0.0  26.1  53.5   0.0    6   2684   2790   0.00E
13:52:24  16.1   0.0  27.4  56.5   0.0    5   2858   2662   0.00E
13:52:25  17.7   0.0  28.5  53.8   0.0    6   2902   2664   0.00E
13:52:25  16.9   0.0  27.2  55.7   0.3    6   2676   2658   0.00E
13:52:26  19.0   0.0  26.1  54.9   0.0    7   2856   2726   0.00E
13:52:26  16.8   0.0  26.6  56.5   0.0    9   3028   2622   0.00E
  Time    User  Nice   Sys  Idle    IO  Run Ctxt/s  IRQ/s  Watts
13:52:27  20.0   0.0  27.5  52.2   0.2    7   3494   2822   0.00E
13:52:27  18.2   0.0  24.8  57.0   0.0    7   2860   2650   0.00E
13:52:28  17.9   0.0  28.7  53.4   0.0    7   3566   2888   0.00E
13:52:28  16.4   0.0  26.4  57.2   0.0    7   2894   2596   0.00E
13:52:29  18.9   0.0  28.2  52.9   0.0    9   3430   2870   0.00E
13:52:29  17.1   0.0  26.2  56.7   0.0    4   3172   2758   0.00E
13:52:30  18.1   0.0  28.0  53.9   0.0    5   3440   2896   0.00E
13:52:30  26.9   0.0  26.9  46.0   0.3    5   3130   2876   0.00E
13:52:31  32.8   0.0  27.8  39.3   0.0    8   3262   3068   0.00E
13:52:31  29.5   0.0  27.2  43.3   0.0    6   3002   2848   0.00E
13:52:32  31.9   0.0  26.4  41.7   0.0    8   3232   2946   0.00E
13:52:32  32.0   0.0  28.0  40.1   0.0    2   3684   3094   0.00E
13:52:33  13.7   0.0   0.3  86.0   0.0    2   3562   2568   0.00E
13:52:33  12.9   0.0   0.0  87.1   0.0    2   2344   1568   0.00E
13:52:34  13.8   0.0   0.5  85.7   0.0    2   2890   1818   0.00E
13:52:34  13.1   0.0   0.3  86.6   0.0    2   2516   1718   0.00E
13:52:35  13.1   0.0   0.0  86.9   0.0    2   2392   2132   0.00E
13:52:35  13.4   0.0   0.0  86.4   0.3    2   2690   4800   0.00E
13:52:36  13.4   0.0   0.3  86.3   0.0    2   2946   5200   0.00E
13:52:36  13.2   0.0   0.0  86.8   0.0    2   2500   4730   0.00E
13:52:37  14.0   0.0   0.3  85.8   0.0    2   2956   5208   0.00E
13:52:37  12.9   0.0   0.0  87.1   0.0    2   2106   5072   0.00E
13:52:38  13.9   0.0   0.3  85.6   0.3    2   3128   5618   0.00E
  Time    User  Nice   Sys  Idle    IO  Run Ctxt/s  IRQ/s  Watts
13:52:38  12.2   0.0   0.0  87.8   0.0    1   2196   4434   0.00E
13:52:39   2.6   0.0   1.0  96.4   0.0    1   3196   1892   0.00E
13:52:39   3.0   0.0   0.5  96.5   0.0    1   2950   1700   0.00E
13:52:40   5.3   0.0   0.5  94.0   0.3    1   3234   2002   0.00E
13:52:40   2.3   0.0   0.5  97.2   0.0    1   2698   1634   0.00E
13:52:41   2.0   0.0   0.8  97.2   0.0    1   2716   1824   0.00E
13:52:41   1.3   0.0   0.5  98.2   0.0    3   2214   1498   0.00E
13:52:42   2.0   0.0   1.3  96.4   0.3    3   3152   1774   0.00E
13:52:42   2.3   0.0   0.5  97.2   0.0    2   2116   1392   0.00E
13:52:43   2.5   0.0   1.8  95.7   0.0    1   4966   2572   0.00E
13:52:43   0.5   0.0   0.5  99.0   0.0    1   2360   1648   0.00E
13:52:44   1.8   0.0   1.3  97.0   0.0    1   2604   1690   0.00E
13:52:44  12.2   0.0   0.5  87.1   0.3    2   3288   2216   0.00E
13:52:45   6.8   0.0   1.0  92.2   0.0    1   2322   1734   0.00E
13:52:45   5.1   0.0   1.8  93.1   0.0    1   4758   2228   0.00E
13:52:46   1.3   0.0   1.3  97.5   0.0    1   2830   1836   0.00E
13:52:46   1.8   0.0   0.3  97.7   0.3    1   2392   1528   0.00E
13:52:47  10.7   0.0   0.3  89.1   0.0    2   2680   2044   0.00E
13:52:47   5.8   0.0   0.5  93.7   0.0    1   2478   1632   0.00E
13:52:48   2.3   0.0   0.5  97.2   0.0    1   3042   1772   0.00E
13:52:48   2.0   0.0   0.5  97.2   0.3    3   2242   1374   0.00E
13:52:49   2.5   0.0   1.0  96.4   0.0    1   2762   1690   0.00E
13:52:49   1.0   0.0   0.0  99.0   0.0    1   1934   1302   0.00E
  Time    User  Nice   Sys  Idle    IO  Run Ctxt/s  IRQ/s  Watts
13:52:50   1.8   0.0   1.0  97.2   0.0    1   2768   1606   0.00E
13:52:50   2.0   0.0   0.8  97.0   0.3    1   2654   1734   0.00E
13:52:51   1.5   0.0   1.3  97.2   0.0    4   2468   1658   0.00E
13:52:51   3.8   0.0   0.5  95.7   0.0    1   2756   1998   0.00E
13:52:52   1.5   0.0   1.8  96.7   0.0    1   2518   1598   0.00E
13:52:52   2.0   0.0   0.8  97.2   0.0    7   2242   1364   0.00E
13:52:53  37.3   0.0  41.1  21.7   0.0    5   3776   5114   0.00E
13:52:53  35.9   0.0  35.4  28.6   0.0    7   2890   5282   0.00E
13:52:54  38.9   0.0  43.4  17.5   0.2    7   3646   6350   0.00E
13:52:54  34.9   0.0  34.2  30.9   0.0    8   2742   5610   0.00E
13:52:55  39.0   0.0  39.5  21.5   0.0    9   2862   6356   0.00E
13:52:55  41.2   0.0  34.8  24.0   0.0    4   2624   5768   0.00E
13:52:56  38.2   0.0  36.5  25.2   0.0    8   3196   6054   0.00E
13:52:56  36.2   0.0  38.9  24.6   0.3    7   2826   5910   0.00E
13:52:57  34.6   0.0  40.6  24.8   0.0    8   3064   5950   0.00E
13:52:57  35.7   0.0  39.9  24.4   0.0    7   2986   5890   0.00E
13:52:58  37.6   0.0  35.8  26.6   0.0    7   3744   6096   0.00E
13:52:58  41.1   0.0  37.8  20.8   0.3    6   2414   6254   0.00E
13:52:59  35.0   0.0  36.5  27.0   1.5    4   5842   6534   0.00E
13:52:59  39.9   0.0  42.0  18.1   0.0    7   3512   6970   0.00E
13:53:00  39.5   0.0  36.8  23.8   0.0    5   3914   6036   0.00E
13:53:00  37.7   0.0  37.7  24.6   0.0    9   3278   5770   0.00E
13:53:01  43.0   0.0  37.9  19.1   0.0    8   3448   5986   0.00E
  Time    User  Nice   Sys  Idle    IO  Run Ctxt/s  IRQ/s  Watts
13:53:01  37.9   0.0  32.2  29.9   0.0    8   2708   5576   0.00E
13:53:02  40.8   0.0  39.3  19.7   0.2    9   3660   6510   0.00E
13:53:02  38.0   0.0  35.8  26.2   0.0   12   3140   5770   0.00E
13:53:03  39.2   0.0  36.2  24.6   0.0    9   3334   5920   0.00E
13:53:03  41.3   0.0  38.3  20.4   0.0   11   2772   6612   0.00E
13:53:04  38.2   0.0  36.9  24.6   0.3    6   3334   6170   0.00E
13:53:04  39.0   0.0  39.0  22.0   0.0    4   2516   6352   0.00E
13:53:05  37.3   0.0  38.3  24.3   0.0    7   3052   6102   0.00E
13:53:05  37.3   0.0  40.9  21.8   0.0    7   2854   6160   0.00E
13:53:06  39.1   0.0  33.8  27.1   0.0    9   2954   5710   0.00E
13:53:06  42.4   0.0  37.3  20.3   0.0    8   2544   6118   0.00E
13:53:07  35.9   0.0  34.2  29.9   0.0    7   2730   5428   0.00E
13:53:07  38.3   0.0  39.3  22.3   0.0    9   3204   6322   0.00E
13:53:08  37.8   0.0  39.8  22.3   0.0    5   3420   7426   0.00E
13:53:08  34.6   0.0  36.1  29.3   0.0    8   2402   5754   0.00E
13:53:09  39.2   0.0  41.4  19.5   0.0    8   3160   5834   0.00E
13:53:09  36.5   0.0  34.0  29.2   0.3    4   2896   6216   0.00E
13:53:10  40.5   0.0  40.2  19.3   0.0    8   2844   5672   0.00E
13:53:10  39.7   0.0  35.7  24.6   0.0    5   2582   4286   0.00E
13:53:11  36.2   0.0  39.4  24.4   0.0    8   2954   4370   0.00E
13:53:11  40.2   0.0  40.2  19.6   0.0    5   2482   4144   0.00E
13:53:12  41.0   0.0  34.2  24.8   0.0    8   4180   4562   0.00E
13:53:12  38.9   0.0  39.4  21.6   0.0    7   2304   4018   0.00E
  Time    User  Nice   Sys  Idle    IO  Run Ctxt/s  IRQ/s  Watts
13:53:13  35.2   0.0  35.8  29.0   0.0    8   3078   4040   0.00E
13:53:13  37.2   0.0  44.0  18.8   0.0    7   2384   3998   0.00E
13:53:14  33.9   0.0  34.4  31.7   0.0    7   2992   4142   0.00E
13:53:14  42.2   0.0  38.2  19.5   0.0    9   2376   4004   0.00E
13:53:15  37.7   0.0  38.2  24.1   0.0    4   3074   4166   0.00E
13:53:15  38.7   0.0  36.2  25.1   0.0    7   2504   4036   0.00E
13:53:16  41.2   0.0  38.9  19.8   0.0    7   2992   4242   0.00E
13:53:16  38.1   0.0  31.6  30.3   0.0    8   2798   3896   0.00E
13:53:17  43.1   0.0  35.9  20.9   0.0    7   2944   4214   0.00E
13:53:17  37.0   0.0  36.8  26.2   0.0    7   2798   4118   0.00E
13:53:18  42.7   0.0  34.7  22.6   0.0    7   2816   4256   0.00E
13:53:18  36.7   0.0  36.4  26.9   0.0    8   2340   4106   0.00E
13:53:19  37.9   0.0  40.9  21.2   0.0   10   3366   4310   0.00E
13:53:19  36.5   0.0  36.2  27.0   0.2    6   2688   4156   0.00E
13:53:20  36.4   0.0  42.7  20.9   0.0    9   2970   4310   0.00E
13:53:20  34.3   0.0  35.1  30.6   0.0    5   2474   3948   0.00E
13:53:21  37.7   0.0  42.0  20.4   0.0    7   3142   4142   0.00E
13:53:21  36.5   0.0  39.0  24.5   0.0    6   2428   3834   0.00E
13:53:22  41.0   0.0  34.0  24.8   0.2    8   3356   4048   0.00E
13:53:22  38.3   0.0  41.6  20.2   0.0    7   2460   3878   0.00E
13:53:23  35.4   0.0  39.4  25.2   0.0    7   3010   3898   0.00E
13:53:23  39.6   0.0  38.9  21.5   0.0    7   2374   3746   0.00E
13:53:24  39.5   0.0  32.0  28.5   0.0    9   3104   3874   0.00E
  Time    User  Nice   Sys  Idle    IO  Run Ctxt/s  IRQ/s  Watts
13:53:24  42.7   0.0  37.9  19.3   0.0    7   2656   3562   0.00E
13:53:25  37.9   0.0  31.9  30.2   0.0   14   3186   3474   0.00E
13:53:25  41.6   0.0  38.5  19.9   0.0    8   2282   3576   0.00E
13:53:26  39.2   0.0  32.7  28.1   0.0    6   3028   3634   0.00E
13:53:26  43.9   0.0  35.4  20.7   0.0    7   2232   3632   0.00E
13:53:27  40.1   0.0  32.3  27.6   0.0    8   2936   3512   0.00E
13:53:27  40.1   0.0  38.6  21.3   0.0    8   3030   3800   0.00E
13:53:28  41.2   0.0  32.3  26.5   0.0    7   3184   3740   0.00E
13:53:28  44.4   0.0  36.1  19.4   0.0    7   2500   3682   0.00E
13:53:29  37.8   0.0  38.3  23.9   0.0    6   2788   3720   0.00E
13:53:29  41.4   0.0  33.9  24.4   0.2    9   3640   3812   0.00E
13:53:30  48.1   0.0  33.5  18.4   0.0   11   4068   4108   0.00E
13:53:30  39.3   0.0  28.5  32.2   0.0    8   2854   3422   0.00E
13:53:31  43.0   0.0  39.2  17.8   0.0    8   3552   3966   0.00E
13:53:31  40.1   0.0  31.0  29.0   0.0    7   3138   3618   0.00E
13:53:32  44.7   0.0  34.6  20.7   0.0    7   3010   3690   0.00E
13:53:32  40.7   0.0  33.4  25.9   0.0   13   3258   3628   0.00E
13:53:33  45.0   0.0  34.7  20.4   0.0   11   3352   3724   0.00E
13:53:33  40.4   0.0  32.6  27.0   0.0    8   2554   3572   0.00E
13:53:34  42.6   0.0  35.3  21.8   0.3    7   3150   3814   0.00E
13:53:34  41.5   0.0  34.9  23.6   0.0    6   2200   3408   0.00E
13:53:35  39.4   0.0  33.4  27.1   0.0    7   2966   3712   0.00E
13:53:35  38.8   0.0  41.0  20.2   0.0   15   2718   3758   0.00E
  Time    User  Nice   Sys  Idle    IO  Run Ctxt/s  IRQ/s  Watts
13:53:36  36.8   0.0  31.6  31.6   0.0    7   3118   3658   0.00E
13:53:36  30.3   0.0  36.6  33.1   0.0    7   2458   3706   0.00E
13:53:37  26.3   0.0  32.9  40.8   0.0    6   3058   3648   0.00E
13:53:37  27.3   0.0  39.1  33.6   0.0    6   2474   3758   0.00E
13:53:38  26.8   0.0  32.9  40.3   0.0    6   3564   3946   0.00E
13:53:38  25.9   0.0  41.5  32.7   0.0    6   2820   3796   0.00E
13:53:39  28.0   0.0  33.5  38.5   0.0    4   3120   3902   0.00E
13:53:39  26.2   0.0  39.3  34.5   0.0    6   2556   3832   0.00E
13:53:40  29.2   0.0  34.3  36.3   0.3    5   2814   3992   0.00E
13:53:40  27.1   0.0  34.2  38.7   0.0    6   3354   3782   0.00E
13:53:41  30.1   0.0  37.4  32.6   0.0    6   2900   3894   0.00E
13:53:41  25.4   0.0  31.2  43.3   0.0    7   2774   3594   0.00E
13:53:42  23.9   0.0  41.6  34.5   0.0    7   2870   4068   0.00E
13:53:42  24.5   0.0  34.0  41.2   0.2    6   2854   3780   0.00E
13:53:43  25.1   0.0  41.9  33.1   0.0    6   3160   4246   0.00E
13:53:43  24.1   0.0  34.8  41.1   0.0    6   2582   3914   0.00E
13:53:44  27.9   0.0  38.4  33.7   0.0    8   3524   4780   0.00E
13:53:44  37.5   0.0  37.5  24.8   0.2    6   5414   8002   0.00E
13:53:45  41.8   0.0  36.5  21.7   0.0    7   5344   8542   0.00E
13:53:45  43.6   0.0  40.8  15.6   0.0    7   9576   9554   0.00E
13:53:46  40.0   0.0  37.2  22.8   0.0    9  10214   6892   0.00E
13:53:46  39.8   0.0  42.0  18.0   0.2    8   3968   5398   0.00E
13:53:47  34.3   0.0  32.7  33.0   0.0    7   3020   4034   0.00E
  Time    User  Nice   Sys  Idle    IO  Run Ctxt/s  IRQ/s  Watts
13:53:47  42.6   0.0  39.4  18.0   0.0    8   4156   4688   0.00E
13:53:48  37.0   0.0  37.0  25.9   0.0    6   4664   4632   0.00E
13:53:48  36.5   0.0  41.8  21.8   0.0    8   3028   4278   0.00E
13:53:49  40.4   0.0  36.6  23.0   0.0    8   7386   9054   0.00E
13:53:49  41.7   0.0  38.7  19.6   0.0    8   8286   9380   0.00E
13:53:50  34.8   0.0  41.2  24.0   0.0    6   3864   6282   0.00E
13:53:50  36.9   0.0  39.4  23.6   0.0    7   3578   6004   0.00E
13:53:51  36.3   0.0  41.1  22.7   0.0    6   4374   5194   0.00E
13:53:51  37.8   0.0  35.8  26.4   0.0   10   5784   7346   0.00E
13:53:52  43.4   0.0  40.4  16.2   0.0    8   6282   8704   0.00E
13:53:52  40.7   0.0  32.3  27.0   0.0    8   8324   8458   0.00E
13:53:53  42.7   0.0  43.7  13.6   0.0   10   8516   8610   0.00E
13:53:53  41.7   0.0  35.7  22.6   0.0    9   8042   5214   0.00E
13:53:54  47.6   0.0  36.2  16.2   0.0   11   8476   9472   0.00E
13:53:54  45.1   0.0  36.3  18.6   0.0    8   9616  10546   0.00E
13:53:55  48.0   0.0  37.6  14.4   0.0    9  10822  10702   0.00E
13:53:55  44.7   0.0  36.7  18.3   0.3   12   9298  10568   0.00E
13:53:56  46.6   0.0  37.1  16.3   0.0   13  13088  10030   0.00E
13:53:56  49.9   0.0  37.4  12.7   0.0   12  10910   8238   0.00E
13:53:57  42.0   0.0  38.4  19.6   0.0    8   6996   4678   0.00E
13:53:57  45.5   0.0  38.4  16.2   0.0    8  11252   8418   0.00E
13:53:58  43.0   0.0  38.0  19.0   0.0    7   7106   6766   0.00E
13:53:58  44.1   0.0  36.1  19.5   0.3    7   9528   6208   0.00E
  Time    User  Nice   Sys  Idle    IO  Run Ctxt/s  IRQ/s  Watts
13:53:59  43.4   0.0  35.5  19.3   1.8    7   6842   6140   0.00E
13:53:59  45.1   0.0  38.8  16.1   0.0    6  13808   9714   0.00E
13:54:00  41.0   0.0  39.7  19.2   0.0    6   7000   5446   0.00E
13:54:00  44.0   0.0  37.5  18.5   0.0    7   9490  10308   0.00E
13:54:01  45.7   0.0  35.4  18.6   0.3    7   9692   8858   0.00E
13:54:01  54.0   0.0  34.8  11.2   0.0   11  10854  10212   0.00E
13:54:02  42.6   0.0  38.0  19.4   0.0   11   8300   8010   0.00E
13:54:02  47.7   0.0  34.7  17.6   0.0   11  11038   9540   0.00E
13:54:03  50.9   0.0  38.3  10.8   0.0   14  10686   7220   0.00E
13:54:03  49.5   0.0  35.2  15.3   0.0   11   6006   4522   0.00E
13:54:04  48.9   0.0  34.6  16.5   0.0    8   8322   8438   0.00E
13:54:04  43.5   0.0  37.2  19.2   0.0    6   8722   9732   0.00E
13:54:05  44.4   0.0  36.6  19.0   0.0    7   6998   6646   0.00E
13:54:05  42.2   0.0  37.7  19.8   0.3    8   7446   6914   0.00E
13:54:06  44.4   0.0  37.8  17.5   0.3    7   9848  10234   0.00E
13:54:06  41.8   0.0  37.2  21.0   0.0    7   6126   6734   0.00E
13:54:07  42.2   0.0  36.9  21.0   0.0   13   4898   5920   0.00E
13:54:07  44.2   0.0  34.2  21.6   0.0    7   8552   8822   0.00E
13:54:08  45.4   0.0  36.2  18.5   0.0    8  10908   7414   0.00E
13:54:08  40.8   0.0  38.0  21.2   0.0    7   4618   9130   0.00E
13:54:09  38.7   0.0  37.4  23.7   0.3    9   7442   9762   0.00E
13:54:09  45.6   0.0  38.1  16.3   0.0    8   7398   8478   0.00E
13:54:10  42.7   0.0  36.4  21.0   0.0    5   6844   8754   0.00E
  Time    User  Nice   Sys  Idle    IO  Run Ctxt/s  IRQ/s  Watts
13:54:10  40.7   0.0  39.4  19.8   0.0    7   2798   4004   0.00E
13:54:11  46.1   0.0  38.8  15.0   0.0    8   6790   4172   0.00E
13:54:11  52.6   0.0  37.6   9.8   0.0    8  10136   5386   0.00E
13:54:12  42.6   0.0  37.8  19.3   0.3    6   6178   4216   0.00E
13:54:12  38.5   0.0  38.3  23.2   0.0    9   2430   3774   0.00E
13:54:13  47.8   0.0  37.2  15.0   0.0    9  13252   5614   0.00E
13:54:13  54.6   0.0  38.4   7.0   0.0   11  15636   8280   0.00E
13:54:14  55.5   0.0  42.2   2.3   0.0    9  15826   9444   0.00E
13:54:14  48.1   0.0  33.7  18.0   0.3   15  12394  10352   0.00E
13:54:15  51.4   0.0  39.3   9.3   0.0    7  10736   5930   0.00E
13:54:15  41.5   0.0  36.9  21.6   0.0    7   5900   4692   0.00E
13:54:16  44.9   0.0  34.8  20.3   0.0    7   7148   4866   0.00E
13:54:16  41.5   0.0  39.2  19.3   0.0    7   6022   4604   0.00E
13:54:17  38.8   0.0  36.3  24.8   0.0    8   6682   6074   0.00E
13:54:17  43.4   0.0  40.7  15.9   0.0    8   9598  10100   0.00E
13:54:18  40.6   0.0  34.8  24.4   0.3    8   9516  10164   0.00E
13:54:18  44.4   0.0  35.6  19.8   0.3    8   7098   6496   0.00E
13:54:19  40.2   0.0  36.9  22.9   0.0    8   6768   4882   0.00E
13:54:19  42.5   0.0  39.3  18.2   0.0    8   6018   4962   0.00E
13:54:20  55.8   0.0  36.2   8.0   0.0    9  13230   5914   0.00E
13:54:20  53.0   0.0  39.7   7.3   0.0   12  14368   5630   0.00E
13:54:21  53.5   0.0  36.9   9.6   0.0    7  12380   6916   0.00E
13:54:21  43.2   0.0  38.9  17.8   0.0    7   4538   4382   0.00E
  Time    User  Nice   Sys  Idle    IO  Run Ctxt/s  IRQ/s  Watts
13:54:22  39.7   0.0  34.2  26.1   0.0    6   4008   4186   0.00E
13:54:22  39.8   0.0  40.1  19.9   0.3    6   3068   4038   0.00E
13:54:23  37.0   0.0  34.5  28.5   0.0    7   3060   3974   0.00E
13:54:23  37.4   0.0  40.7  21.6   0.3   10   2684   3876   0.00E
13:54:24  36.4   0.0  36.2  27.4   0.0    9   3076   3938   0.00E
13:54:24  35.6   0.0  39.8  24.6   0.0    8   2496   3680   0.00E
13:54:25  40.8   0.0  40.1  19.1   0.0    6   3304   3830   0.00E
13:54:25  34.2   0.0  37.2  28.6   0.0    8   2550   3684   0.00E
13:54:26  39.4   0.0  41.2  19.3   0.0    7   4084   6584   0.00E
13:54:26  38.5   0.0  36.2  25.3   0.0    7   8058   7576   0.00E
13:54:27  46.9   0.0  41.3  11.8   0.0    7  10020   8320   0.00E
13:54:27  43.2   0.0  37.4  19.1   0.3    6  10574   5396   0.00E
13:54:28  53.1   0.0  39.4   7.5   0.0   15  12862   6324   0.00E
13:54:28  58.6   0.0  38.4   3.0   0.0    8  15620   5652   0.00E
13:54:29  55.7   0.0  38.3   5.8   0.3   13  14760   6402   0.00E
13:54:29  57.0   0.0  40.5   2.5   0.0   12  14966  10474   0.00E
13:54:30  45.0   0.0  39.7  15.3   0.0    8  11748  10426   0.00E
13:54:30  44.1   0.0  37.2  18.2   0.5   11  11540   5726   0.00E
13:54:31  54.5   0.0  35.7   9.8   0.0   12  18596   9624   0.00E
13:54:31  56.4   0.0  41.9   1.8   0.0   17  13708   8368   0.00E
13:54:32  58.6   0.0  36.6   4.8   0.0   14  11940   8064   0.00E
13:54:32  57.6   0.0  41.4   1.0   0.0    9  14474   9620   0.00E
13:54:33  57.0   0.0  39.2   3.8   0.0    9  12658  11024   0.00E
  Time    User  Nice   Sys  Idle    IO  Run Ctxt/s  IRQ/s  Watts
13:54:33  57.8   0.0  40.2   2.0   0.0   13  13468   7950   0.00E
13:54:34  53.6   0.0  43.6   2.8   0.0   10  10372   9220   0.00E
13:54:34  60.1   0.0  37.6   2.3   0.0   11   8824  10068   0.00E
13:54:35  59.5   0.0  39.2   1.2   0.0   14  14980   7232   0.00E
13:54:35  60.0   0.0  40.0   0.0   0.0   12  13778   8266   0.00E
13:54:36  63.6   0.0  36.4   0.0   0.0   15  14236  12248   0.00E
13:54:36  61.5   0.0  38.5   0.0   0.0   16  14908   7318   0.00E
13:54:37  67.0   0.0  32.8   0.2   0.0   17  12798   8112   0.00E
13:54:37  63.0   0.0  37.0   0.0   0.0   11  12780  11534   0.00E
13:54:38  60.3   0.0  39.7   0.0   0.0   16  13470  12356   0.00E
13:54:38  63.2   0.0  36.8   0.0   0.0   13  10532  11656   0.00E
13:54:39  61.5   0.0  38.5   0.0   0.0   19  10416   8010   0.00E
13:54:39  65.9   0.0  34.1   0.0   0.0   15  14190  11416   0.00E
13:54:40  62.0   0.0  38.0   0.0   0.0   13  13278   9178   0.00E
13:54:40  63.5   0.0  36.5   0.0   0.0   13  12372   8828   0.00E
13:54:41  60.9   0.0  38.8   0.3   0.0   12  10302   5724   0.00E
13:54:41  62.1   0.0  37.9   0.0   0.0   15  10692   7458   0.00E
13:54:42  62.2   0.0  37.8   0.0   0.0   16  17600  11730   0.00E
13:54:42  62.6   0.0  37.4   0.0   0.0   13  19666  13144   0.00E
13:54:43  65.5   0.0  34.5   0.0   0.0   12  22908  13732   0.00E
13:54:43  61.8   0.0  38.2   0.0   0.0   18  28356  15998   0.00E
13:54:44  60.3   0.0  39.7   0.0   0.0   21  11980  10994   0.00E
13:54:44  63.1   0.0  36.9   0.0   0.0   15  11618  11082   0.00E
  Time    User  Nice   Sys  Idle    IO  Run Ctxt/s  IRQ/s  Watts
13:54:45  64.6   0.0  35.4   0.0   0.0   12  10976   8880   0.00E
13:54:45  64.0   0.0  36.0   0.0   0.0   14   8238   7126   0.00E
13:54:46  60.7   0.0  39.1   0.2   0.0   13   9948  10882   0.00E
13:54:46  65.2   0.0  34.8   0.0   0.0   18   8074  10322   0.00E
13:54:47  61.7   0.0  38.3   0.0   0.0   11  10954  11772   0.00E
13:54:47  64.5   0.0  35.0   0.5   0.0   14  11866   9470   0.00E
13:54:48  58.6   0.0  39.6   1.8   0.0   15   8892   6080   0.00E
13:54:48  65.5   0.0  34.0   0.5   0.0   19  13318   6334   0.00E
13:54:49  60.8   0.0  39.0   0.2   0.0   18   9096   5722   0.00E
13:54:49  65.5   0.0  34.2   0.2   0.0   11   9366   5854   0.00E
13:54:50  62.9   0.0  35.1   2.0   0.0   17   8418   6690   0.00E
13:54:50  59.8   0.0  39.8   0.5   0.0   13   9368   6280   0.00E
13:54:51  59.9   0.0  35.6   4.3   0.3   14  20298  10132   0.00E
13:54:51  61.2   0.0  38.1   0.5   0.3   13  15078   8278   0.00E
13:54:52  58.3   0.0  41.2   0.5   0.0   14  11864   8584   0.00E
13:54:52  62.3   0.0  34.2   3.5   0.0    9   7776   4398   0.00E
13:54:53  52.5   0.0  33.5  14.0   0.0   15   6278   5320   0.00E
13:54:53  57.5   0.0  41.8   0.8   0.0   10   8686  11014   0.00E
13:54:54  63.3   0.0  35.7   1.0   0.0   12   9256   6258   0.00E
13:54:54  58.8   0.0  38.2   3.0   0.0   14   6620   5466   0.00E
13:54:55  63.4   0.0  35.3   1.3   0.0   11   7812   5152   0.00E
13:54:55  61.6   0.0  36.9   1.5   0.0   13   6880   4958   0.00E
13:54:56  58.9   0.0  37.9   3.2   0.0   15   5846   4310   0.00E
  Time    User  Nice   Sys  Idle    IO  Run Ctxt/s  IRQ/s  Watts
13:54:56  65.2   0.0  34.1   0.8   0.0   10  11940   7328   0.00E
13:54:57  58.4   0.0  40.9   0.8   0.0    9   5972   4566   0.00E
13:54:57  49.7   0.0  29.6  20.6   0.0    8   3768   3542   0.00E
13:54:58  58.2   0.0  36.5   5.2   0.0   17   4470   5572   0.00E
13:54:58  46.6   0.0  37.2  16.0   0.2    7   9694   5226   0.00E
13:54:59  43.2   0.0  36.9  18.1   1.8    4   6120   4490   0.00E
13:54:59  41.5   0.0  31.8  26.8   0.0   10   3318   3582   0.00E
13:55:00  47.4   0.0  36.5  16.1   0.0    7   4166   4004   0.00E
13:55:00  37.4   0.0  31.6  31.1   0.0    7   6248   4012   0.00E
13:55:01  42.5   0.0  43.7  13.6   0.3    8   4390   4018   0.00E
13:55:01  42.3   0.0  29.1  28.6   0.0    6   8740   4128   0.00E
13:55:02  46.0   0.0  38.8  15.2   0.0   12   5942   4024   0.00E
13:55:02  52.6   0.0  35.8  11.3   0.3   11  19392   5718   0.00E
13:55:03  43.7   0.0  33.4  22.9   0.0    8   3416   3834   0.00E
13:55:03  43.9   0.0  35.4  20.7   0.0    6   5852   4082   0.00E
13:55:04  45.5   0.0  33.7  20.9   0.0   14   7068   4594   0.00E
13:55:04  49.4   0.0  38.0  12.6   0.0    7   7586   5424   0.00E
13:55:05  41.9   0.0  30.1  28.0   0.0    8   5476   6020   0.00E
13:55:05  48.5   0.0  36.4  15.1   0.0    5   4996   6526   0.00E
13:55:06  39.5   0.0  30.5  29.8   0.2    5   5960   8576   0.00E
13:55:06  53.3   0.0  35.9  10.8   0.0    8   5098  10222   0.00E
13:55:07  49.7   0.0  29.8  20.5   0.0   13   6030   8632   0.00E
13:55:07  52.4   0.0  34.5  13.1   0.0    7   7842   7254   0.00E
  Time    User  Nice   Sys  Idle    IO  Run Ctxt/s  IRQ/s  Watts
13:55:08  54.8   0.0  36.2   9.0   0.0    7   4582   4552   0.00E
13:55:08  41.0   0.0  33.2  25.9   0.0    8   3976   6374   0.00E
13:55:09  44.6   0.0  33.0  22.4   0.0   11   5774   8768   0.00E
13:55:09  39.3   0.0  35.1  25.6   0.0   11   5706   8676   0.00E
13:55:10  48.0   0.0  37.2  14.8   0.0   10   8744   8304   0.00E
13:55:10  45.2   0.0  32.4  22.4   0.0    8   9998   8432   0.00E
13:55:11  45.7   0.0  37.9  16.3   0.0    7   3144   3552   0.00E
13:55:11  37.2   0.0  34.2  28.4   0.3   17   3728   3334   0.00E
13:55:12  43.9   0.0  39.7  16.2   0.2    8   5846   5374   0.00E
13:55:12  38.9   0.0  34.9  26.1   0.0    6   5214   5634   0.00E
13:55:13  43.2   0.0  35.1  21.7   0.0    7   6314   7116   0.00E
13:55:13  45.2   0.0  35.4  19.3   0.0    7   6638   4056   0.00E
13:55:14  44.8   0.0  34.0  21.2   0.0   10   6470   6504   0.00E
13:55:14  44.1   0.0  36.5  19.1   0.3    9   7926   8174   0.00E
13:55:15  44.5   0.0  33.9  21.6   0.0    8   7804   4324   0.00E
13:55:15  52.5   0.0  35.2  12.3   0.0    9   4384   3850   0.00E
13:55:16  43.7   0.0  29.6  26.6   0.0    7   4928   5952   0.00E
13:55:16  43.5   0.0  37.9  18.6   0.0    6   4236   5512   0.00E
13:55:17  42.1   0.0  31.2  26.7   0.0    7   5214   6676   0.00E
13:55:17  45.2   0.0  37.4  17.3   0.0    8   5116   6356   0.00E
13:55:18  44.7   0.0  31.6  23.7   0.0    7   7322   7954   0.00E
13:55:18  42.2   0.0  34.4  23.4   0.0    8   5538   6298   0.00E
13:55:19  48.2   0.0  33.1  18.4   0.3    8   8766   9558   0.00E
  Time    User  Nice   Sys  Idle    IO  Run Ctxt/s  IRQ/s  Watts
13:55:19  44.6   0.0  30.5  24.9   0.0    7   4720   5812   0.00E
13:55:20  44.4   0.0  35.6  20.1   0.0    6   6750   8704   0.00E
13:55:20  46.1   0.0  31.7  22.2   0.0    7   6138   3874   0.00E
13:55:21  45.7   0.0  34.9  19.1   0.3    7   3780   3592   0.00E
13:55:21  41.3   0.0  35.5  23.2   0.0    7   6180   7902   0.00E
13:55:22  43.9   0.0  37.1  18.8   0.3    8   4104   7356   0.00E
13:55:22  44.3   0.0  31.2  24.4   0.0    7   5718   3702   0.00E
13:55:23  46.2   0.0  34.3  19.4   0.0    8   5288   6356   0.00E
13:55:23  43.7   0.0  30.7  25.4   0.3    6   5832   3910   0.00E
13:55:24  44.0   0.0  32.5  23.5   0.0    9   3694   3652   0.00E
13:55:24  39.8   0.0  37.0  23.2   0.0    5   3052   3280   0.00E
13:55:25  38.8   0.0  33.1  27.8   0.3    7   2806   3462   0.00E
13:55:25  63.5   0.0  32.5   4.0   0.0   16   3388   3978   0.00E
13:55:26  49.9   0.0  34.3  15.8   0.0    8   3684   3600   0.00E
13:55:26  46.1   0.0  33.1  20.8   0.0    6   3134   3272   0.00E
13:55:27  32.9   0.0  27.6  39.4   0.0    6   2616   3320   0.00E
13:55:27  30.5   0.0  33.8  35.5   0.3    6   2930   3490   0.00E
13:55:28  30.6   0.0  30.3  39.1   0.0    8   3362   3494   0.00E
13:55:28  30.2   0.0  35.4  34.4   0.0    6   3254   3448   0.00E
13:55:29  26.6   0.0  31.1  42.4   0.0    6   2638   3380   0.00E
13:55:29  38.3   0.0  33.8  28.0   0.0   11   3146   3702   0.00E
13:55:30  34.3   0.0  31.1  34.3   0.3    7   5002   5704   0.00E
13:55:30  42.0   0.0  36.7  21.4   0.0    6   4574   6976   0.00E
  Time    User  Nice   Sys  Idle    IO  Run Ctxt/s  IRQ/s  Watts
13:55:31  35.3   0.0  32.0  32.7   0.0   10   3708   3872   0.00E
13:55:31  59.4   0.0  36.3   4.3   0.0   12   3964   3968   0.00E
13:55:32  62.6   0.0  35.2   2.3   0.0    8   3842   4370   0.00E
13:55:32  59.1   0.0  35.1   5.8   0.0   10   5356   4110   0.00E
13:55:33  62.4   0.0  32.8   4.8   0.0    8   3938   4372   0.00E
13:55:33  59.6   0.0  34.6   5.9   0.0   22   4952   5844   0.00E
13:55:34  59.0   0.0  40.8   0.3   0.0   10   8480   9000   0.00E
13:55:34  55.2   0.0  38.8   6.0   0.0    7   4990   7492   0.00E
13:55:35  54.8   0.0  34.7  10.6   0.0   13   5734   8750   0.00E
13:55:35  58.8   0.0  40.5   0.8   0.0   10   8114   9612   0.00E
13:55:36  50.9   0.0  38.8  10.3   0.0    7   8674   8612   0.00E
13:55:36  44.6   0.0  34.6  20.8   0.0    6   6138   8242   0.00E
13:55:37  49.4   0.0  35.4  15.2   0.0    6   5074   7610   0.00E
13:55:37  42.7   0.0  33.2  24.1   0.0    9   4684   4838   0.00E
13:55:38  42.1   0.0  32.8  25.1   0.0   11   3016   3310   0.00E
13:55:38  47.2   0.0  31.8  20.7   0.3   14  13220   4034   0.00E
13:55:39  62.6   0.0  35.7   1.8   0.0    7  20882   8002   0.00E
13:55:39  46.1   0.0  41.8  12.1   0.0    6   9478   4212   0.00E
13:55:40  49.3   0.0  34.5  16.3   0.0    9   9890   5610   0.00E
13:55:40  41.3   0.0  42.8  15.8   0.0    6   8338   4048   0.00E
13:55:41  44.6   0.0  34.4  21.0   0.0    4   9316   4192   0.00E
13:55:41  49.4   0.0  37.3  13.4   0.0    9   8466   4908   0.00E
13:55:42  48.2   0.0  38.2  13.5   0.0    7  18706   5146   0.00E
  Time    User  Nice   Sys  Idle    IO  Run Ctxt/s  IRQ/s  Watts
13:55:42  41.4   0.0  31.2  27.4   0.0   10  31800   8352   0.00E
13:55:43  48.1   0.0  39.8  12.1   0.0    8  21104   7952   0.00E
13:55:43  37.8   0.0  27.8  34.3   0.0    6   2760   3174   0.00E
13:55:44  44.9   0.0  35.8  19.3   0.0    8   2970   3346   0.00E
13:55:44  41.7   0.0  28.1  30.2   0.0    6   2790   3108   0.00E
13:55:45  44.2   0.0  36.7  19.1   0.0    7   2972   3222   0.00E
13:55:45  39.5   0.0  34.3  26.2   0.0    5   3760   3216   0.00E
13:55:46  42.6   0.0  35.6  21.8   0.0    6   3878   4434   0.00E
13:55:46  44.4   0.0  37.4  17.9   0.3    4   6420   7432   0.00E
13:55:47  46.7   0.0  33.7  19.6   0.0    7   9134   7944   0.00E
13:55:47  45.7   0.0  37.9  16.4   0.0    7   7880   8712   0.00E
13:55:48  41.2   0.0  32.2  26.5   0.0    9   7610   8680   0.00E
13:55:48  45.5   0.0  39.7  14.8   0.0    8   6420   7438   0.00E
13:55:49  38.8   0.0  33.2  27.9   0.0    7   7166   7512   0.00E
13:55:49  49.4   0.0  39.1  11.5   0.0   13   6336   8472   0.00E
13:55:50  39.5   0.0  39.7  20.8   0.0    9   7166   8372   0.00E
13:55:50  48.9   0.0  36.8  14.3   0.0    7   5688   7322   0.00E
13:55:51  40.6   0.0  36.1  23.1   0.3    6   5158   6484   0.00E
13:55:51  47.2   0.0  34.2  18.6   0.0    8   4556   6274   0.00E
13:55:52  47.1   0.0  40.9  12.0   0.0    6   8716   7020   0.00E
13:55:52  45.1   0.0  36.1  18.8   0.0    8   9950   7330   0.00E
13:55:53  53.1   0.0   7.0  39.8   0.0   10  16332   6826   0.00E
13:55:53  32.1   0.0   1.5  66.4   0.0    2  24394   7540   0.00E
  Time    User  Nice   Sys  Idle    IO  Run Ctxt/s  IRQ/s  Watts
13:55:54  25.1   0.0   0.8  74.2   0.0    2   9386   5226   0.00E
13:55:54  20.7   0.0   0.5  78.8   0.0    2   3352   3278   0.00E
13:55:55  13.7   0.0   0.3  85.8   0.3    2   2968   2462   0.00E
13:55:55  13.1   0.0   0.0  86.9   0.0    2   2264   1708   0.00E
13:55:56  14.7   0.0   0.5  84.8   0.0    2   4648   2746   0.00E
13:55:56  13.4   0.0   1.3  85.3   0.0    2   8196   4062   0.00E
13:55:57  14.2   0.0   0.8  84.7   0.3    2   7354   3476   0.00E
13:55:57  12.7   0.0   0.3  87.1   0.0    2   2712   2064   0.00E
13:55:58  15.1   0.0   0.0  84.9   0.0    2   3980   3000   0.00E
13:55:58  13.2   0.0   0.0  86.6   0.3    2   2566   2726   0.00E
13:55:59  13.6   0.0   0.5  83.3   2.5    2   6104   3160   0.00E
13:55:59  14.3   0.0   0.0  85.7   0.0    2   3184   1932   0.00E
13:56:00  15.3   0.0   0.5  84.2   0.0    2   6944   2986   0.00E
13:56:00  13.4   0.0   0.0  86.3   0.3    2   3616   2068   0.00E
13:56:01  13.6   0.0   0.5  85.9   0.0    2   2946   2016   0.00E
13:56:01  14.6   0.0   0.0  85.4   0.0    2   2944   3096   0.00E
13:56:02  14.9   0.0   0.3  84.8   0.0    2   5400   1924   0.00E
13:56:02  13.5   0.0   0.3  86.0   0.3    2   3902   2254   0.00E
13:56:03  15.1   0.0   0.5  84.4   0.0    2   6202   3044   0.00E
13:56:03  11.9   0.0   0.3  87.8   0.0    1   3724   2114   0.00E
13:56:04   2.8   0.0   1.0  96.2   0.0    2   3394   1958   0.00E
13:56:04   2.8   0.0   0.8  96.2   0.3    1   3662   2130   0.00E
13:56:05   2.6   0.0   1.0  96.4   0.0    1   3508   2138   0.00E
  Time    User  Nice   Sys  Idle    IO  Run Ctxt/s  IRQ/s  Watts
13:56:05   2.6   0.0   0.3  97.2   0.0    1   3982   1986   0.00E
13:56:06   3.1   0.0   1.5  95.4   0.0    1   3846   2072   0.00E
13:56:06   2.5   0.0   0.5  97.0   0.0    1   2666   1534   0.00E
13:56:07   2.3   0.0   0.3  97.4   0.0    1   2744   1664   0.00E
13:56:07  16.1   0.0   0.8  83.1   0.0    3   4690   7746   0.00E
13:56:08   2.8   0.0   1.3  95.7   0.3    1   3108   1978   0.00E
13:56:08   1.3   0.0   0.3  98.5   0.0    1   2738   1784   0.00E
13:56:09   1.8   0.0   0.8  97.4   0.0    2   2848   1762   0.00E
13:56:09   0.8   0.0   0.3  99.0   0.0    1   2184   1484   0.00E
13:56:10   2.0   0.0   0.5  97.2   0.3    1   3120   2450   0.00E
13:56:10   1.5   0.0   0.5  98.0   0.0    1   2426   1648   0.00E
13:56:11   7.4   0.0   0.3  92.4   0.0    2   2756   1824   0.00E
13:56:11  20.9   0.0   1.0  77.9   0.3    2   7166   5070   0.00E
13:56:12  13.7   0.0   0.0  86.3   0.0    2   3064   2958   0.00E
13:56:12  13.7   0.0   0.3  86.1   0.0    2   3762   2320   0.00E
13:56:13  44.6   0.0  34.2  21.2   0.0   10   3410   4574   0.00E
13:56:13  54.6   0.0  43.9   1.5   0.0    8   4456   5512   0.00E
13:56:14  52.0   0.0  33.9  14.1   0.0    8   4156   5246   0.00E
13:56:14  54.4   0.0  44.6   1.0   0.0    9   4310   5672   0.00E
13:56:15  54.0   0.0  39.7   6.3   0.0    6   5356   5762   0.00E
13:56:15  55.1   0.0  40.9   4.0   0.0    9   2930   5122   0.00E
13:56:16  54.4   0.0  41.1   4.5   0.0    8   4202   5508   0.00E
13:56:16  49.9   0.0  41.1   9.0   0.0    9   2762   4632   0.00E
  Time    User  Nice   Sys  Idle    IO  Run Ctxt/s  IRQ/s  Watts
13:56:17  54.1   0.0  43.6   2.2   0.0    9   3316   4824   0.00E
13:56:17  45.7   0.0  44.0  10.3   0.0    9   3498   4944   0.00E
13:56:18  49.2   0.0  47.0   3.8   0.0    9   3286   5210   0.00E
13:56:18  47.6   0.0  44.1   8.3   0.0    9   6004   5784   0.00E
13:56:19  52.5   0.0  46.5   1.0   0.0   10   7356   6622   0.00E
13:56:19  57.4   0.0  40.4   2.3   0.0   17   3722   5116   0.00E
13:56:20  51.8   0.0  43.8   4.5   0.0    8   3160   6396   0.00E
13:56:20  52.1   0.0  44.4   3.5   0.0    7   3942   5840   0.00E
13:56:21  49.2   0.0  42.0   8.8   0.0    8   3086   5232   0.00E
13:56:21  51.6   0.0  44.1   4.0   0.2   10   2694   4768   0.00E
13:56:22  46.1   0.0  43.1  10.8   0.0   10   4674   5416   0.00E
13:56:22  49.2   0.0  47.2   3.5   0.0   10   5694   5528   0.00E
13:56:23  46.6   0.0  45.1   8.3   0.0    9   5900   5844   0.00E
13:56:23  49.8   0.0  47.0   3.2   0.0   10   3868   4996   0.00E
13:56:24  41.2   0.0  47.8  11.0   0.0    7   2656   2940   0.00E
13:56:24  45.8   0.0  48.5   5.8   0.0    9   5876   3568   0.00E
13:56:25  53.6   0.0  46.1   0.3   0.0   12   8142   4854   0.00E
13:56:25  48.4   0.0  51.6   0.0   0.0   10   6136   4156   0.00E
13:56:26  50.2   0.0  48.2   1.5   0.0    9   7894   4864   0.00E
13:56:26  49.2   0.0  43.5   7.2   0.0   12   6014   3822   0.00E
13:56:27  56.1   0.0  43.9   0.0   0.0   18   5502   3604   0.00E
13:56:27  53.5   0.0  46.5   0.0   0.0   10   5424   3774   0.00E
13:56:28  47.1   0.0  52.9   0.0   0.0    9   7004   6534   0.00E
  Time    User  Nice   Sys  Idle    IO  Run Ctxt/s  IRQ/s  Watts
13:56:28  45.5   0.0  44.7   9.8   0.0    9   7366   8856   0.00E
13:56:29  50.9   0.0  48.6   0.5   0.0    9   8256   9092   0.00E
13:56:29  46.5   0.0  47.0   6.5   0.0    9   5282   5844   0.00E
13:56:30  50.8   0.0  46.0   3.3   0.0   10   6310   6946   0.00E
13:56:30  50.6   0.0  48.6   0.8   0.0    9   7146   7006   0.00E
13:56:31  48.0   0.0  50.2   1.8   0.0   12   6964   8290   0.00E
13:56:31  51.9   0.0  46.4   1.8   0.0   11   9026   9196   0.00E
13:56:32  45.8   0.0  51.5   2.5   0.2    8   5344   4440   0.00E
13:56:32  42.8   0.0  50.5   6.8   0.0    7   2902   2974   0.00E
13:56:33  48.9   0.0  47.1   4.0   0.0    8   6876   7954   0.00E
13:56:33  47.6   0.0  47.9   4.5   0.0   10   5842   7272   0.00E
13:56:34  46.7   0.0  47.5   5.8   0.0    9   6850   6752   0.00E
13:56:34  53.3   0.0  43.5   3.3   0.0    9   7902   7658   0.00E
13:56:35  45.7   0.0  49.0   5.3   0.0   10   3722   5016   0.00E
13:56:35  54.4   0.0  44.9   0.8   0.0   11   9502   9524   0.00E
13:56:36  57.2   0.0  42.8   0.0   0.0   10   5210   5770   0.00E
13:56:36  59.5   0.0  40.5   0.0   0.0   11   6914   9384   0.00E
13:56:37  54.0   0.0  46.0   0.0   0.0   18   7758   8154   0.00E
13:56:37  64.2   0.0  35.8   0.0   0.0   11   7852   8490   0.00E
13:56:38  55.2   0.0  44.8   0.0   0.0   19   5416   7174   0.00E
13:56:38  62.5   0.0  37.5   0.0   0.0   11   5902   8324   0.00E
13:56:39  53.5   0.0  46.5   0.0   0.0   11   4560   7132   0.00E
13:56:39  60.8   0.0  39.0   0.2   0.0   20   5418   7910   0.00E
  Time    User  Nice   Sys  Idle    IO  Run Ctxt/s  IRQ/s  Watts
13:56:40  50.6   0.0  49.4   0.0   0.0   11   6544   9750   0.00E
13:56:40  57.2   0.0  42.8   0.0   0.0   21   4666   8418   0.00E
13:56:41  57.5   0.0  42.5   0.0   0.0   11   7422  12204   0.00E
13:56:41  58.1   0.0  41.9   0.0   0.0   20   6044   7172   0.00E
13:56:42  58.1   0.0  41.9   0.0   0.0   13   6868  10032   0.00E
13:56:42  56.9   0.0  43.1   0.0   0.0   10   8314   9718   0.00E
13:56:43  63.0   0.0  37.0   0.0   0.0   14   4684   4562   0.00E
13:56:43  57.6   0.0  42.4   0.0   0.0   12   3474   3678   0.00E
13:56:44  51.6   0.0  48.4   0.0   0.0   10   3358   3064   0.00E
13:56:44  52.9   0.0  47.1   0.0   0.0   11   3774   3026   0.00E
13:56:45  55.5   0.0  44.5   0.0   0.0   14   5160   6962   0.00E
13:56:45  57.2   0.0  42.8   0.0   0.0   21   5974   7576   0.00E
13:56:46  57.2   0.0  42.8   0.0   0.0   10  12838   8616   0.00E
13:56:46  44.0   0.0  56.0   0.0   0.0   10   2530   2840   0.00E
13:56:47  58.2   0.0  41.8   0.0   0.0   13   6772   3852   0.00E
13:56:47  51.0   0.0  49.0   0.0   0.0   10   6794   4428   0.00E
13:56:48  48.4   0.0  48.9   2.8   0.0   10   5534   5682   0.00E
13:56:48  45.5   0.0  48.0   6.2   0.2    9   5210   4192   0.00E
13:56:49  48.4   0.0  49.6   2.0   0.0    9   6734   9134   0.00E
13:56:49  51.4   0.0  47.9   0.7   0.0   16   7658   7766   0.00E
13:56:50  50.4   0.0  49.6   0.0   0.0   10   6312   4294   0.00E
13:56:50  53.4   0.0  46.4   0.3   0.0    9   8586   7824   0.00E
13:56:51  48.2   0.0  50.0   1.8   0.0   10   6082   6414   0.00E
  Time    User  Nice   Sys  Idle    IO  Run Ctxt/s  IRQ/s  Watts
13:56:51  47.9   0.0  50.9   1.3   0.0    9   6602   7448   0.00E
13:56:52  49.5   0.0  47.5   3.0   0.0   15   7164   8946   0.00E
13:56:52  53.9   0.0  46.1   0.0   0.0   10   5828   4258   0.00E
13:56:53  58.0   0.0  41.0   1.0   0.0   18   4990   3568   0.00E
13:56:53  63.1   0.0  36.9   0.0   0.0   11   4260   3388   0.00E
13:56:54  56.2   0.0  43.8   0.0   0.0   21   5906   3894   0.00E
13:56:54  59.4   0.0  40.6   0.0   0.0   13   7202   6076   0.00E
13:56:55  57.5   0.0  42.5   0.0   0.0   14   7296   6290   0.00E
13:56:55  50.0   0.0  50.0   0.0   0.0   11   6622   7520   0.00E
13:56:56  55.8   0.0  44.0   0.2   0.0    8   8046   8690   0.00E
13:56:56  47.6   0.0  50.6   1.8   0.0   11   7064   9604   0.00E
13:56:57  52.5   0.0  43.8   3.8   0.0   10   6994   7422   0.00E
13:56:57  54.5   0.0  45.2   0.2   0.0   12   6800   4216   0.00E
13:56:58  60.8   0.0  39.2   0.0   0.0   10   6532   4388   0.00E
13:56:58  59.4   0.0  40.6   0.0   0.0   10   5908   4858   0.00E
13:56:59  46.5   0.0  52.0   1.3   0.3   10   9562   8362   0.00E
13:56:59  48.4   0.0  49.6   2.0   0.0    9   6818   7490   0.00E
13:57:00  52.4   0.0  46.9   0.8   0.0    9   9492   9970   0.00E
13:57:00  44.9   0.0  48.6   6.5   0.0    9   5918   5154   0.00E
13:57:01  47.9   0.0  50.4   1.8   0.0   14   5796   4024   0.00E
13:57:01  48.6   0.0  47.1   4.3   0.0    8   5842   4220   0.00E
13:57:02  47.9   0.0  50.6   1.5   0.0   12   5610   4060   0.00E
13:57:02  52.3   0.0  45.5   2.3   0.0   14   7470   4814   0.00E
  Time    User  Nice   Sys  Idle    IO  Run Ctxt/s  IRQ/s  Watts
13:57:03  48.9   0.0  50.9   0.3   0.0   10   6606   4642   0.00E
13:57:03  45.8   0.0  49.2   5.0   0.0   17   5678   4012   0.00E
13:57:04  48.5   0.0  48.0   3.2   0.2   11   7856   5006   0.00E
13:57:04  44.0   0.0  52.0   4.0   0.0    9   5514   4152   0.00E
13:57:05  50.1   0.0  48.1   1.8   0.0    8   6604   4126   0.00E
13:57:05  47.2   0.0  51.2   1.5   0.0   10   5024   3568   0.00E
13:57:06  48.0   0.0  50.5   1.5   0.0   10   6520   4626   0.00E
13:57:06  48.6   0.0  48.6   2.8   0.0    8   4372   3528   0.00E
13:57:07  47.5   0.0  48.8   3.8   0.0   13   5830   4332   0.00E
13:57:07  44.9   0.0  49.4   5.8   0.0    9   5376   3974   0.00E
13:57:08  46.8   0.0  49.5   3.8   0.0    9   5132   3836   0.00E
13:57:08  46.6   0.0  47.4   6.0   0.0   10   5244   3700   0.00E
13:57:09  48.1   0.0  49.1   2.8   0.0   11   7214   7718   0.00E
13:57:09  45.8   0.0  46.2   8.0   0.0    8   4590   3530   0.00E
13:57:10  51.6   0.0  46.1   2.3   0.0   10   7200   7942   0.00E
13:57:10  44.6   0.0  53.9   1.5   0.0   12   5772   8782   0.00E
13:57:11  44.5   0.0  48.0   7.5   0.0    8   4994   8472   0.00E
13:57:11  44.1   0.0  46.6   9.3   0.0    9   4168   6470   0.00E
13:57:12  57.8   0.0  42.2   0.0   0.0   10   6170   8392   0.00E
13:57:12  47.2   0.0  52.8   0.0   0.0   10   4712   8536   0.00E
13:57:13  42.3   0.0  44.3  13.4   0.0   12   5486   6730   0.00E
13:57:13  45.5   0.0  52.2   2.2   0.0    9   4550   4986   0.00E
13:57:14  44.0   0.0  46.0  10.1   0.0    7   4534   3594   0.00E
  Time    User  Nice   Sys  Idle    IO  Run Ctxt/s  IRQ/s  Watts
13:57:14  50.4   0.0  48.4   1.3   0.0    9   4802   3598   0.00E
13:57:15  47.0   0.0  50.8   2.2   0.0    8   4926   7980   0.00E
13:57:15  43.8   0.0  45.2  11.0   0.0   12   4228   4196   0.00E
13:57:16  47.1   0.0  52.1   0.7   0.0    9   4068   3436   0.00E
13:57:16  53.3   0.0  45.2   1.5   0.0    9   7140   4064   0.00E
13:57:17  52.5   0.0  47.2   0.2   0.0   11   7478   4528   0.00E
13:57:17  54.9   0.0  45.1   0.0   0.0   10   6826   4680   0.00E
13:57:18  46.9   0.0  52.6   0.5   0.0    9   4920   3704   0.00E
13:57:18  45.6   0.0  43.6  10.8   0.0    7   3152   3074   0.00E
13:57:19  42.9   0.0  52.4   4.8   0.0   11   3216   3210   0.00E
13:57:19  45.0   0.0  46.5   8.5   0.0    9   2802   2976   0.00E
13:57:20  45.5   0.0  47.0   7.5   0.0    9   3746   3308   0.00E
13:57:20  45.2   0.0  51.0   3.8   0.0    7   3144   3112   0.00E
13:57:21  42.5   0.0  45.0  12.5   0.0   10   2928   3054   0.00E
13:57:21  48.6   0.0  50.9   0.5   0.0    9   2522   2846   0.00E
13:57:22  43.2   0.0  44.5  12.2   0.0   11   3726   3632   0.00E
13:57:22  45.5   0.0  51.2   3.2   0.0    9   2866   2996   0.00E
-------- ----- ----- ----- ----- ----- ---- ------ ------ ------ 
 Average  34.2   0.0  30.7  35.1   0.0  7.0 4952.7 4593.2  -N/A- 
 GeoMean  28.0   0.0   0.0   0.0   0.0  5.9 4223.5 4065.0   0.00 
  StdDev  15.9   0.0  12.4  26.8   0.2  3.7 3447.1 2406.2  -N/A- 
-------- ----- ----- ----- ----- ----- ---- ------ ------ ------ 
 Minimum   0.3   0.0   0.0   0.0   0.0  1.0 1934.0 1302.0  -N/A- 
 Maximum  67.0   0.0  56.0  99.0   2.5 22.0 31800.0 15998.0  -N/A- 
-------- ----- ----- ----- ----- ----- ---- ------ ------ ------ 
Summary:
System:   0.00 Watts on average with standard deviation 0.00  
