Running for 480.0 seconds (960 samples at 0.5 second intervals).
Power measurements will start in 0 seconds time.

  Time    User  Nice   Sys  Idle    IO  Run Ctxt/s  IRQ/s  Watts
13:52:43   2.0   0.0   1.0  97.0   0.0    1   2792   1856   0.00E
13:52:43   0.8   0.0   0.5  98.7   0.0    1   2456   1708   0.00E
13:52:44   1.5   0.0   1.3  97.2   0.0    1   2632   1692   0.00E
13:52:44  12.9   0.0   0.5  86.3   0.3    2   3180   2218   0.00E
13:52:45   6.1   0.0   1.0  92.9   0.0    1   2282   1660   0.00E
13:52:45   5.1   0.0   1.8  93.1   0.0    1   4866   2296   0.00E
13:52:46   1.5   0.0   1.3  97.0   0.3    1   2880   1850   0.00E
13:52:46   1.5   0.0   0.3  98.2   0.0    1   2370   1506   0.00E
13:52:47  11.6   0.0   0.3  88.1   0.0    3   2536   2006   0.00E
13:52:47   4.8   0.0   0.5  94.7   0.0    1   2530   1650   0.00E
13:52:48   2.3   0.0   0.5  97.2   0.0    1   2986   1724   0.00E
13:52:48   2.3   0.0   0.5  97.0   0.3    1   2330   1458   0.00E
13:52:49   2.5   0.0   1.0  96.4   0.0    1   2764   1678   0.00E
13:52:49   0.8   0.0   0.0  99.2   0.0    1   2028   1336   0.00E
13:52:50   1.8   0.0   1.0  97.2   0.0    1   2646   1550   0.00E
13:52:50   2.0   0.0   0.8  97.0   0.3    1   2736   1798   0.00E
13:52:51   1.5   0.0   1.3  97.2   0.0    1   2346   1592   0.00E
13:52:51   3.8   0.0   0.5  95.7   0.0    1   2906   2090   0.00E
13:52:52   1.5   0.0   1.8  96.7   0.0    1   2422   1548   0.00E
13:52:52   4.1   0.0   4.8  91.1   0.0    9   2674   1606   0.00E
13:52:53  36.8   0.0  38.0  25.2   0.0    3   3322   4976   0.00E
13:52:53  36.9   0.0  36.7  26.2   0.2    7   3108   5624   0.00E
13:52:54  38.1   0.0  43.4  18.5   0.0    7   3532   6126   0.00E
  Time    User  Nice   Sys  Idle    IO  Run Ctxt/s  IRQ/s  Watts
13:52:54  35.7   0.0  35.2  29.1   0.0    8   2642   5658   0.00E
13:52:55  39.8   0.0  38.6  21.6   0.0    8   2828   6272   0.00E
13:52:55  39.1   0.0  33.6  27.3   0.0    6   2850   5736   0.00E
13:52:56  39.4   0.0  38.7  21.9   0.0    8   3040   6190   0.00E
13:52:56  36.1   0.0  38.3  25.3   0.3    7   2854   5858   0.00E
13:52:57  34.3   0.0  41.6  24.2   0.0    8   2948   5904   0.00E
13:52:57  36.6   0.0  37.6  25.8   0.0    6   3200   5818   0.00E
13:52:58  37.8   0.0  37.3  24.8   0.0    9   3672   6226   0.00E
13:52:58  40.2   0.0  37.7  21.6   0.5    8   2644   6360   0.00E
13:52:59  34.7   0.0  35.4  28.6   1.3    6   5494   6290   0.00E
13:52:59  40.4   0.0  42.9  16.8   0.0    7   3562   7044   0.00E
13:53:00  38.7   0.0  36.2  25.1   0.0    5   3970   6114   0.00E
13:53:00  39.7   0.0  38.4  21.9   0.0    8   3184   5732   0.00E
13:53:01  41.6   0.0  37.6  20.8   0.0    5   3464   6052   0.00E
13:53:01  39.4   0.0  32.2  28.4   0.0    9   2720   5442   0.00E
13:53:02  39.9   0.0  40.6  19.2   0.2    9   3748   6674   0.00E
13:53:02  37.8   0.0  34.2  28.0   0.0    7   3238   5802   0.00E
13:53:03  39.2   0.0  37.9  22.9   0.0    9   3106   5972   0.00E
13:53:03  41.7   0.0  35.9  22.4   0.0    7   2856   6430   0.00E
13:53:04  37.9   0.0  37.4  24.4   0.3    7   3302   6246   0.00E
13:53:04  37.8   0.0  38.5  23.8   0.0    5   2444   6188   0.00E
13:53:05  38.1   0.0  39.6  22.3   0.0    7   3046   6170   0.00E
13:53:05  37.5   0.0  40.2  22.2   0.0    6   2906   6194   0.00E
  Time    User  Nice   Sys  Idle    IO  Run Ctxt/s  IRQ/s  Watts
13:53:06  40.1   0.0  34.5  25.4   0.0    8   2968   5678   0.00E
13:53:06  41.6   0.0  37.3  21.1   0.0    7   2482   6136   0.00E
13:53:07  35.4   0.0  34.2  30.4   0.0   11   2978   5524   0.00E
13:53:07  39.8   0.0  39.3  20.8   0.0    9   3044   6314   0.00E
13:53:08  36.4   0.0  38.2  25.4   0.0    6   3408   7370   0.00E
13:53:08  34.4   0.0  38.9  26.6   0.0    9   2326   5814   0.00E
13:53:09  39.3   0.0  39.6  21.1   0.0    6   3180   5710   0.00E
13:53:09  36.3   0.0  34.0  29.5   0.3    8   2926   6294   0.00E
13:53:10  40.5   0.0  40.5  19.1   0.0    7   2846   5532   0.00E
13:53:10  39.2   0.0  34.9  25.9   0.0    5   2512   4212   0.00E
13:53:11  37.2   0.0  41.0  21.9   0.0    8   2988   4434   0.00E
13:53:11  39.7   0.0  38.4  21.9   0.0    6   2542   4096   0.00E
13:53:12  41.8   0.0  34.9  23.3   0.0    7   4164   4584   0.00E
13:53:12  38.2   0.0  39.7  22.1   0.0    5   2390   4044   0.00E
13:53:13  36.0   0.0  36.2  27.8   0.0    9   2998   4030   0.00E
13:53:13  36.3   0.0  43.9  19.8   0.0    7   2382   4006   0.00E
13:53:14  34.8   0.0  34.0  31.2   0.0    8   2954   4138   0.00E
13:53:14  42.9   0.0  38.8  18.3   0.0    8   2546   4052   0.00E
13:53:15  35.8   0.0  36.1  28.1   0.0    6   3016   4058   0.00E
13:53:15  40.3   0.0  37.3  22.4   0.0    8   2394   4086   0.00E
13:53:16  40.2   0.0  37.9  21.9   0.0    4   3098   4206   0.00E
13:53:16  39.8   0.0  32.5  27.8   0.0    9   2678   3938   0.00E
13:53:17  42.0   0.0  36.2  21.8   0.0    7   2994   4204   0.00E
  Time    User  Nice   Sys  Idle    IO  Run Ctxt/s  IRQ/s  Watts
13:53:17  37.2   0.0  35.9  26.9   0.0    6   2836   4146   0.00E
13:53:18  43.1   0.0  34.8  22.1   0.0    7   2776   4240   0.00E
13:53:18  36.2   0.0  37.4  26.4   0.0    8   2410   4110   0.00E
13:53:19  37.3   0.0  41.4  21.3   0.0    7   3302   4322   0.00E
13:53:19  36.7   0.0  36.2  26.9   0.2    8   2670   4154   0.00E
13:53:20  36.9   0.0  43.5  19.6   0.0    9   2982   4328   0.00E
13:53:20  33.4   0.0  32.9  33.7   0.0    8   2504   3892   0.00E
13:53:21  38.5   0.0  42.5  19.0   0.0    8   3112   4166   0.00E
13:53:21  35.9   0.0  38.4  25.6   0.0    5   2454   3806   0.00E
13:53:22  41.2   0.0  35.0  23.5   0.2    8   3340   4068   0.00E
13:53:22  37.9   0.0  41.5  20.6   0.0    6   2378   3850   0.00E
13:53:23  35.6   0.0  39.3  25.1   0.0    6   3120   3910   0.00E
13:53:23  39.9   0.0  38.4  21.6   0.0    6   2338   3738   0.00E
13:53:24  40.3   0.0  32.7  27.0   0.0   13   3128   3890   0.00E
13:53:24  42.9   0.0  37.3  19.8   0.0    7   2738   3530   0.00E
13:53:25  37.4   0.0  32.8  29.8   0.0    9   3076   3496   0.00E
13:53:25  42.6   0.0  38.0  19.4   0.0    9   2292   3592   0.00E
13:53:26  37.4   0.0  30.7  31.9   0.0    6   3004   3556   0.00E
13:53:26  44.6   0.0  36.3  19.1   0.0    8   2368   3706   0.00E
13:53:27  39.1   0.0  33.3  27.6   0.0    7   2794   3464   0.00E
13:53:27  40.6   0.0  38.3  21.1   0.0    6   3016   3840   0.00E
13:53:28  41.5   0.0  31.6  26.8   0.0    6   3202   3718   0.00E
13:53:28  44.3   0.0  36.5  19.1   0.0    6   2500   3688   0.00E
  Time    User  Nice   Sys  Idle    IO  Run Ctxt/s  IRQ/s  Watts
13:53:29  37.8   0.0  37.8  24.4   0.0    5   2926   3718   0.00E
13:53:29  42.1   0.0  34.8  22.8   0.3    8   3488   3814   0.00E
13:53:30  47.0   0.0  33.7  19.3   0.0    6   4208   4110   0.00E
13:53:30  39.8   0.0  29.0  31.2   0.0    9   2694   3426   0.00E
13:53:31  43.8   0.0  38.5  17.8   0.0    9   3546   3982   0.00E
13:53:31  39.0   0.0  30.6  30.4   0.0    6   3168   3562   0.00E
13:53:32  44.6   0.0  34.5  20.9   0.0    8   3088   3730   0.00E
13:53:32  41.0   0.0  33.7  25.4   0.0    7   3356   3612   0.00E
13:53:33  45.0   0.0  34.7  20.4   0.0    6   3216   3742   0.00E
13:53:33  40.5   0.0  31.6  27.8   0.0    6   2536   3560   0.00E
13:53:34  42.5   0.0  36.2  21.0   0.2    6   3146   3814   0.00E
13:53:34  41.3   0.0  34.0  24.7   0.0    4   2192   3378   0.00E
13:53:35  39.1   0.0  35.3  25.6   0.0    8   3104   3770   0.00E
13:53:35  38.9   0.0  40.2  20.9   0.0    6   2590   3694   0.00E
13:53:36  35.9   0.0  32.8  31.3   0.0    6   3130   3738   0.00E
13:53:36  31.4   0.0  35.7  32.9   0.0    8   2396   3688   0.00E
13:53:37  26.1   0.0  32.4  41.5   0.0    5   3234   3660   0.00E
13:53:37  26.8   0.0  39.0  34.2   0.0    5   2364   3720   0.00E
13:53:38  26.5   0.0  33.3  40.2   0.0    5   3596   3958   0.00E
13:53:38  26.5   0.0  41.4  32.1   0.0    5   2782   3812   0.00E
13:53:39  27.3   0.0  33.1  39.6   0.0    7   3154   3868   0.00E
13:53:39  27.0   0.0  39.2  33.5   0.2    5   2558   3872   0.00E
13:53:40  28.0   0.0  34.8  37.3   0.0    3   2816   3994   0.00E
  Time    User  Nice   Sys  Idle    IO  Run Ctxt/s  IRQ/s  Watts
13:53:40  28.0   0.0  34.8  37.3   0.0    7   3322   3758   0.00E
13:53:41  30.6   0.0  36.1  33.3   0.0    5   2914   3892   0.00E
13:53:41  25.2   0.0  32.5  42.3   0.0    6   2740   3638   0.00E
13:53:42  24.7   0.0  41.6  33.8   0.0    8   2952   4064   0.00E
13:53:42  23.2   0.0  33.8  42.8   0.2    5   2736   3764   0.00E
13:53:43  24.9   0.0  41.5  33.7   0.0    5   3192   4220   0.00E
13:53:43  23.8   0.0  35.2  41.0   0.0    5   2622   3950   0.00E
13:53:44  30.3   0.0  37.8  31.8   0.0    8   3990   5264   0.00E
13:53:44  36.6   0.0  37.3  25.8   0.3    6   5348   7914   0.00E
13:53:45  41.7   0.0  37.2  21.1   0.0    6   4964   8470   0.00E
13:53:45  44.2   0.0  40.2  15.7   0.0    6  10216   9320   0.00E
13:53:46  40.8   0.0  37.7  21.5   0.0   10   9980   7256   0.00E
13:53:46  38.8   0.0  41.6  19.3   0.3    6   3480   4912   0.00E
13:53:47  33.7   0.0  33.7  32.7   0.0    7   3028   4060   0.00E
13:53:47  43.0   0.0  39.8  17.2   0.0   10   4184   4714   0.00E
13:53:48  36.8   0.0  35.5  27.7   0.0    5   4894   4700   0.00E
13:53:48  37.0   0.0  41.8  21.2   0.0    6   2790   4250   0.00E
13:53:49  40.2   0.0  37.2  22.6   0.0    7   7774   9368   0.00E
13:53:49  41.6   0.0  39.4  19.0   0.0    8   8204   9082   0.00E
13:53:50  34.8   0.0  40.1  25.2   0.0    7   3596   6210   0.00E
13:53:50  37.4   0.0  39.7  22.9   0.0    6   3808   6036   0.00E
13:53:51  36.2   0.0  40.2  23.6   0.0    6   4176   5482   0.00E
13:53:51  38.6   0.0  37.4  24.0   0.0   11   5804   7370   0.00E
  Time    User  Nice   Sys  Idle    IO  Run Ctxt/s  IRQ/s  Watts
13:53:52  42.2   0.0  40.2  17.5   0.0    6   6606   8782   0.00E
13:53:52  41.0   0.0  32.2  26.8   0.0    7   8268   8462   0.00E
13:53:53  43.3   0.0  43.8  12.8   0.0   11   8406   8284   0.00E
13:53:53  41.7   0.0  34.9  23.4   0.0    9   8132   5178   0.00E
13:53:54  47.4   0.0  36.2  16.5   0.0   12   8582   9808   0.00E
13:53:54  44.9   0.0  36.6  18.4   0.0   10   9720  10498   0.00E
13:53:55  47.6   0.0  37.8  14.6   0.0   11  10676  10786   0.00E
13:53:55  44.5   0.0  36.4  18.8   0.3   11   9272  10528   0.00E
13:53:56  47.1   0.0  37.3  15.5   0.0   11  13128   9714   0.00E
13:53:56  50.1   0.0  37.9  12.0   0.0    9  11026   8154   0.00E
13:53:57  41.4   0.0  38.3  20.3   0.0    7   6436   4662   0.00E
13:53:57  45.7   0.0  38.8  15.5   0.0    8  11526   8502   0.00E
13:53:58  43.1   0.0  37.2  19.7   0.0    9   7218   7134   0.00E
13:53:58  44.1   0.0  35.8  19.5   0.5    8   9702   5902   0.00E
13:53:59  43.0   0.0  35.6  19.8   1.5    7   6662   6368   0.00E
13:53:59  44.9   0.0  38.6  16.5   0.0    6  13900   9432   0.00E
13:54:00  41.4   0.0  39.6  19.0   0.0    6   6776   5714   0.00E
13:54:00  43.6   0.0  37.8  18.5   0.0    6   9802  10322   0.00E
13:54:01  46.5   0.0  35.5  17.8   0.2    7   9662   8950   0.00E
13:54:01  54.1   0.0  35.1  10.8   0.0    8  10658   9850   0.00E
13:54:02  42.9   0.0  38.4  18.7   0.0    9   8648   8376   0.00E
13:54:02  47.6   0.0  34.1  18.3   0.0   11  10972   9614   0.00E
13:54:03  51.1   0.0  38.6  10.3   0.0   19  10470   6776   0.00E
  Time    User  Nice   Sys  Idle    IO  Run Ctxt/s  IRQ/s  Watts
13:54:03  49.1   0.0  35.5  15.4   0.0    8   5694   4440   0.00E
13:54:04  48.9   0.0  34.1  17.0   0.0   10   8702   8826   0.00E
13:54:04  43.0   0.0  36.5  20.5   0.0    7   8686   9564   0.00E
13:54:05  43.9   0.0  36.8  19.3   0.0    9   6986   6420   0.00E
13:54:05  42.5   0.0  37.9  19.3   0.3    7   7822   7364   0.00E
13:54:06  44.7   0.0  37.2  17.8   0.3    7   9454  10142   0.00E
13:54:06  41.3   0.0  38.0  20.7   0.0    7   5724   6364   0.00E
13:54:07  42.4   0.0  36.9  20.7   0.0   10   5378   6048   0.00E
13:54:07  44.6   0.0  34.3  21.2   0.0    7   8514   9094   0.00E
13:54:08  45.4   0.0  36.7  18.0   0.0    8  10876   7402   0.00E
13:54:08  40.2   0.0  38.0  21.8   0.0    8   4332   9098   0.00E
13:54:09  39.6   0.0  36.8  23.4   0.3    9   7744   9852   0.00E
13:54:09  45.7   0.0  37.9  16.3   0.0    9   7340   8434   0.00E
13:54:10  41.4   0.0  36.4  22.2   0.0    7   6544   8366   0.00E
13:54:10  40.7   0.0  39.7  19.6   0.0    7   2706   3980   0.00E
13:54:11  47.1   0.0  38.6  14.3   0.0    9   7154   4224   0.00E
13:54:11  52.4   0.0  37.6  10.0   0.0    7   9994   5348   0.00E
13:54:12  41.5   0.0  38.5  19.8   0.2    7   6018   4188   0.00E
13:54:12  40.2   0.0  38.1  21.7   0.0    8   3894   3896   0.00E
13:54:13  48.1   0.0  36.9  15.0   0.0   10  12436   5690   0.00E
13:54:13  54.5   0.0  38.7   6.8   0.0    9  15436   8426   0.00E
13:54:14  55.0   0.0  41.8   3.2   0.0   10  15946   9540   0.00E
13:54:14  48.6   0.0  34.0  17.1   0.3   11  12754  10416   0.00E
  Time    User  Nice   Sys  Idle    IO  Run Ctxt/s  IRQ/s  Watts
13:54:15  49.9   0.0  39.8  10.3   0.0    8  10016   5498   0.00E
13:54:15  42.2   0.0  35.7  22.1   0.0    9   5902   4658   0.00E
13:54:16  44.1   0.0  35.8  20.2   0.0    8   7158   4910   0.00E
13:54:16  41.2   0.0  38.9  19.9   0.0    7   6056   4586   0.00E
13:54:17  39.8   0.0  37.1  23.1   0.0   10   6700   6428   0.00E
13:54:17  43.4   0.0  39.8  16.8   0.0    8   9680  10090   0.00E
13:54:18  40.8   0.0  34.7  24.3   0.3    9   9656  10200   0.00E
13:54:18  44.1   0.0  36.6  19.0   0.3    9   6846   6132   0.00E
13:54:19  41.1   0.0  35.8  23.1   0.0    9   6712   4878   0.00E
13:54:19  41.5   0.0  39.8  18.7   0.0    8   6180   4976   0.00E
13:54:20  57.0   0.0  36.2   6.8   0.0    9  13176   5950   0.00E
13:54:20  53.4   0.0  39.3   7.3   0.0   10  14896   5622   0.00E
13:54:21  52.0   0.0  37.1  10.9   0.0    7  11842   6854   0.00E
13:54:21  43.2   0.0  38.7  18.1   0.0    7   4288   4362   0.00E
13:54:22  39.2   0.0  33.9  26.9   0.0    6   3964   4156   0.00E
13:54:22  40.2   0.0  39.4  20.1   0.3    7   3044   4048   0.00E
13:54:23  36.9   0.0  35.6  27.3   0.3    7   3260   4002   0.00E
13:54:23  38.2   0.0  41.2  20.6   0.0    7   2534   3864   0.00E
13:54:24  35.7   0.0  35.7  28.6   0.0    7   3060   3934   0.00E
13:54:24  35.8   0.0  40.4  23.8   0.0    8   2496   3674   0.00E
13:54:25  40.2   0.0  38.9  20.9   0.0    6   3306   3830   0.00E
13:54:25  34.7   0.0  38.4  26.9   0.0    8   2548   3700   0.00E
13:54:26  38.9   0.0  41.0  20.1   0.0    7   4106   6570   0.00E
  Time    User  Nice   Sys  Idle    IO  Run Ctxt/s  IRQ/s  Watts
13:54:26  38.5   0.0  36.5  25.1   0.0    6   8630   8038   0.00E
13:54:27  48.2   0.0  40.2  11.6   0.0    7   9918   7968   0.00E
13:54:27  42.2   0.0  37.4  20.2   0.3    6  10426   5410   0.00E
13:54:28  55.1   0.0  39.4   5.5   0.0   11  13188   6276   0.00E
13:54:28  58.1   0.0  38.9   3.0   0.0   10  15536   5686   0.00E
13:54:29  55.5   0.0  38.4   5.8   0.3   11  15084   6634   0.00E
13:54:29  57.2   0.0  40.2   2.5   0.0   10  15524  10712   0.00E
13:54:30  43.0   0.0  40.0  16.7   0.3    8  10488  10204   0.00E
13:54:30  46.3   0.0  36.0  17.4   0.3   20  13216   5596   0.00E
13:54:31  54.0   0.0  36.8   9.2   0.0   10  17206   9494   0.00E
13:54:31  56.1   0.0  41.9   2.0   0.0   10  13744   8346   0.00E
13:54:32  58.9   0.0  36.6   4.5   0.0   10  12198   8316   0.00E
13:54:32  57.5   0.0  41.2   1.2   0.0   13  14650   9876   0.00E
13:54:33  57.4   0.0  38.8   3.8   0.0    9  12754  10900   0.00E
13:54:33  57.8   0.0  40.4   1.8   0.0   11  13098   8204   0.00E
13:54:34  53.8   0.0  43.5   2.8   0.0   13  10058   8804   0.00E
13:54:34  60.2   0.0  37.3   2.5   0.0   10   9066   9970   0.00E
13:54:35  58.6   0.0  40.4   1.0   0.0   12  15008   7192   0.00E
13:54:35  61.2   0.0  38.8   0.0   0.0   18  14112   8810   0.00E
13:54:36  63.0   0.0  37.0   0.0   0.0   14  13818  11688   0.00E
13:54:36  62.5   0.0  37.5   0.0   0.0   25  15712   7672   0.00E
13:54:37  66.5   0.0  33.2   0.2   0.0   11  11974   8126   0.00E
13:54:37  63.2   0.0  36.8   0.0   0.0   10  12780  11492   0.00E
  Time    User  Nice   Sys  Idle    IO  Run Ctxt/s  IRQ/s  Watts
13:54:38  60.2   0.0  39.8   0.0   0.0   16  13462  12864   0.00E
13:54:38  62.7   0.0  37.3   0.0   0.0   13  10510  11116   0.00E
13:54:39  61.7   0.0  38.3   0.0   0.0   16  10162   7802   0.00E
13:54:39  66.2   0.0  33.8   0.0   0.0   16  14878  11714   0.00E
13:54:40  61.8   0.0  38.2   0.0   0.0   12  12692   8714   0.00E
13:54:40  63.2   0.0  36.8   0.0   0.0   17  13074   8934   0.00E
13:54:41  60.5   0.0  39.2   0.2   0.0   13   9576   5666   0.00E
13:54:41  62.2   0.0  37.8   0.0   0.0   15  12244   8068   0.00E
13:54:42  62.2   0.0  37.8   0.0   0.0   17  16788  12848   0.00E
13:54:42  63.7   0.0  36.3   0.0   0.0   19  19332  11710   0.00E
13:54:43  64.5   0.0  35.5   0.0   0.0   16  23538  13696   0.00E
13:54:43  62.9   0.0  37.1   0.0   0.0   16  28680  16466   0.00E
13:54:44  60.2   0.0  39.8   0.0   0.0   14  10792  10688   0.00E
13:54:44  62.6   0.0  37.4   0.0   0.0   15  11628  11020   0.00E
13:54:45  63.8   0.0  36.2   0.0   0.0   12  10938   8538   0.00E
13:54:45  64.8   0.0  35.2   0.0   0.0   14   8342   7490   0.00E
13:54:46  60.6   0.0  39.2   0.2   0.0   14   9860  10776   0.00E
13:54:46  65.3   0.0  34.7   0.0   0.0   21   7942  10392   0.00E
13:54:47  61.8   0.0  38.2   0.0   0.0   11  11224  11802   0.00E
13:54:47  64.4   0.0  35.1   0.5   0.0   14  11776   9226   0.00E
13:54:48  58.2   0.0  40.0   1.8   0.0   16   9516   6320   0.00E
13:54:48  67.0   0.0  32.5   0.5   0.0   16  12952   5928   0.00E
13:54:49  60.3   0.0  39.4   0.2   0.0   17   8462   5640   0.00E
  Time    User  Nice   Sys  Idle    IO  Run Ctxt/s  IRQ/s  Watts
13:54:49  64.3   0.0  34.9   0.8   0.0    8   9750   5992   0.00E
13:54:50  63.2   0.0  35.3   1.5   0.0   15   8610   6738   0.00E
13:54:50  59.4   0.0  40.1   0.5   0.0    8   8908   6128   0.00E
13:54:51  60.3   0.0  35.2   4.3   0.3   14  21282  10500   0.00E
13:54:51  61.0   0.0  38.2   0.5   0.2   14  14072   9808   0.00E
13:54:52  57.8   0.0  41.7   0.5   0.0   10  11906   6690   0.00E
13:54:52  62.5   0.0  33.2   4.3   0.0    8   7646   4336   0.00E
13:54:53  52.5   0.0  34.2  13.2   0.0   15   6408   5452   0.00E
13:54:53  57.0   0.0  42.2   0.8   0.0   14   8530  11138   0.00E
13:54:54  63.4   0.0  35.1   1.5   0.0   12   9316   6038   0.00E
13:54:54  58.9   0.0  38.6   2.5   0.0    9   6502   5456   0.00E
13:54:55  63.9   0.0  34.8   1.3   0.0   11   7988   5126   0.00E
13:54:55  61.7   0.0  36.8   1.5   0.0   11   7156   5126   0.00E
13:54:56  59.5   0.0  37.2   3.2   0.0   14   5570   4192   0.00E
13:54:56  63.7   0.0  35.6   0.8   0.0   10  11734   7294   0.00E
13:54:57  59.0   0.0  40.2   0.8   0.0    9   6024   4576   0.00E
13:54:57  49.5   0.0  29.1  21.4   0.0    8   3796   3518   0.00E
13:54:58  59.0   0.0  36.5   4.5   0.0    9   4654   5624   0.00E
13:54:58  45.5   0.0  36.0  17.8   0.8    7   9696   5244   0.00E
13:54:59  41.7   0.0  36.4  20.6   1.3    3   5762   4366   0.00E
13:54:59  43.0   0.0  34.5  22.5   0.0    9   3452   3672   0.00E
13:55:00  46.7   0.0  34.9  18.3   0.0    6   4216   3998   0.00E
13:55:00  37.6   0.0  31.7  30.7   0.0    6   6340   3986   0.00E
  Time    User  Nice   Sys  Idle    IO  Run Ctxt/s  IRQ/s  Watts
13:55:01  42.5   0.0  44.0  13.2   0.2    7   4168   4008   0.00E
13:55:01  42.3   0.0  30.1  27.6   0.0    9   8872   4210   0.00E
13:55:02  46.8   0.0  38.5  14.8   0.0   10   6514   4112   0.00E
13:55:02  52.5   0.0  34.9  12.3   0.3    7  18854   5622   0.00E
13:55:03  43.6   0.0  33.8  22.6   0.0    8   3220   3790   0.00E
13:55:03  42.5   0.0  35.2  22.3   0.0    8   6002   4088   0.00E
13:55:04  47.9   0.0  33.6  18.5   0.0   16   8008   4852   0.00E
13:55:04  48.4   0.0  37.0  14.6   0.0    6   6450   5094   0.00E
13:55:05  42.4   0.0  31.1  26.5   0.0    9   5586   6098   0.00E
13:55:05  46.6   0.0  36.0  17.4   0.0    6   4966   6650   0.00E
13:55:06  39.8   0.0  30.5  29.5   0.2    6   6230   8786   0.00E
13:55:06  54.8   0.0  36.7   8.5   0.0    8   5094  10228   0.00E
13:55:07  50.8   0.0  29.0  20.2   0.0   11   6190   8400   0.00E
13:55:07  51.1   0.0  35.5  13.4   0.0    9   7536   7468   0.00E
13:55:08  53.9   0.0  35.7  10.5   0.0    7   4512   4224   0.00E
13:55:08  40.7   0.0  32.9  26.4   0.0    7   4174   6702   0.00E
13:55:09  44.1   0.0  33.8  22.2   0.0    7   5696   8718   0.00E
13:55:09  40.9   0.0  34.3  24.8   0.0   10   5780   8704   0.00E
13:55:10  48.0   0.0  37.2  14.8   0.0    8   9352   8516   0.00E
13:55:10  45.6   0.0  32.5  21.9   0.0    8   9102   7886   0.00E
13:55:11  43.9   0.0  38.1  18.0   0.0    6   3240   3560   0.00E
13:55:11  38.1   0.0  33.1  28.3   0.5    6   3876   3332   0.00E
13:55:12  43.8   0.0  41.8  14.5   0.0    8   5776   5446   0.00E
  Time    User  Nice   Sys  Idle    IO  Run Ctxt/s  IRQ/s  Watts
13:55:12  38.3   0.0  33.6  28.1   0.0    6   5048   5530   0.00E
13:55:13  44.3   0.0  35.4  20.3   0.0   11   6354   7166   0.00E
13:55:13  44.5   0.0  35.9  19.6   0.0    7   6666   4034   0.00E
13:55:14  45.5   0.0  33.2  21.2   0.0    7   6682   6880   0.00E
13:55:14  44.8   0.0  37.3  17.6   0.3   13   8970   8014   0.00E
13:55:15  43.4   0.0  33.8  22.7   0.0    7   6508   4118   0.00E
13:55:15  52.8   0.0  34.8  12.5   0.0    6   4684   3900   0.00E
13:55:16  43.8   0.0  29.0  27.2   0.0    7   4644   5882   0.00E
13:55:16  42.9   0.0  37.6  19.5   0.0    7   4238   5508   0.00E
13:55:17  42.2   0.0  32.1  25.8   0.0    6   5366   6694   0.00E
13:55:17  46.4   0.0  37.3  16.3   0.0    8   4994   6354   0.00E
13:55:18  44.0   0.0  31.2  24.8   0.0    8   8134   8452   0.00E
13:55:18  42.2   0.0  35.4  22.4   0.0    9   4722   6148   0.00E
13:55:19  47.7   0.0  32.8  19.2   0.3    6   9272   9616   0.00E
13:55:19  44.5   0.0  30.4  25.1   0.0    7   4198   5654   0.00E
13:55:20  44.2   0.0  35.4  20.4   0.0    7   6776   8606   0.00E
13:55:20  46.7   0.0  31.9  21.4   0.0    7   6294   3752   0.00E
13:55:21  45.4   0.0  34.8  19.5   0.3    6   3640   3554   0.00E
13:55:21  41.4   0.0  35.1  23.5   0.0    8   6168   8198   0.00E
13:55:22  43.4   0.0  36.8  19.5   0.3    6   4196   7070   0.00E
13:55:22  44.3   0.0  32.0  23.7   0.0    7   5604   3680   0.00E
13:55:23  47.1   0.0  34.7  18.2   0.0   11   6842   6744   0.00E
13:55:23  43.2   0.0  29.6  26.9   0.3    6   4248   3520   0.00E
  Time    User  Nice   Sys  Idle    IO  Run Ctxt/s  IRQ/s  Watts
13:55:24  44.1   0.0  33.8  22.2   0.0    8   3660   3644   0.00E
13:55:24  39.0   0.0  36.5  24.5   0.0    7   3138   3300   0.00E
13:55:25  40.1   0.0  32.4  27.2   0.2    7   2736   3464   0.00E
13:55:25  65.4   0.0  32.3   2.3   0.0   10   3578   3966   0.00E
13:55:26  48.1   0.0  34.8  17.0   0.0    7   3488   3596   0.00E
13:55:26  44.7   0.0  31.9  23.4   0.0    4   3148   3244   0.00E
13:55:27  32.5   0.0  29.0  38.5   0.0    5   2608   3354   0.00E
13:55:27  30.8   0.0  33.8  35.1   0.3    5   2994   3522   0.00E
13:55:28  30.6   0.0  31.1  38.3   0.0    6   3276   3474   0.00E
13:55:28  30.0   0.0  34.8  35.3   0.0    6   3274   3438   0.00E
13:55:29  26.6   0.0  31.1  42.4   0.0    6   2574   3390   0.00E
13:55:29  40.5   0.0  33.4  26.1   0.0    7   3210   5236   0.00E
13:55:30  33.1   0.0  31.6  35.1   0.3    7   5004   4182   0.00E
13:55:30  41.1   0.0  36.5  22.4   0.0    6   4546   6956   0.00E
13:55:31  37.1   0.0  31.1  31.8   0.0    7   3820   4128   0.00E
13:55:31  60.0   0.0  37.2   2.8   0.0   12   3968   3814   0.00E
13:55:32  61.4   0.0  34.8   3.8   0.0    6   3984   4326   0.00E
13:55:32  60.2   0.0  35.3   4.5   0.0   15   5288   4102   0.00E
13:55:33  62.6   0.0  32.7   4.8   0.0    8   3756   4298   0.00E
13:55:33  59.4   0.0  34.8   5.8   0.0   20   5306   6084   0.00E
13:55:34  59.0   0.0  40.8   0.2   0.0   10   8286   9052   0.00E
13:55:34  53.9   0.0  37.8   8.3   0.0    7   4890   7534   0.00E
13:55:35  55.5   0.0  36.2   8.3   0.0   12   5944   8720   0.00E
  Time    User  Nice   Sys  Idle    IO  Run Ctxt/s  IRQ/s  Watts
13:55:35  58.9   0.0  40.1   1.0   0.0   17   7926   9916   0.00E
13:55:36  50.2   0.0  38.5  11.2   0.0    8   8776   8226   0.00E
13:55:36  44.2   0.0  34.4  21.4   0.0    7   6190   8422   0.00E
13:55:37  49.5   0.0  34.8  15.8   0.0    6   5070   7538   0.00E
13:55:37  43.2   0.0  34.2  22.6   0.0    8   4470   4526   0.00E
13:55:38  42.5   0.0  33.0  24.5   0.0    8   3092   3318   0.00E
13:55:38  48.1   0.0  31.1  20.5   0.3   14  14396   4330   0.00E
13:55:39  61.6   0.0  36.4   2.0   0.0   12  19924   7728   0.00E
13:55:39  45.1   0.0  40.9  14.0   0.0    6   9642   4214   0.00E
13:55:40  48.4   0.0  35.1  16.5   0.0    6   9770   5634   0.00E
13:55:40  42.6   0.0  42.6  14.7   0.0    7   8482   4050   0.00E
13:55:41  43.3   0.0  33.1  23.6   0.0    5   9320   4152   0.00E
13:55:41  50.9   0.0  39.0  10.1   0.0    8   8280   4952   0.00E
13:55:42  48.0   0.0  38.0  14.0   0.0    7  19780   5168   0.00E
13:55:42  41.8   0.0  31.9  26.3   0.0   10  32474   8480   0.00E
13:55:43  47.6   0.0  39.0  13.4   0.0    7  19008   7714   0.00E
13:55:43  38.1   0.0  27.3  34.6   0.0    8   2818   3184   0.00E
13:55:44  45.4   0.0  36.6  18.0   0.0    9   2948   3344   0.00E
13:55:44  41.2   0.0  26.9  31.9   0.0    8   2742   3092   0.00E
13:55:45  44.1   0.0  37.3  18.6   0.0    8   2974   3228   0.00E
13:55:45  38.4   0.0  34.2  27.4   0.0    6   3784   3224   0.00E
13:55:46  43.2   0.0  35.9  20.9   0.0   10   4136   4762   0.00E
13:55:46  43.6   0.0  36.0  20.2   0.3    4   6260   7394   0.00E
  Time    User  Nice   Sys  Idle    IO  Run Ctxt/s  IRQ/s  Watts
13:55:47  47.5   0.0  35.2  17.3   0.0    7   9334   8018   0.00E
13:55:47  46.5   0.0  37.6  15.9   0.0    7   7748   8674   0.00E
13:55:48  41.4   0.0  32.8  25.8   0.0    8   7482   8672   0.00E
13:55:48  44.5   0.0  39.8  15.8   0.0    7   6590   7476   0.00E
13:55:49  39.1   0.0  32.7  28.2   0.0   10   7396   7524   0.00E
13:55:49  50.4   0.0  39.5  10.1   0.0    8   6144   9298   0.00E
13:55:50  38.9   0.0  39.1  22.0   0.0    7   6932   7186   0.00E
13:55:50  48.9   0.0  37.1  14.0   0.0    8   5644   7300   0.00E
13:55:51  39.9   0.0  35.4  24.4   0.3    6   5470   6852   0.00E
13:55:51  47.9   0.0  35.3  16.8   0.0    7   4694   6282   0.00E
13:55:52  46.8   0.0  39.5  13.8   0.0    6   8850   7056   0.00E
13:55:52  46.2   0.0  37.2  16.6   0.0   10   9738   7038   0.00E
13:55:53  55.5   0.0   4.5  39.9   0.0   10  16238   8260   0.00E
13:55:53  27.4   0.0   1.5  71.1   0.0    3  26708   6146   0.00E
13:55:54  24.8   0.0   0.5  74.7   0.0    2   6870   5000   0.00E
13:55:54  20.5   0.0   0.5  79.0   0.0    2   3258   3262   0.00E
13:55:55  13.7   0.0   0.3  85.8   0.3    2   2952   2454   0.00E
13:55:55  13.1   0.0   0.0  86.9   0.0    2   2414   1732   0.00E
13:55:56  14.7   0.0   0.5  84.8   0.0    2   4586   2754   0.00E
13:55:56  13.7   0.0   1.3  85.1   0.0    2   8408   4140   0.00E
13:55:57  14.0   0.0   0.8  85.0   0.3    2   7296   3448   0.00E
13:55:57  12.7   0.0   0.3  87.1   0.0    2   2502   2010   0.00E
13:55:58  15.1   0.0   0.0  84.9   0.0    2   3988   3056   0.00E
  Time    User  Nice   Sys  Idle    IO  Run Ctxt/s  IRQ/s  Watts
13:55:58  13.2   0.0   0.0  86.5   0.3    2   2800   2802   0.00E
13:55:59  13.8   0.0   0.5  83.2   2.5    2   5892   3028   0.00E
13:55:59  14.1   0.0   0.0  85.9   0.0    2   3182   1922   0.00E
13:56:00  15.3   0.0   0.5  84.1   0.0    2   7250   3086   0.00E
13:56:00  13.4   0.0   0.0  86.4   0.3    2   3278   1988   0.00E
13:56:01  13.6   0.0   0.5  85.9   0.0    2   3014   2034   0.00E
13:56:01  14.6   0.0   0.0  85.4   0.0    2   2972   3094   0.00E
13:56:02  14.9   0.0   0.3  84.8   0.0    2   5388   1948   0.00E
13:56:02  13.7   0.0   0.3  85.8   0.3    2   4140   2330   0.00E
13:56:03  14.9   0.0   0.5  84.6   0.0    2   6026   2986   0.00E
13:56:03  11.6   0.0   0.3  88.1   0.0    1   3774   2112   0.00E
13:56:04   2.3   0.0   1.0  96.7   0.0    3   3272   1912   0.00E
13:56:04   2.8   0.0   0.8  96.2   0.3    1   3580   2132   0.00E
13:56:05   2.6   0.0   1.0  96.4   0.0    1   3596   2118   0.00E
13:56:05   3.1   0.0   0.5  96.4   0.0    1   4068   2026   0.00E
13:56:06   2.5   0.0   1.5  95.9   0.0    1   3872   2082   0.00E
13:56:06   2.8   0.0   0.3  97.0   0.0    1   2542   1494   0.00E
13:56:07   2.3   0.0   0.3  97.4   0.0    1   2968   1774   0.00E
13:56:07  16.8   0.0   0.8  82.5   0.0    1   4532   7688   0.00E
13:56:08   1.8   0.0   1.3  96.7   0.3    1   2990   1916   0.00E
13:56:08   1.3   0.0   0.3  98.5   0.0    1   2744   1796   0.00E
13:56:09   2.0   0.0   0.8  97.2   0.0    1   2892   1752   0.00E
13:56:09   0.5   0.0   0.3  99.2   0.0    1   2158   1500   0.00E
  Time    User  Nice   Sys  Idle    IO  Run Ctxt/s  IRQ/s  Watts
13:56:10   2.0   0.0   0.5  97.2   0.3    3   3170   2412   0.00E
13:56:10   1.5   0.0   0.5  98.0   0.0    1   2386   1668   0.00E
13:56:11   8.1   0.0   0.3  91.3   0.3    2   2854   1856   0.00E
13:56:11  20.9   0.0   1.0  78.1   0.0    2   7092   5226   0.00E
13:56:12  13.7   0.0   0.0  86.3   0.0    2   3026   2758   0.00E
13:56:12  13.9   0.0   0.3  85.9   0.0    2   3780   2348   0.00E
13:56:13  46.9   0.0  37.6  15.5   0.0   12   3634   4838   0.00E
13:56:13  54.9   0.0  42.9   2.3   0.0    8   4284   5484   0.00E
13:56:14  52.0   0.0  34.0  14.0   0.0    8   4350   5358   0.00E
13:56:14  54.8   0.0  45.0   0.2   0.0    9   4174   5522   0.00E
13:56:15  53.4   0.0  37.8   8.8   0.0    5   5244   5702   0.00E
13:56:15  55.0   0.0  43.5   1.5   0.0    9   3144   5244   0.00E
13:56:16  54.6   0.0  39.9   5.5   0.0    7   3986   5482   0.00E
13:56:16  50.5   0.0  41.5   8.0   0.0    9   2740   4558   0.00E
13:56:17  53.6   0.0  44.1   2.3   0.0    8   3314   4822   0.00E
13:56:17  45.9   0.0  43.9  10.3   0.0    9   3648   5036   0.00E
13:56:18  49.2   0.0  47.0   3.8   0.0    9   3180   5206   0.00E
13:56:18  47.1   0.0  44.6   8.3   0.0    9   5992   5778   0.00E
13:56:19  53.2   0.0  45.8   1.0   0.0    9   7558   6650   0.00E
13:56:19  57.9   0.0  39.8   2.3   0.0   14   3548   5274   0.00E
13:56:20  51.2   0.0  43.5   5.2   0.0    8   3158   6208   0.00E
13:56:20  51.2   0.0  44.5   4.2   0.0    7   3958   5746   0.00E
13:56:21  49.1   0.0  42.6   8.3   0.0    7   3034   5238   0.00E
  Time    User  Nice   Sys  Idle    IO  Run Ctxt/s  IRQ/s  Watts
13:56:21  51.6   0.0  45.1   3.0   0.2   10   2692   4784   0.00E
13:56:22  47.1   0.0  42.1  10.8   0.0   10   4712   5378   0.00E
13:56:22  48.9   0.0  47.6   3.5   0.0   10   5688   5636   0.00E
13:56:23  46.2   0.0  45.5   8.3   0.0    8   5924   5840   0.00E
13:56:23  50.2   0.0  46.5   3.2   0.0   10   3954   4850   0.00E
13:56:24  39.8   0.0  47.6  12.5   0.0    7   2494   2888   0.00E
13:56:24  46.5   0.0  49.2   4.2   0.0    9   5896   3586   0.00E
13:56:25  54.5   0.0  45.2   0.2   0.0   14   8242   4848   0.00E
13:56:25  47.6   0.0  52.4   0.0   0.0   10   6058   4156   0.00E
13:56:26  50.8   0.0  47.2   2.0   0.0    8   7918   4862   0.00E
13:56:26  49.0   0.0  44.2   6.8   0.0   10   6098   3848   0.00E
13:56:27  56.9   0.0  43.1   0.0   0.0   19   5388   3614   0.00E
13:56:27  52.5   0.0  47.5   0.0   0.0   10   5372   3736   0.00E
13:56:28  47.2   0.0  52.8   0.0   0.0    9   7248   6626   0.00E
13:56:28  45.3   0.0  44.8   9.8   0.0    9   7646   9346   0.00E
13:56:29  50.2   0.0  49.2   0.5   0.0    9   7734   8498   0.00E
13:56:29  47.6   0.0  45.9   6.5   0.0    9   5452   6164   0.00E
13:56:30  50.5   0.0  46.2   3.3   0.0   12   6594   7146   0.00E
13:56:30  50.9   0.0  48.4   0.8   0.0    9   6768   6520   0.00E
13:56:31  48.2   0.0  50.0   1.8   0.0   11   8208   8764   0.00E
13:56:31  50.9   0.0  47.4   1.8   0.0   10   8748   9184   0.00E
13:56:32  45.4   0.0  50.9   3.5   0.2    8   4276   3938   0.00E
13:56:32  42.7   0.0  50.0   7.3   0.0    7   2960   3002   0.00E
  Time    User  Nice   Sys  Idle    IO  Run Ctxt/s  IRQ/s  Watts
13:56:33  49.6   0.0  47.1   3.3   0.0    8   6846   7930   0.00E
13:56:33  47.4   0.0  48.4   4.3   0.0    8   6092   7652   0.00E
13:56:34  47.5   0.0  47.2   5.3   0.0   12   6782   6766   0.00E
13:56:34  52.8   0.0  44.0   3.3   0.0    9   7904   7330   0.00E
13:56:35  45.2   0.0  49.2   5.5   0.0    9   3880   5334   0.00E
13:56:35  56.0   0.0  43.5   0.5   0.0   15   9364   9250   0.00E
13:56:36  56.0   0.0  44.0   0.0   0.0   10   5180   6022   0.00E
13:56:36  60.0   0.0  40.0   0.0   0.0   11   6894   9378   0.00E
13:56:37  54.9   0.0  45.1   0.0   0.0   21   7886   8224   0.00E
13:56:37  63.2   0.0  36.8   0.0   0.0   13   7768   8222   0.00E
13:56:38  55.5   0.0  44.5   0.0   0.0   17   5448   7356   0.00E
13:56:38  61.8   0.0  38.2   0.0   0.0   11   5850   8362   0.00E
13:56:39  53.1   0.0  46.9   0.0   0.0   11   4570   6786   0.00E
13:56:39  60.8   0.0  38.9   0.2   0.0   18   5594   8296   0.00E
13:56:40  50.5   0.0  49.5   0.0   0.0   11   6230   9652   0.00E
13:56:40  58.8   0.0  41.2   0.0   0.0   21   4956   8566   0.00E
13:56:41  56.2   0.0  43.8   0.0   0.0   11   7218  11802   0.00E
13:56:41  59.5   0.0  40.5   0.0   0.0   20   6340   7540   0.00E
13:56:42  58.1   0.0  41.9   0.0   0.0   12   6776  10204   0.00E
13:56:42  56.1   0.0  43.9   0.0   0.0   10   8092   9488   0.00E
13:56:43  64.2   0.0  35.8   0.0   0.0   16   4710   4250   0.00E
13:56:43  56.8   0.0  43.2   0.0   0.0   11   3436   3648   0.00E
13:56:44  51.0   0.0  49.0   0.0   0.0    9   3330   3044   0.00E
  Time    User  Nice   Sys  Idle    IO  Run Ctxt/s  IRQ/s  Watts
13:56:44  53.0   0.0  47.0   0.0   0.0   12   3990   3510   0.00E
13:56:45  56.2   0.0  43.8   0.0   0.0   22   5132   6738   0.00E
13:56:45  57.5   0.0  42.5   0.0   0.0   20   6738   8632   0.00E
13:56:46  55.4   0.0  44.6   0.0   0.0   10  11836   7308   0.00E
13:56:46  45.2   0.0  54.8   0.0   0.0   16   3114   2980   0.00E
13:56:47  57.8   0.0  42.2   0.0   0.0   15   7472   4302   0.00E
13:56:47  51.1   0.0  48.9   0.0   0.0   12   5786   3894   0.00E
13:56:48  47.4   0.0  49.1   3.5   0.0    8   5330   5652   0.00E
13:56:48  45.6   0.0  48.6   5.5   0.3    9   5502   4622   0.00E
13:56:49  49.2   0.0  48.8   2.0   0.0    9   6708   9082   0.00E
13:56:49  52.2   0.0  47.0   0.8   0.0   11   7594   7444   0.00E
13:56:50  50.0   0.0  50.0   0.0   0.0   11   6224   4600   0.00E
13:56:50  53.0   0.0  46.2   0.8   0.0   10   8566   7556   0.00E
13:56:51  48.2   0.0  50.5   1.2   0.0   10   5980   6306   0.00E
13:56:51  47.2   0.0  50.8   2.0   0.0    8   6914   7862   0.00E
13:56:52  50.4   0.0  47.4   2.3   0.0   12   7256   9004   0.00E
13:56:52  53.2   0.0  46.8   0.0   0.0   11   5452   3798   0.00E
13:56:53  60.0   0.0  39.0   1.0   0.0   18   4978   3570   0.00E
13:56:53  61.8   0.0  38.2   0.0   0.0   12   4274   3396   0.00E
13:56:54  57.4   0.0  42.6   0.0   0.0   25   6122   3954   0.00E
13:56:54  57.9   0.0  42.1   0.0   0.0   11   7326   6046   0.00E
13:56:55  57.9   0.0  42.1   0.0   0.0   11   7236   6462   0.00E
13:56:55  49.1   0.0  50.6   0.2   0.0    9   6766   7496   0.00E
  Time    User  Nice   Sys  Idle    IO  Run Ctxt/s  IRQ/s  Watts
13:56:56  55.6   0.0  43.9   0.5   0.0   12   8068   9124   0.00E
13:56:56  48.0   0.0  50.8   1.2   0.0   10   6748   9368   0.00E
13:56:57  53.0   0.0  43.2   3.8   0.0   12   7510   7256   0.00E
13:56:57  53.9   0.0  45.9   0.3   0.0   11   6254   4014   0.00E
13:56:58  62.4   0.0  37.6   0.0   0.0   14   6584   4424   0.00E
13:56:58  57.4   0.0  42.6   0.0   0.0   10   5740   4794   0.00E
13:56:59  47.2   0.0  51.3   1.3   0.3    9   9722   8766   0.00E
13:56:59  47.9   0.0  49.9   2.2   0.0   11   7016   7510   0.00E
13:57:00  53.3   0.0  45.5   1.3   0.0    7   9326   9962   0.00E
13:57:00  44.0   0.0  50.0   6.0   0.0   10   5920   4814   0.00E
13:57:01  49.1   0.0  49.4   1.5   0.0    9   5936   4112   0.00E
13:57:01  48.0   0.0  47.7   4.3   0.0    9   5620   4108   0.00E
13:57:02  48.2   0.0  50.2   1.5   0.0    8   5550   4046   0.00E
13:57:02  51.6   0.0  46.1   2.3   0.0   10   7946   5066   0.00E
13:57:03  48.8   0.0  51.0   0.2   0.0    9   6246   4444   0.00E
13:57:03  46.6   0.0  48.4   5.0   0.0    9   6270   4284   0.00E
13:57:04  47.9   0.0  48.6   3.2   0.2    9   7250   4742   0.00E
13:57:04  43.5   0.0  52.5   4.0   0.0    9   5440   4092   0.00E
13:57:05  49.6   0.0  48.1   2.3   0.0    9   6568   4090   0.00E
13:57:05  48.1   0.0  50.9   1.0   0.0   10   5172   3656   0.00E
13:57:06  48.2   0.0  50.2   1.5   0.0   11   6458   4574   0.00E
13:57:06  48.6   0.0  48.4   3.0   0.0   11   4262   3510   0.00E
13:57:07  47.6   0.0  48.9   3.5   0.0    9   6374   4596   0.00E
  Time    User  Nice   Sys  Idle    IO  Run Ctxt/s  IRQ/s  Watts
13:57:07  44.6   0.0  49.4   6.0   0.0   10   5220   3830   0.00E
13:57:08  46.1   0.0  49.9   4.0   0.0    8   4714   3696   0.00E
13:57:08  47.2   0.0  47.0   5.8   0.0    9   5700   3892   0.00E
13:57:09  47.6   0.0  49.4   3.0   0.0   11   6912   7592   0.00E
13:57:09  46.4   0.0  45.4   8.3   0.0    8   4480   3490   0.00E
13:57:10  51.8   0.0  46.8   1.5   0.0   11   7198   8220   0.00E
13:57:10  44.4   0.0  54.1   1.5   0.0   10   6026   8932   0.00E
13:57:11  43.4   0.0  47.4   9.3   0.0    7   4792   8354   0.00E
13:57:11  45.6   0.0  46.9   7.5   0.0   10   4252   6488   0.00E
13:57:12  57.4   0.0  42.6   0.0   0.0   11   6076   8374   0.00E
13:57:12  47.5   0.0  52.2   0.2   0.0    9   4898   8650   0.00E
13:57:13  41.6   0.0  45.3  13.1   0.0   10   5466   6734   0.00E
13:57:13  45.5   0.0  52.2   2.2   0.0   11   4342   4558   0.00E
13:57:14  44.1   0.0  44.8  11.1   0.0    9   4474   3564   0.00E
13:57:14  50.8   0.0  49.0   0.2   0.0    8   4874   3628   0.00E
13:57:15  46.2   0.0  50.0   3.8   0.0    8   4892   8262   0.00E
13:57:15  44.0   0.0  46.5   9.5   0.0    9   4354   3962   0.00E
13:57:16  47.9   0.0  51.4   0.7   0.0    9   4314   3490   0.00E
13:57:16  53.3   0.0  45.2   1.5   0.0   10   7228   4118   0.00E
13:57:17  52.5   0.0  47.2   0.2   0.0   11   7136   4394   0.00E
13:57:17  54.4   0.0  45.4   0.3   0.0    8   7190   4818   0.00E
13:57:18  46.2   0.0  53.5   0.2   0.0    8   4362   3504   0.00E
13:57:18  45.4   0.0  42.6  12.0   0.0    8   3224   3114   0.00E
  Time    User  Nice   Sys  Idle    IO  Run Ctxt/s  IRQ/s  Watts
13:57:19  43.8   0.0  52.8   3.5   0.0    9   3134   3152   0.00E
13:57:19  45.2   0.0  46.2   8.5   0.0    8   2880   3030   0.00E
13:57:20  45.2   0.0  47.2   7.5   0.0    9   3660   3264   0.00E
13:57:20  45.0   0.0  49.5   5.5   0.0    8   3192   3140   0.00E
13:57:21  42.2   0.0  47.0  10.8   0.0    9   2842   3014   0.00E
13:57:21  48.1   0.0  51.1   0.8   0.0    8   2602   2876   0.00E
13:57:22  44.5   0.0  43.0  12.5   0.0    9   3748   3614   0.00E
13:57:22  45.1   0.0  51.6   3.3   0.0    8   2826   3038   0.00E
13:57:23  44.5   0.0  49.2   6.2   0.0    7   3868   3348   0.00E
13:57:23  43.1   0.0  48.6   8.3   0.0    9   2470   2870   0.00E
13:57:24  43.4   0.0  48.6   8.0   0.0   10   3434   3186   0.00E
13:57:24  46.6   0.0  44.8   8.6   0.0    9   2474   3228   0.00E
13:57:25  49.4   0.0  45.9   4.8   0.0   12   6438   7634   0.00E
13:57:25  45.6   0.0  46.6   7.5   0.3    9   5370   7460   0.00E
13:57:26  51.0   0.0  48.7   0.3   0.0   15   6622   7580   0.00E
13:57:26  57.8   0.0  42.2   0.0   0.0   16   3868   3272   0.00E
13:57:27  52.5   0.0  47.5   0.0   0.0    9   5402   3812   0.00E
13:57:27  48.0   0.0  51.8   0.2   0.0    9   5234   6060   0.00E
13:57:28  44.9   0.0  44.1  11.0   0.0    8   5928   6392   0.00E
13:57:28  46.7   0.0  51.0   2.3   0.0   10   2940   2914   0.00E
13:57:29  45.6   0.0  43.1  11.2   0.0   10   4154   3316   0.00E
13:57:29  50.2   0.0  46.8   3.0   0.0    9   3508   3080   0.00E
13:57:30  46.0   0.0  45.7   8.3   0.0   14   5420   4742   0.00E
  Time    User  Nice   Sys  Idle    IO  Run Ctxt/s  IRQ/s  Watts
13:57:30  46.5   0.0  50.5   3.0   0.0   11   4560   6998   0.00E
13:57:31  47.9   0.0  44.9   7.2   0.0    7   6324   9248   0.00E
13:57:31  51.1   0.0  47.4   1.5   0.0    9   6306   5502   0.00E
13:57:32  48.9   0.0  50.1   1.0   0.0   11   7116   6672   0.00E
13:57:32  44.7   0.0  44.7  10.6   0.0    9   3560   3206   0.00E
13:57:33  46.2   0.0  48.2   5.5   0.0    9   4650   5312   0.00E
13:57:33  45.9   0.0  46.4   7.7   0.0    8   4630   6702   0.00E
13:57:34  46.0   0.0  48.7   5.1   0.3    7   7150   7922   0.00E
13:57:34  50.6   0.0  45.4   4.0   0.0   10   8662   5332   0.00E
13:57:35  57.8   0.0  42.0   0.2   0.0   10   5036  10624   0.00E
13:57:35  50.5   0.0  46.8   2.8   0.0   11   8094   8514   0.00E
13:57:36  53.5   0.0  46.5   0.0   0.0    9   3984   3916   0.00E
13:57:36  45.9   0.0  52.1   2.0   0.0    9   2492   2790   0.00E
13:57:37  42.1   0.0  41.1  16.7   0.0   20   3540   3108   0.00E
13:57:37  47.6   0.0  51.6   0.8   0.0   11   3192   3198   0.00E
13:57:38  43.6   0.0  41.9  14.5   0.0    7   3508   3076   0.00E
13:57:38  43.8   0.0  51.2   5.0   0.0   10   2628   2826   0.00E
13:57:39  43.1   0.0  47.4   9.5   0.0    7   3022   2970   0.00E
13:57:39  44.6   0.0  48.1   7.3   0.0    8   2072   2770   0.00E
13:57:40  44.2   0.0  51.3   4.5   0.0    8   5064   5484   0.00E
13:57:40  43.5   0.0  48.5   8.0   0.0    9   4752   5796   0.00E
13:57:41  47.5   0.0  48.2   4.2   0.0    8   2566   2886   0.00E
13:57:41  46.9   0.0  46.4   6.8   0.0   11   6290   3562   0.00E
  Time    User  Nice   Sys  Idle    IO  Run Ctxt/s  IRQ/s  Watts
13:57:42  46.4   0.0  51.1   2.5   0.0    9   3110   3042   0.00E
13:57:42  40.9   0.0  45.6  13.5   0.0    9   2498   3010   0.00E
13:57:43  49.0   0.0  50.5   0.5   0.0   11   4836   3254   0.00E
13:57:43  45.9   0.0  52.6   1.5   0.0    9   3748   3226   0.00E
13:57:44  52.5   0.0  44.8   2.8   0.0    8   3920   4882   0.00E
13:57:44  46.9   0.0  51.6   1.5   0.0   12   3100   3080   0.00E
13:57:45  44.6   0.0  46.4   9.0   0.0    7   3308   3074   0.00E
13:57:45  49.0   0.0  47.0   3.8   0.2    8   5952   3752   0.00E
13:57:46  45.1   0.0  48.1   6.8   0.0    9   3328   3144   0.00E
13:57:46  45.7   0.0  48.2   6.0   0.0    9   2652   2928   0.00E
13:57:47  43.0   0.0  49.2   7.8   0.0    8   2928   3000   0.00E
13:57:47  45.8   0.0  47.8   6.5   0.0    9   2602   2998   0.00E
13:57:48  45.5   0.0  47.5   7.0   0.0    8   3540   3196   0.00E
13:57:48  44.2   0.0  46.5   9.2   0.0    9   2836   2950   0.00E
13:57:49  46.6   0.0  48.9   4.5   0.0    8   2834   3014   0.00E
13:57:49  44.4   0.0  44.9  10.8   0.0   10   3294   4904   0.00E
13:57:50  47.6   0.0  48.6   3.8   0.0   10   5104   6830   0.00E
13:57:50  47.4   0.0  43.9   8.8   0.0    6   4006   5258   0.00E
13:57:51  42.0   0.0  50.0   8.0   0.0    9   2942   2996   0.00E
13:57:51  43.4   0.0  53.4   3.3   0.0   10   2480   2826   0.00E
13:57:52  37.4   0.0  48.5  14.1   0.0    8   2736   2948   0.00E
13:57:52  44.6   0.0  51.9   3.5   0.0    8   2268   2772   0.00E
13:57:53  42.9   0.0  46.1  11.0   0.0    7   3052   3054   0.00E
  Time    User  Nice   Sys  Idle    IO  Run Ctxt/s  IRQ/s  Watts
13:57:53  45.5   0.0  51.2   3.2   0.0    9   4674   3566   0.00E
13:57:54  45.9   0.0  49.4   4.8   0.0   10   3148   3126   0.00E
13:57:54  42.9   0.0  46.4  10.7   0.0    9   2238   2740   0.00E
13:57:55  44.1   0.0  50.6   5.3   0.0    9   3596   3096   0.00E
13:57:55  43.1   0.0  47.1   9.8   0.0    9   2376   2800   0.00E
13:57:56  51.3   0.0  47.2   1.5   0.0    8   3536   3142   0.00E
13:57:56  40.9   0.0  48.1  11.0   0.0    9   3186   3034   0.00E
13:57:57  45.5   0.0  50.0   4.2   0.2    9   2988   2980   0.00E
13:57:57  43.0   0.0  47.0  10.0   0.0    7   2406   2672   0.00E
13:57:58  43.2   0.0  50.3   6.5   0.0    8   3182   3112   0.00E
13:57:58  43.5   0.0  51.0   5.5   0.0    7   2530   2792   0.00E
13:57:59  41.9   0.0  50.4   7.3   0.5    8   5786   3950   0.00E
13:57:59  43.9   0.0  50.9   5.2   0.0   10   3728   3322   0.00E
13:58:00  46.1   0.0  44.6   9.3   0.0   10   4106   3320   0.00E
13:58:00  45.9   0.0  50.1   4.0   0.0    9   6266   7642   0.00E
13:58:01  53.6   0.0  45.9   0.5   0.0   10   8314   4838   0.00E
13:58:01  47.1   0.0  52.6   0.3   0.0   11   5294   8598   0.00E
13:58:02  46.2   0.0  48.0   5.8   0.0    8   6804   4844   0.00E
13:58:02  44.2   0.0  51.2   4.5   0.0   13   5946   7544   0.00E
13:58:03  45.6   0.0  47.1   7.3   0.0    8   6948   6360   0.00E
13:58:03  46.2   0.0  49.8   4.0   0.0    9   4724   7882   0.00E
13:58:04  48.1   0.0  48.9   3.0   0.0    8   8858   7302   0.00E
13:58:04  47.8   0.0  48.0   4.2   0.0   10   3074   3258   0.00E
  Time    User  Nice   Sys  Idle    IO  Run Ctxt/s  IRQ/s  Watts
13:58:05  51.1   0.0  45.6   3.3   0.0    9   6694   4562   0.00E
13:58:05  50.8   0.0  48.2   1.0   0.0   10   9192   7862   0.00E
13:58:06  46.7   0.0  46.0   7.3   0.0   11   7724   7528   0.00E
13:58:06  54.9   0.0  44.9   0.2   0.0    9   4434   3992   0.00E
13:58:07  49.3   0.0  46.5   4.2   0.0   19   8378   6856   0.00E
13:58:07  45.5   0.0  46.6   7.9   0.0   11   2926   2984   0.00E
13:58:08  45.6   0.0  49.6   4.8   0.0    8   5044   3712   0.00E
13:58:08  44.0   0.0  51.0   5.0   0.0    9   5648   7468   0.00E
13:58:09  50.4   0.0  42.6   7.0   0.0   18   7136   6568   0.00E
13:58:09  47.9   0.0  50.1   2.0   0.0   10   3598   5594   0.00E
13:58:10  45.1   0.0  48.9   6.0   0.0    7   6428   7302   0.00E
13:58:10  48.0   0.0  47.7   4.3   0.0    9   6524   8434   0.00E
13:58:11  45.2   0.0  51.5   3.2   0.0    7   3024   3054   0.00E
13:58:11  44.1   0.0  45.1  10.8   0.0    9   4302   5796   0.00E
13:58:12  46.1   0.0  52.9   1.0   0.0    9   3036   3128   0.00E
13:58:12  44.3   0.0  43.3  12.2   0.2    8   2704   2894   0.00E
13:58:13  42.6   0.0  53.1   4.3   0.0    9   2930   3184   0.00E
13:58:13  43.5   0.0  47.0   9.5   0.0    8   2502   2958   0.00E
13:58:14  43.0   0.0  49.8   7.2   0.0   10   2830   3000   0.00E
13:58:14  41.9   0.0  50.6   7.5   0.0   10   2540   2818   0.00E
13:58:15  44.4   0.0  46.9   8.8   0.0    9   2874   3058   0.00E
13:58:15  43.9   0.0  52.1   4.0   0.0    7   2700   2866   0.00E
13:58:16  43.1   0.0  46.4  10.5   0.0    8   3332   3090   0.00E
  Time    User  Nice   Sys  Idle    IO  Run Ctxt/s  IRQ/s  Watts
13:58:16  45.0   0.0  53.0   2.0   0.0   10   2282   2782   0.00E
13:58:17  40.9   0.0  47.1  12.0   0.0    9   3348   3032   0.00E
13:58:17  45.0   0.0  51.5   3.5   0.0    9   2510   2802   0.00E
13:58:18  42.8   0.0  47.8   9.5   0.0    9   3134   3136   0.00E
13:58:18  43.1   0.0  51.6   5.3   0.0    9   2470   2746   0.00E
13:58:19  43.7   0.0  50.3   6.0   0.0    8   3338   3118   0.00E
13:58:19  44.8   0.0  48.5   6.7   0.0   11   2986   2962   0.00E
13:58:20  44.8   0.0  52.2   3.1   0.0    8   3806   3370   0.00E
13:58:20  39.2   0.0  50.2  10.5   0.0    9   2902   2928   0.00E
13:58:21  45.8   0.0  51.2   3.0   0.0    9   3410   3088   0.00E
13:58:21  41.6   0.0  48.1  10.0   0.3    8   2350   2760   0.00E
13:58:22  47.0   0.0  49.5   3.5   0.0    8   3078   2992   0.00E
13:58:22  42.1   0.0  47.1  10.7   0.0    9   2412   2822   0.00E
13:58:23  44.0   0.0  52.5   3.5   0.0    9   3204   3014   0.00E
13:58:23  43.0   0.0  45.8  11.2   0.0    9   2626   3048   0.00E
13:58:24  47.4   0.0  48.6   4.0   0.0    9   5298   7292   0.00E
13:58:24  47.6   0.0  49.6   2.8   0.0    8   5936   6496   0.00E
13:58:25  43.9   0.0  48.6   7.5   0.0    9   2994   3096   0.00E
13:58:25  46.8   0.0  48.8   4.5   0.0    9   2656   2894   0.00E
13:58:26  43.6   0.0  46.4  10.0   0.0    9   3158   3068   0.00E
13:58:26  46.1   0.0  50.4   3.5   0.0    9   2794   2918   0.00E
13:58:27  40.7   0.0  49.7   9.5   0.0    8   2892   3040   0.00E
13:58:27  44.4   0.0  52.9   2.8   0.0    8   2956   3040   0.00E
  Time    User  Nice   Sys  Idle    IO  Run Ctxt/s  IRQ/s  Watts
13:58:28  42.4   0.0  48.6   9.0   0.0    8   4032   3274   0.00E
13:58:28  45.1   0.0  50.1   4.8   0.0    9   2486   2818   0.00E
13:58:29  43.0   0.0  48.2   8.8   0.0    9   3522   3120   0.00E
13:58:29  46.6   0.0  48.1   5.0   0.2    9   3350   3284   0.00E
13:58:30  45.9   0.0  48.9   5.3   0.0    8   3972   3454   0.00E
13:58:30  41.9   0.0  50.6   7.3   0.3    9   3228   3230   0.00E
13:58:31  46.0   0.0  50.0   4.0   0.0    7   3540   3286   0.00E
13:58:31  44.9   0.0  45.4   9.8   0.0   11   2972   2974   0.00E
13:58:32  46.5   0.0  51.0   2.5   0.0    9   2958   2988   0.00E
13:58:32  45.2   0.0  45.8   9.0   0.0    8   3778   3160   0.00E
13:58:33  48.0   0.0  48.8   3.2   0.0    9   3148   2990   0.00E
13:58:33  43.6   0.0  48.1   8.3   0.0   10   2844   2860   0.00E
13:58:34  44.8   0.0  50.8   4.5   0.0    9   3370   3180   0.00E
13:58:34  43.4   0.0  47.6   9.0   0.0    9   2608   2948   0.00E
13:58:35  44.1   0.0  50.6   5.3   0.0    9   4188   3458   0.00E
13:58:35  45.1   0.0  49.6   5.2   0.0   11   3018   3072   0.00E
13:58:36  41.2   0.0  51.8   7.0   0.0    9   4488   6920   0.00E
13:58:36  58.5   0.0  41.5   0.0   0.0   13   6882   8200   0.00E
13:58:37  57.6   0.0  42.4   0.0   0.0   15   5856   8502   0.00E
13:58:37  50.1   0.0  48.4   1.5   0.0   11   6682   6894   0.00E
13:58:38  49.2   0.0  45.0   5.8   0.0    9   8358   9694   0.00E
13:58:38  53.1   0.0  46.9   0.0   0.0   13   8372   6288   0.00E
13:58:39  54.9   0.0  45.1   0.0   0.0   12  12504  10910   0.00E
  Time    User  Nice   Sys  Idle    IO  Run Ctxt/s  IRQ/s  Watts
13:58:39  54.1   0.0  45.9   0.0   0.0   12   9988   6120   0.00E
13:58:40  49.9   0.0  49.6   0.5   0.0    9   7918   7344   0.00E
13:58:40  48.6   0.0  50.4   1.0   0.0   10   8752   9496   0.00E
13:58:41  50.4   0.0  47.1   2.5   0.0   11   5546   4132   0.00E
13:58:41  50.9   0.0  47.4   1.8   0.0    9   7014   8266   0.00E
13:58:42  45.4   0.0  51.4   3.3   0.0    8   6900   8390   0.00E
13:58:42  46.0   0.0  45.0   9.0   0.0    9   3234   3110   0.00E
13:58:43  43.6   0.0  53.4   3.0   0.0    8   3230   3080   0.00E
13:58:43  39.4   0.0  47.7  12.8   0.0    9   2726   2968   0.00E
13:58:44  47.0   0.0  51.0   2.0   0.0    8   2792   2984   0.00E
13:58:44  42.2   0.0  45.0  12.8   0.0    8   2942   3002   0.00E
13:58:45  46.4   0.0  51.9   1.7   0.0    8   3444   3106   0.00E
13:58:45  43.1   0.0  47.9   9.0   0.0    8   3482   2996   0.00E
13:58:46  45.7   0.0  50.3   4.0   0.0    9   2970   3044   0.00E
13:58:46  43.8   0.0  48.0   8.2   0.0    6   2726   2938   0.00E
13:58:47  42.1   0.0  51.1   6.8   0.0    9   2698   2996   0.00E
13:58:47  44.9   0.0  50.1   5.0   0.0    7   2540   2834   0.00E
13:58:48  43.0   0.0  46.2  10.8   0.0    9   3154   3124   0.00E
13:58:48  46.9   0.0  50.6   2.5   0.0    9   2608   2852   0.00E
13:58:49  41.2   0.0  46.2  12.6   0.0    9   3110   3066   0.00E
13:58:49  44.4   0.0  53.4   2.0   0.2    8   2384   2774   0.00E
13:58:50  40.8   0.0  46.0  13.2   0.0    8   2952   2964   0.00E
13:58:50  45.5   0.0  53.3   1.3   0.0    9   2280   2812   0.00E
  Time    User  Nice   Sys  Idle    IO  Run Ctxt/s  IRQ/s  Watts
13:58:51  42.4   0.0  47.6  10.0   0.0    9   2886   3014   0.00E
13:58:51  45.1   0.0  50.9   4.0   0.0    9   2720   2798   0.00E
13:58:52  43.1   0.0  49.1   7.8   0.0    6   3222   3062   0.00E
13:58:52  43.8   0.0  49.5   6.8   0.0    9   2476   2828   0.00E
13:58:53  43.2   0.0  52.3   4.5   0.0    8   3080   2970   0.00E
13:58:53  44.1   0.0  45.6  10.3   0.0   10   2722   2784   0.00E
13:58:54  45.8   0.0  52.0   2.2   0.0    9   2946   2992   0.00E
13:58:54  41.2   0.0  48.2  10.5   0.0    9   2608   2848   0.00E
13:58:55  47.8   0.0  50.5   1.8   0.0    8   2882   2888   0.00E
13:58:55  42.9   0.0  44.9  12.3   0.0    8   2684   2822   0.00E
13:58:56  49.2   0.0  49.2   1.5   0.0   10   3462   3204   0.00E
13:58:56  43.7   0.0  46.2  10.1   0.0    9   2208   2742   0.00E
13:58:57  46.5   0.0  49.5   4.0   0.0    9   3086   2970   0.00E
13:58:57  43.9   0.0  48.6   7.5   0.0    6   2502   2826   0.00E
13:58:58  44.9   0.0  48.1   7.0   0.0    9   3656   3230   0.00E
13:58:58  44.2   0.0  51.0   4.8   0.0    8   2380   2764   0.00E
13:58:59  43.7   0.0  46.2   9.5   0.5    9   6742   4082   0.00E
13:58:59  44.4   0.0  53.1   2.5   0.0    9   2960   3028   0.00E
13:59:00  42.0   0.0  45.7  12.3   0.0    9   3902   3362   0.00E
13:59:00  48.8   0.0  49.2   2.0   0.0    8   2658   2880   0.00E
13:59:01  44.1   0.0  44.1  11.8   0.0    8   3754   3314   0.00E
13:59:01  45.8   0.0  53.0   1.2   0.0    9   2812   2916   0.00E
13:59:02  45.4   0.0  45.6   9.0   0.0    8   3434   3132   0.00E
  Time    User  Nice   Sys  Idle    IO  Run Ctxt/s  IRQ/s  Watts
13:59:02  46.6   0.0  50.9   2.5   0.0   11   3776   3334   0.00E
13:59:03  43.2   0.0  51.5   5.3   0.0    6   3120   3098   0.00E
13:59:03  43.0   0.0  47.5   9.5   0.0   10   2656   2866   0.00E
13:59:04  46.4   0.0  51.1   2.5   0.0    9   3454   3072   0.00E
13:59:04  42.8   0.0  46.2  11.0   0.0    8   2788   2922   0.00E
13:59:05  47.1   0.0  49.9   3.0   0.0    8   3180   3092   0.00E
13:59:05  43.0   0.0  48.7   8.3   0.0   10   3152   3036   0.00E
13:59:06  47.2   0.0  49.0   3.8   0.0    8   3248   3082   0.00E
13:59:06  46.4   0.0  46.1   7.3   0.3   10   3072   3084   0.00E
13:59:07  44.1   0.0  49.9   6.0   0.0   12   3578   3378   0.00E
13:59:07  44.2   0.0  48.8   7.0   0.0    8   2234   2738   0.00E
13:59:08  44.4   0.0  48.9   6.7   0.0    9   3108   3106   0.00E
13:59:08  43.2   0.0  51.8   5.0   0.0   15   2162   2774   0.00E
13:59:09  43.5   0.0  47.0   9.5   0.0    9   3684   3612   0.00E
13:59:09  44.9   0.0  52.6   2.5   0.0    9   2514   3228   0.00E
13:59:10  43.0   0.0  46.2  10.8   0.0    8   3390   3082   0.00E
13:59:10  46.9   0.0  50.4   2.8   0.0    8   2526   2848   0.00E
13:59:11  40.2   0.0  50.2   9.5   0.0    8   3244   3032   0.00E
13:59:11  45.9   0.0  50.1   4.0   0.0    9   3132   2978   0.00E
13:59:12  42.8   0.0  49.4   7.8   0.0    9   3114   2982   0.00E
13:59:12  41.8   0.0  52.0   6.2   0.0    9   2242   2798   0.00E
13:59:13  17.6   0.0   7.0  75.1   0.3    2   4244   2590   0.00E
13:59:13  13.3   0.0   0.3  86.5   0.0    2   2012   1338   0.00E
  Time    User  Nice   Sys  Idle    IO  Run Ctxt/s  IRQ/s  Watts
13:59:14  13.4   0.0   0.0  86.6   0.0    2   2786   1794   0.00E
13:59:14  12.6   0.0   0.0  87.4   0.0    2   2098   1508   0.00E
13:59:15  13.6   0.0   0.3  85.9   0.3    2   3172   1944   0.00E
13:59:15  12.6   0.0   0.3  87.1   0.0    2   2008   3346   0.00E
13:59:16  14.1   0.0   0.3  85.6   0.0    2   2954   5952   0.00E
13:59:16  13.4   0.0   0.3  86.4   0.0    2   2726   5678   0.00E
13:59:17  13.9   0.0   0.3  85.9   0.0    2   2674   5558   0.00E
13:59:17  13.2   0.0   0.0  86.8   0.0    2   2436   4994   0.00E
13:59:18  10.4   0.0   0.3  89.3   0.0    1   3228   4066   0.00E
13:59:18  34.9   0.0   0.5  64.6   0.0    2   8196   8780   0.00E
13:59:19  34.0   0.0   2.8  62.9   0.3    2  10722  14938   0.00E
13:59:19  11.9   0.0   2.0  85.8   0.3    2   3070   2330   0.00E
13:59:20  11.3   0.0   3.1  84.9   0.8    1   9740   9984   0.00E
13:59:20   0.5   0.0   0.0  99.5   0.0    1   2158   1480   0.00E
13:59:21   2.3   0.0   1.3  96.4   0.0    1   2732   1804   0.00E
13:59:21   2.5   0.0   0.8  96.7   0.0    1   2380   1492   0.00E
13:59:22   1.5   0.0   0.8  97.7   0.0    1   2662   1686   0.00E
13:59:22   3.0   0.0   0.5  96.2   0.3    1   2924   1778   0.00E
13:59:23   3.3   0.0   1.8  94.9   0.0    2   5808   2752   0.00E
13:59:23   2.3   0.0   0.0  97.7   0.0    1   2410   1438   0.00E
13:59:24   1.8   0.0   1.0  97.2   0.0    3   2898   1780   0.00E
13:59:24   1.3   0.0   0.0  98.7   0.0    1   2430   1386   0.00E
13:59:25   2.0   0.0   1.0  96.7   0.3    1   2686   1798   0.00E
  Time    User  Nice   Sys  Idle    IO  Run Ctxt/s  IRQ/s  Watts
13:59:25   2.0   0.0   0.3  97.7   0.0    1   2394   1618   0.00E
13:59:26   2.0   0.0   1.8  96.2   0.0    1   3084   1902   0.00E
13:59:26   0.8   0.0   0.3  98.7   0.3    1   2186   1456   0.00E
13:59:27   2.6   0.0   0.8  96.7   0.0    1   2926   1882   0.00E
13:59:27   1.3   0.0   0.5  98.2   0.0    3   2958   1836   0.00E
13:59:28   9.9   0.0   1.3  88.9   0.0    1   3922   6990   0.00E
13:59:28   8.4   0.0   0.3  91.3   0.0    1   2848   2084   0.00E
13:59:29  11.5   0.0   0.5  88.0   0.0    9   4654   2384   0.00E
13:59:29   5.1   0.0   0.8  94.2   0.0    1   3224   1998   0.00E
13:59:30   1.0   0.0   1.0  98.0   0.0    1   3336   2078   0.00E
13:59:30   2.8   0.0   0.5  96.5   0.3    1   2960   1698   0.00E
13:59:31   1.5   0.0   0.8  97.7   0.0    1   2802   1756   0.00E
13:59:31   2.5   0.0   0.3  97.2   0.0    1   2658   1740   0.00E
13:59:32   2.6   0.0   1.0  96.4   0.0    1   3236   1928   0.00E
13:59:32   2.0   0.0   1.0  97.0   0.0    1   2886   1708   0.00E
13:59:33  36.1   0.0  53.4  10.5   0.0    9   3954   4074   0.00E
13:59:33  39.9   0.0  60.1   0.0   0.0    9   2830   4644   0.00E
13:59:34  40.5   0.0  59.5   0.0   0.0    9   2812   4418   0.00E
13:59:34  39.0   0.0  61.0   0.0   0.0   10   2718   4618   0.00E
13:59:35  40.5   0.0  59.5   0.0   0.0    9   2800   4476   0.00E
13:59:35  39.2   0.0  59.2   1.5   0.0    9   3418   4762   0.00E
13:59:36  38.2   0.0  61.8   0.0   0.0   12   3164   5014   0.00E
13:59:36  41.1   0.0  58.9   0.0   0.0    9   2720   5004   0.00E
  Time    User  Nice   Sys  Idle    IO  Run Ctxt/s  IRQ/s  Watts
13:59:37  37.8   0.0  62.2   0.0   0.0   10   3362   4966   0.00E
13:59:37  39.1   0.0  60.9   0.0   0.0    9   2264   4396   0.00E
13:59:38  39.5   0.0  60.5   0.0   0.0    9   2988   4490   0.00E
13:59:38  36.8   0.0  60.7   2.5   0.0    9   2348   4628   0.00E
13:59:39  37.8   0.0  62.2   0.0   0.0    9   2778   4456   0.00E
13:59:39  39.7   0.0  60.3   0.0   0.0    9   2634   4692   0.00E
13:59:40  35.6   0.0  64.4   0.0   0.0    9   2708   4872   0.00E
13:59:40  38.0   0.0  62.0   0.0   0.0    9   2196   4576   0.00E
13:59:41  39.5   0.0  60.5   0.0   0.0    9   2404   4372   0.00E
13:59:41  40.8   0.0  59.2   0.0   0.0   10   2294   4596   0.00E
13:59:42  40.2   0.0  59.8   0.0   0.0    9   2778   5114   0.00E
13:59:42  47.0   0.0  53.0   0.0   0.0   10   3014   4260   0.00E
13:59:43  45.0   0.0  55.0   0.0   0.0   10   2970   4530   0.00E
13:59:43  46.6   0.0  53.4   0.0   0.0   10   2730   4316   0.00E
13:59:44  43.5   0.0  56.5   0.0   0.0   10   3082   5526   0.00E
13:59:44  49.9   0.0  50.1   0.0   0.0   10   2280   5268   0.00E
13:59:45  42.8   0.0  57.2   0.0   0.0    9   3066   5744   0.00E
13:59:45  36.0   0.0  64.0   0.0   0.0    9   3128   6932   0.00E
13:59:46  38.8   0.0  61.2   0.0   0.0    9   2800   6512   0.00E
13:59:46  38.2   0.0  61.8   0.0   0.0    9   2638   6410   0.00E
13:59:47  43.6   0.0  56.4   0.0   0.0   10   2924   6842   0.00E
13:59:47  44.1   0.0  55.9   0.0   0.0   11   2874   6530   0.00E
13:59:48  45.1   0.0  54.9   0.0   0.0    9   3412   5994   0.00E
  Time    User  Nice   Sys  Idle    IO  Run Ctxt/s  IRQ/s  Watts
13:59:48  42.0   0.0  58.0   0.0   0.0    9   2856   5514   0.00E
13:59:49  45.1   0.0  54.9   0.0   0.0    9   3410   3622   0.00E
13:59:49  38.0   0.0  62.0   0.0   0.0    9   2564   2908   0.00E
13:59:50  37.2   0.0  62.8   0.0   0.0    9   3000   3056   0.00E
13:59:50  37.8   0.0  62.2   0.0   0.0   11   2494   2866   0.00E
13:59:51  39.8   0.0  60.2   0.0   0.0    9   2646   2900   0.00E
13:59:51  39.9   0.0  59.6   0.5   0.0    8   2086   2752   0.00E
13:59:52  39.0   0.0  58.8   2.2   0.0    9   2400   2874   0.00E
13:59:52  38.5   0.0  61.5   0.0   0.0    9   2902   3024   0.00E
13:59:53  40.0   0.0  60.0   0.0   0.0    9   2754   2938   0.00E
13:59:53  39.0   0.0  61.0   0.0   0.0    9   2892   2930   0.00E
13:59:54  39.1   0.0  60.9   0.0   0.0    9   2828   2996   0.00E
13:59:54  39.7   0.0  60.3   0.0   0.0    9   2688   2952   0.00E
13:59:55  37.8   0.0  62.2   0.0   0.0    9   3072   3060   0.00E
13:59:55  36.6   0.0  63.4   0.0   0.0    9   2284   2906   0.00E
13:59:56  42.8   0.0  57.2   0.0   0.0    9   2966   2978   0.00E
13:59:56  39.0   0.0  61.0   0.0   0.0    9   2446   2872   0.00E
13:59:57  40.6   0.0  59.4   0.0   0.0    9   2666   2952   0.00E
13:59:57  39.0   0.0  61.0   0.0   0.0    9   2144   2740   0.00E
13:59:58  37.3   0.0  62.7   0.0   0.0    9   3534   3296   0.00E
13:59:58  38.5   0.0  61.5   0.0   0.0   10   2258   2848   0.00E
13:59:59  41.2   0.0  58.8   0.0   0.0    9   5652   3968   0.00E
13:59:59  39.8   0.0  60.2   0.0   0.0    9   3216   3148   0.00E
  Time    User  Nice   Sys  Idle    IO  Run Ctxt/s  IRQ/s  Watts
14:00:00  42.8   0.0  57.2   0.0   0.0   10   3900   3460   0.00E
14:00:00  50.0   0.0  50.0   0.0   0.0   10   2616   2858   0.00E
14:00:01  45.8   0.0  54.2   0.0   0.0   10   3534   3128   0.00E
14:00:01  48.2   0.0  51.8   0.0   0.0   10   3400   3302   0.00E
14:00:02  47.2   0.0  52.8   0.0   0.0   10   3208   3064   0.00E
14:00:02  46.2   0.0  53.8   0.0   0.0   10   3698   3414   0.00E
14:00:03  47.5   0.0  52.5   0.0   0.0   10   2614   2914   0.00E
14:00:03  46.2   0.0  53.8   0.0   0.0   10   2562   2846   0.00E
14:00:04  47.2   0.0  52.8   0.0   0.0   11   3470   3044   0.00E
14:00:04  42.5   0.0  57.5   0.0   0.0   10   3014   2946   0.00E
14:00:05  47.9   0.0  52.1   0.0   0.0   11   3718   3216   0.00E
14:00:05  46.6   0.0  53.4   0.0   0.0   10   2766   2986   0.00E
14:00:06  51.1   0.0  48.9   0.0   0.0   10   3806   3164   0.00E
14:00:06  47.4   0.0  52.6   0.0   0.0   10   3302   3494   0.00E
14:00:07  46.0   0.0  54.0   0.0   0.0   15   3236   3138   0.00E
14:00:07  48.5   0.0  51.5   0.0   0.0   11   3242   2954   0.00E
14:00:08  45.8   0.0  54.2   0.0   0.0   10   3492   3204   0.00E
14:00:08  47.9   0.0  52.1   0.0   0.0   10   3204   2984   0.00E
14:00:09  48.2   0.0  51.8   0.0   0.0   11   2726   2918   0.00E
14:00:09  45.0   0.0  55.0   0.0   0.0   10   2340   2734   0.00E
14:00:10  46.6   0.0  53.4   0.0   0.0   10   3568   3128   0.00E
14:00:10  49.2   0.0  50.8   0.0   0.0   10   2702   2840   0.00E
14:00:11  46.8   0.0  53.2   0.0   0.0   10   2668   2872   0.00E
  Time    User  Nice   Sys  Idle    IO  Run Ctxt/s  IRQ/s  Watts
14:00:11  44.2   0.0  55.8   0.0   0.0   10   1940   2662   0.00E
14:00:12  45.1   0.0  54.9   0.0   0.0   10   2486   2842   0.00E
14:00:12  46.1   0.0  53.9   0.0   0.0   10   2372   2820   0.00E
14:00:13  48.4   0.0  51.6   0.0   0.0   10   2912   2908   0.00E
14:00:13  49.1   0.0  50.9   0.0   0.0   10   2776   2938   0.00E
14:00:14  46.2   0.0  53.8   0.0   0.0   10   2284   2786   0.00E
14:00:14  48.4   0.0  51.6   0.0   0.0   10   2834   3000   0.00E
14:00:15  44.2   0.0  55.8   0.0   0.0   10   2388   2822   0.00E
14:00:15  46.0   0.0  54.0   0.0   0.0   10   2450   2784   0.00E
14:00:16  47.2   0.0  52.8   0.0   0.0   10   2770   2936   0.00E
14:00:16  44.5   0.0  55.5   0.0   0.0   11   2330   2746   0.00E
14:00:17  47.0   0.0  53.0   0.0   0.0   10   2502   2804   0.00E
14:00:17  47.2   0.0  52.8   0.0   0.0   10   2346   2768   0.00E
14:00:18  46.8   0.0  53.2   0.0   0.0   10   2878   2950   0.00E
14:00:18  47.8   0.0  52.2   0.0   0.0   16   2602   2806   0.00E
14:00:19  46.0   0.0  54.0   0.0   0.0   10   2828   3020   0.00E
14:00:19  46.2   0.0  53.8   0.0   0.0   10   2410   2820   0.00E
14:00:20  45.8   0.0  54.2   0.0   0.0   11   3744   3432   0.00E
14:00:20  46.0   0.0  54.0   0.0   0.0   10   2586   2894   0.00E
14:00:21  46.1   0.0  53.9   0.0   0.0   12   2924   2916   0.00E
14:00:21  44.4   0.0  55.6   0.0   0.0   10   2368   2752   0.00E
14:00:22  44.1   0.0  55.9   0.0   0.0   10   3052   3038   0.00E
14:00:22  44.0   0.0  56.0   0.0   0.0   10   2384   2786   0.00E
  Time    User  Nice   Sys  Idle    IO  Run Ctxt/s  IRQ/s  Watts
14:00:23  46.9   0.0  53.1   0.0   0.0   10   2576   2870   0.00E
14:00:23  45.2   0.0  54.8   0.0   0.0   10   2888   2942   0.00E
14:00:24  46.5   0.0  53.5   0.0   0.0   10   2600   2852   0.00E
14:00:24  43.1   0.0  56.9   0.0   0.0   10   2310   2784   0.00E
14:00:25  47.8   0.0  52.2   0.0   0.0   10   2134   2718   0.00E
14:00:25  49.9   0.0  50.1   0.0   0.0   10   2800   2830   0.00E
14:00:26  46.9   0.0  53.1   0.0   0.0   11   2846   3074   0.00E
14:00:26  43.9   0.0  56.1   0.0   0.0   10   2494   2838   0.00E
14:00:27  45.4   0.0  54.6   0.0   0.0   10   2820   2872   0.00E
14:00:27  50.8   0.0  49.2   0.0   0.0   10   6762   6236   0.00E
14:00:28  43.4   0.0  56.6   0.0   0.0   11   5852   9052   0.00E
14:00:28  48.5   0.0  51.5   0.0   0.0   10   6496   5516   0.00E
14:00:29  48.4   0.0  51.6   0.0   0.0   10   4876   5184   0.00E
14:00:29  46.0   0.0  54.0   0.0   0.0   10   3160   3044   0.00E
14:00:30  47.5   0.0  52.5   0.0   0.0   10   3926   3266   0.00E
14:00:30  45.9   0.0  54.1   0.0   0.0   10   3804   3376   0.00E
14:00:31  45.6   0.0  54.4   0.0   0.0   10   3850   3446   0.00E
14:00:31  48.5   0.0  51.5   0.0   0.0   10   2410   2866   0.00E
14:00:32  47.5   0.0  52.5   0.0   0.0   11   2778   2974   0.00E
14:00:32  45.8   0.0  54.2   0.0   0.0   14   3858   4558   0.00E
14:00:33  50.8   0.0  49.2   0.0   0.0   10   4674   7156   0.00E
14:00:33  57.2   0.0  42.8   0.0   0.0   14   8352   7238   0.00E
14:00:34  47.5   0.0  52.5   0.0   0.0   10   5424   5884   0.00E
  Time    User  Nice   Sys  Idle    IO  Run Ctxt/s  IRQ/s  Watts
14:00:34  45.5   0.0  54.5   0.0   0.0   12   4758   7284   0.00E
14:00:35  46.0   0.0  54.0   0.0   0.0   10   5550   7884   0.00E
14:00:35  52.2   0.0  47.8   0.0   0.0   10   5310   6170   0.00E
14:00:36  46.2   0.0  53.8   0.0   0.0   10   5048   7526   0.00E
14:00:36  46.4   0.0  53.6   0.0   0.0   10   4866   8712   0.00E
14:00:37  48.9   0.0  51.1   0.0   0.0   12   7992   8232   0.00E
14:00:37  48.6   0.0  51.4   0.0   0.0   10   4430   3738   0.00E
14:00:38  47.2   0.0  52.8   0.0   0.0   10   4992   7470   0.00E
14:00:38  46.0   0.0  54.0   0.0   0.0   11   4458   6502   0.00E
14:00:39  47.2   0.0  52.8   0.0   0.0   13   5538   8880   0.00E
14:00:39  47.9   0.0  52.1   0.0   0.0   10   6806   6816   0.00E
14:00:40  50.2   0.0  49.8   0.0   0.0   11   6480   9458   0.00E
14:00:40  49.0   0.0  51.0   0.0   0.0   10   5516   6678   0.00E
14:00:41  46.5   0.0  53.5   0.0   0.0   10   6526   8762   0.00E
14:00:41  44.0   0.0  56.0   0.0   0.0   18   4558   8062   0.00E
14:00:42  49.2   0.0  50.8   0.0   0.0   10   8606   8046   0.00E
14:00:42  47.1   0.0  52.9   0.0   0.0   10   4546   3766   0.00E
-------- ----- ----- ----- ----- ----- ---- ------ ------ ------ 
 Average  42.1   0.0  39.7  18.1   0.0  8.5 5131.8 4974.2  -N/A- 
 GeoMean  36.2   0.0   0.0   0.0   0.0  7.4 4394.7 4439.0   0.00 
  StdDev  13.6   0.0  15.2  26.7   0.1  3.5 3424.1 2427.2  -N/A- 
-------- ----- ----- ----- ----- ----- ---- ------ ------ ------ 
 Minimum   0.5   0.0   0.0   0.0   0.0  1.0 1940.0 1336.0  -N/A- 
 Maximum  67.0   0.0  64.4  99.5   2.5 25.0 32474.0 16466.0  -N/A- 
-------- ----- ----- ----- ----- ----- ---- ------ ------ ------ 
Summary:
System:   0.00 Watts on average with standard deviation 0.00  
