Running for 480.0 seconds (960 samples at 0.5 second intervals).
Power measurements will start in 0 seconds time.

  Time    User  Nice   Sys  Idle    IO  Run Ctxt/s  IRQ/s  Watts
13:56:03  14.5   0.0   0.5  85.0   0.0    2   4002   2432   0.00E
13:56:03  10.4   0.0   0.3  89.4   0.0    1   3714   2054   0.00E
13:56:04   2.8   0.0   1.0  96.1   0.0    1   3458   2000   0.00E
13:56:04   3.3   0.0   0.8  95.7   0.3    1   3602   2196   0.00E
13:56:05   1.5   0.0   1.0  97.4   0.0    1   3192   1892   0.00E
13:56:05   3.1   0.0   0.5  96.4   0.0    1   4212   2108   0.00E
13:56:06   3.6   0.0   1.5  94.9   0.0    1   3994   2092   0.00E
13:56:06   1.8   0.0   0.3  98.0   0.0    1   2336   1462   0.00E
13:56:07   2.8   0.0   0.5  96.7   0.0    5   3238   1908   0.00E
13:56:07  16.3   0.0   0.5  83.2   0.0    1   4242   7580   0.00E
13:56:08   1.8   0.0   1.3  96.7   0.3    1   3120   1904   0.00E
13:56:08   1.5   0.0   0.3  98.2   0.0    1   2746   1820   0.00E
13:56:09   1.8   0.0   0.8  97.4   0.0    1   2712   1676   0.00E
13:56:09   0.5   0.0   0.3  99.2   0.0    1   2222   1520   0.00E
13:56:10   2.3   0.0   0.8  96.7   0.3    1   3418   2554   0.00E
13:56:10   1.3   0.0   0.3  98.5   0.0    1   2090   1504   0.00E
13:56:11   9.4   0.0   0.3  90.1   0.3    2   2958   1924   0.00E
13:56:11  20.9   0.0   1.0  78.1   0.0    2   7048   5396   0.00E
13:56:12  13.7   0.0   0.0  86.3   0.0    2   3022   2586   0.00E
13:56:12  15.9   0.0   3.5  80.5   0.0   11   4134   2608   0.00E
13:56:13  48.1   0.0  38.4  13.5   0.0    9   4880   5256   0.00E
13:56:13  55.1   0.0  42.4   2.5   0.0   10   3076   5076   0.00E
13:56:14  51.1   0.0  34.8  14.0   0.0    9   4206   5394   0.00E
  Time    User  Nice   Sys  Idle    IO  Run Ctxt/s  IRQ/s  Watts
13:56:14  55.1   0.0  44.1   0.8   0.0   11   4120   5438   0.00E
13:56:15  53.5   0.0  37.2   9.3   0.0   10   5142   5768   0.00E
13:56:15  54.8   0.0  44.5   0.8   0.0    9   3424   5300   0.00E
13:56:16  53.4   0.0  38.9   7.7   0.0    6   3826   5328   0.00E
13:56:16  52.2   0.0  41.8   6.0   0.0   10   2744   4614   0.00E
13:56:17  53.4   0.0  44.1   2.5   0.0    8   3250   4750   0.00E
13:56:17  45.9   0.0  44.9   9.3   0.0    9   3528   5006   0.00E
13:56:18  49.6   0.0  46.6   3.7   0.0    9   3348   5398   0.00E
13:56:18  46.1   0.0  45.4   8.5   0.0    9   5960   5774   0.00E
13:56:19  53.9   0.0  45.1   1.0   0.0    9   7468   6576   0.00E
13:56:19  58.9   0.0  39.1   2.0   0.0   15   3724   5282   0.00E
13:56:20  51.2   0.0  43.5   5.2   0.0   10   3016   6170   0.00E
13:56:20  49.8   0.0  44.2   6.0   0.0    8   4088   5838   0.00E
13:56:21  48.5   0.0  43.2   8.0   0.2    8   2832   5138   0.00E
13:56:21  52.2   0.0  44.8   3.0   0.0    7   2736   4756   0.00E
13:56:22  46.4   0.0  43.9   9.8   0.0    8   4786   5480   0.00E
13:56:22  50.2   0.0  46.8   3.0   0.0    9   5686   5590   0.00E
13:56:23  45.3   0.0  45.8   8.8   0.0    9   5874   5870   0.00E
13:56:23  49.8   0.0  46.8   3.5   0.0    8   3896   4652   0.00E
13:56:24  41.0   0.0  46.8  12.2   0.0   13   3830   3018   0.00E
13:56:24  46.1   0.0  50.1   3.8   0.0   11   4578   3462   0.00E
13:56:25  55.6   0.0  44.1   0.3   0.0   11   8370   4962   0.00E
13:56:25  46.9   0.0  53.1   0.0   0.0   14   6252   4126   0.00E
  Time    User  Nice   Sys  Idle    IO  Run Ctxt/s  IRQ/s  Watts
13:56:26  50.8   0.0  46.2   3.0   0.0    8   7720   4808   0.00E
13:56:26  49.9   0.0  44.4   5.7   0.0   11   6212   3892   0.00E
13:56:27  57.9   0.0  42.1   0.0   0.0   21   5354   3600   0.00E
13:56:27  50.0   0.0  50.0   0.0   0.0   10   5292   3672   0.00E
13:56:28  48.2   0.0  51.5   0.2   0.0   12   7514   6872   0.00E
13:56:28  45.3   0.0  44.8   9.8   0.0   10   7940   9812   0.00E
13:56:29  50.2   0.0  49.5   0.2   0.0    9   7176   7828   0.00E
13:56:29  47.6   0.0  45.9   6.5   0.0   10   5894   6714   0.00E
13:56:30  50.5   0.0  46.2   3.3   0.0   11   6636   7206   0.00E
13:56:30  49.7   0.0  49.5   0.8   0.0    9   6348   5944   0.00E
13:56:31  49.1   0.0  49.1   1.7   0.0   12   8960   9376   0.00E
13:56:31  50.6   0.0  47.6   1.8   0.0   13   8458   8752   0.00E
13:56:32  44.5   0.0  51.0   4.2   0.2   11   3634   3694   0.00E
13:56:32  43.6   0.0  48.9   7.5   0.0    9   2936   2994   0.00E
13:56:33  49.4   0.0  47.9   2.8   0.0    8   7118   7984   0.00E
13:56:33  48.1   0.0  47.1   4.8   0.0    9   6112   8064   0.00E
13:56:34  46.9   0.0  48.6   4.5   0.0    8   7142   6864   0.00E
13:56:34  52.6   0.0  44.4   3.0   0.0    9   7264   6764   0.00E
13:56:35  45.2   0.0  49.0   5.8   0.0   10   4428   5888   0.00E
13:56:35  57.2   0.0  42.5   0.2   0.0   18   8838   8732   0.00E
13:56:36  55.4   0.0  44.6   0.0   0.0   18   5546   6566   0.00E
13:56:36  60.1   0.0  39.9   0.0   0.0   13   6724   9310   0.00E
13:56:37  55.2   0.0  44.8   0.0   0.0   12   7790   8148   0.00E
  Time    User  Nice   Sys  Idle    IO  Run Ctxt/s  IRQ/s  Watts
13:56:37  62.8   0.0  37.2   0.0   0.0   12   7806   8328   0.00E
13:56:38  56.8   0.0  43.2   0.0   0.0   17   5464   7092   0.00E
13:56:38  60.5   0.0  39.5   0.0   0.0   11   5900   8554   0.00E
13:56:39  52.9   0.0  47.1   0.0   0.0   11   4232   6336   0.00E
13:56:39  61.0   0.0  38.8   0.2   0.0   14   6508   9984   0.00E
13:56:40  50.1   0.0  49.9   0.0   0.0   12   5672   8416   0.00E
13:56:40  59.6   0.0  40.4   0.0   0.0   15   4910   8686   0.00E
13:56:41  55.8   0.0  44.2   0.0   0.0   11   6932  11172   0.00E
13:56:41  60.9   0.0  39.1   0.0   0.0   14   6716   8138   0.00E
13:56:42  57.1   0.0  42.9   0.0   0.0   14   7016  10240   0.00E
13:56:42  56.5   0.0  43.5   0.0   0.0   14   7744   9446   0.00E
13:56:43  64.9   0.0  35.1   0.0   0.0   17   4514   3676   0.00E
13:56:43  55.2   0.0  44.8   0.0   0.0   11   3636   3698   0.00E
13:56:44  51.2   0.0  48.8   0.0   0.0   12   3220   3014   0.00E
13:56:44  53.2   0.0  46.8   0.0   0.0   10   4162   3980   0.00E
13:56:45  55.5   0.0  44.5   0.0   0.0   12   5178   6348   0.00E
13:56:45  59.2   0.0  40.8   0.0   0.0   20   7858   9592   0.00E
13:56:46  53.0   0.0  47.0   0.0   0.0   10  10346   6242   0.00E
13:56:46  46.2   0.0  53.8   0.0   0.0   14   3294   3044   0.00E
13:56:47  58.4   0.0  41.6   0.0   0.0   15   7730   4432   0.00E
13:56:47  50.4   0.0  49.6   0.0   0.0   10   5444   3726   0.00E
13:56:48  47.9   0.0  48.6   3.5   0.0    9   5422   5650   0.00E
13:56:48  45.2   0.0  49.0   5.5   0.2    9   5940   5138   0.00E
  Time    User  Nice   Sys  Idle    IO  Run Ctxt/s  IRQ/s  Watts
13:56:49  49.2   0.0  48.8   2.0   0.0   10   6416   9124   0.00E
13:56:49  52.6   0.0  46.6   0.8   0.0   12   7648   6994   0.00E
13:56:50  50.2   0.0  49.8   0.0   0.0   10   6112   4940   0.00E
13:56:50  51.6   0.0  46.6   1.8   0.0    8   8442   7536   0.00E
13:56:51  49.4   0.0  50.4   0.3   0.0   11   6072   6258   0.00E
13:56:51  47.0   0.0  50.3   2.8   0.0    8   7370   8012   0.00E
13:56:52  50.2   0.0  48.2   1.5   0.0   12   7124   8730   0.00E
13:56:52  52.9   0.0  47.1   0.0   0.0   11   5104   3558   0.00E
13:56:53  62.6   0.0  36.4   1.0   0.0   19   4934   3590   0.00E
13:56:53  59.5   0.0  40.5   0.0   0.0   11   4292   3394   0.00E
13:56:54  58.6   0.0  41.4   0.0   0.0   22   6472   4066   0.00E
13:56:54  56.1   0.0  43.9   0.0   0.0   11   7254   5976   0.00E
13:56:55  57.1   0.0  42.9   0.0   0.0   10   6992   6428   0.00E
13:56:55  50.0   0.0  49.8   0.2   0.0    9   6850   7592   0.00E
13:56:56  56.0   0.0  42.5   1.5   0.0    8   8108   9480   0.00E
13:56:56  48.0   0.0  51.8   0.3   0.0    9   6872   9476   0.00E
13:56:57  53.1   0.0  43.1   3.7   0.0   11   7440   6756   0.00E
13:56:57  53.8   0.0  46.0   0.2   0.0   11   6054   3936   0.00E
13:56:58  63.1   0.0  36.9   0.0   0.0   11   6616   4458   0.00E
13:56:58  56.0   0.0  44.0   0.0   0.0   10   6254   5238   0.00E
13:56:59  47.9   0.0  50.6   1.3   0.3    9   9454   8818   0.00E
13:56:59  48.3   0.0  49.5   2.2   0.0   12   7434   7550   0.00E
13:57:00  52.8   0.0  45.0   2.3   0.0    8   8898   9914   0.00E
  Time    User  Nice   Sys  Idle    IO  Run Ctxt/s  IRQ/s  Watts
13:57:00  44.2   0.0  50.8   5.0   0.0   15   5806   4374   0.00E
13:57:01  48.6   0.0  49.9   1.5   0.0    9   6006   4196   0.00E
13:57:01  48.9   0.0  46.9   4.3   0.0   12   5576   4074   0.00E
13:57:02  48.1   0.0  50.1   1.8   0.0   11   5600   3988   0.00E
13:57:02  50.4   0.0  47.6   2.0   0.0    9   7864   5128   0.00E
13:57:03  49.2   0.0  50.5   0.2   0.0    9   6182   4362   0.00E
13:57:03  46.2   0.0  48.0   5.8   0.0    8   6658   4430   0.00E
13:57:04  48.8   0.0  48.5   2.5   0.2    9   6768   4574   0.00E
13:57:04  43.0   0.0  53.0   4.0   0.0    9   5542   4150   0.00E
13:57:05  48.8   0.0  49.0   2.2   0.0   11   6484   3996   0.00E
13:57:05  48.6   0.0  50.4   1.0   0.0   18   5402   3850   0.00E
13:57:06  49.5   0.0  49.0   1.5   0.0   12   6376   4422   0.00E
13:57:06  48.6   0.0  48.4   3.0   0.0    9   4016   3468   0.00E
13:57:07  46.6   0.0  49.9   3.5   0.0   12   6710   4770   0.00E
13:57:07  43.5   0.0  50.5   6.0   0.0    9   4916   3668   0.00E
13:57:08  47.6   0.0  48.1   4.3   0.0   10   4760   3676   0.00E
13:57:08  46.6   0.0  47.9   5.5   0.0    9   5858   4012   0.00E
13:57:09  47.8   0.0  49.2   3.0   0.0    9   6800   7488   0.00E
13:57:09  46.1   0.0  45.4   8.5   0.0   10   4378   3490   0.00E
13:57:10  52.6   0.0  46.1   1.3   0.0   10   7334   8706   0.00E
13:57:10  43.1   0.0  54.4   2.5   0.0    8   6064   8914   0.00E
13:57:11  43.9   0.0  46.6   9.5   0.0    8   4728   8334   0.00E
13:57:11  46.8   0.0  47.0   6.2   0.0   10   4322   6552   0.00E
  Time    User  Nice   Sys  Idle    IO  Run Ctxt/s  IRQ/s  Watts
13:57:12  56.2   0.0  43.8   0.0   0.0    9   6072   8352   0.00E
13:57:12  47.5   0.0  52.2   0.2   0.0    9   4794   8178   0.00E
13:57:13  42.1   0.0  44.8  13.1   0.0   10   5438   7128   0.00E
13:57:13  45.5   0.0  52.2   2.2   0.0   10   4486   4224   0.00E
13:57:14  43.8   0.0  45.1  11.1   0.0   10   4406   3492   0.00E
13:57:14  50.6   0.0  48.9   0.5   0.0   10   4918   3872   0.00E
13:57:15  45.9   0.0  49.9   4.2   0.0    9   4900   8450   0.00E
13:57:15  45.0   0.0  46.2   8.8   0.0   10   4248   3550   0.00E
13:57:16  47.9   0.0  51.1   1.0   0.0    9   4636   3600   0.00E
13:57:16  53.1   0.0  45.6   1.3   0.0   10   7150   4078   0.00E
13:57:17  53.6   0.0  46.1   0.3   0.0   14   7190   4366   0.00E
13:57:17  52.5   0.0  47.0   0.5   0.0   10   7312   4944   0.00E
13:57:18  47.2   0.0  52.5   0.2   0.0   10   4046   3360   0.00E
13:57:18  44.2   0.0  43.2  12.6   0.0    9   3112   3110   0.00E
13:57:19  44.5   0.0  52.8   2.8   0.0    9   2944   3052   0.00E
13:57:19  44.0   0.0  45.7  10.3   0.0    7   3028   3086   0.00E
13:57:20  46.2   0.0  48.0   5.8   0.0   10   3610   3230   0.00E
13:57:20  45.2   0.0  48.8   6.0   0.0    9   3200   3170   0.00E
13:57:21  42.5   0.0  47.2  10.2   0.0    9   2886   3060   0.00E
13:57:21  46.6   0.0  50.9   2.5   0.0    7   2608   2828   0.00E
13:57:22  45.5   0.0  43.8  10.8   0.0    9   3590   3568   0.00E
13:57:22  44.8   0.0  51.8   3.5   0.0    9   2920   3092   0.00E
13:57:23  44.2   0.0  48.2   7.5   0.0    8   3774   3302   0.00E
  Time    User  Nice   Sys  Idle    IO  Run Ctxt/s  IRQ/s  Watts
13:57:23  43.2   0.0  49.8   7.0   0.0    9   2658   2938   0.00E
13:57:24  44.5   0.0  47.7   7.8   0.0    9   3384   3180   0.00E
13:57:24  46.5   0.0  45.0   8.5   0.0   10   2740   3696   0.00E
13:57:25  49.9   0.0  44.9   5.3   0.0    8   6398   7270   0.00E
13:57:25  45.1   0.0  47.6   7.0   0.3   11   5656   7930   0.00E
13:57:26  51.1   0.0  48.6   0.3   0.0   10   6046   6936   0.00E
13:57:26  58.0   0.0  42.0   0.0   0.0   13   4520   3484   0.00E
13:57:27  51.6   0.0  48.4   0.0   0.0   14   4922   3678   0.00E
13:57:27  47.8   0.0  50.8   1.5   0.0    7   5284   6130   0.00E
13:57:28  45.6   0.0  44.4  10.0   0.0    9   5670   6248   0.00E
13:57:28  46.5   0.0  51.5   2.0   0.0   10   3102   2998   0.00E
13:57:29  45.3   0.0  42.5  12.2   0.0    9   4360   3340   0.00E
13:57:29  50.1   0.0  47.2   2.7   0.0   15   3488   3148   0.00E
13:57:30  46.8   0.0  45.2   8.0   0.0    9   5674   5192   0.00E
13:57:30  46.2   0.0  50.5   3.2   0.0   10   4562   7118   0.00E
13:57:31  47.7   0.0  45.2   7.1   0.0    8   6066   9096   0.00E
13:57:31  51.3   0.0  47.7   1.0   0.0    9   6260   5004   0.00E
13:57:32  48.2   0.0  49.2   2.5   0.0    6   6848   6602   0.00E
13:57:32  45.5   0.0  45.5   9.0   0.0    9   3596   3228   0.00E
13:57:33  45.7   0.0  48.7   5.5   0.0    9   4746   5426   0.00E
13:57:33  46.4   0.0  45.6   8.0   0.0   11   5174   7094   0.00E
13:57:34  45.7   0.0  48.2   5.8   0.3   12   6576   7850   0.00E
13:57:34  50.5   0.0  46.6   3.0   0.0   13   8696   4946   0.00E
  Time    User  Nice   Sys  Idle    IO  Run Ctxt/s  IRQ/s  Watts
13:57:35  57.6   0.0  42.1   0.3   0.0   10   4910  10952   0.00E
13:57:35  52.2   0.0  45.0   2.8   0.0   19   8388   8270   0.00E
13:57:36  52.5   0.0  47.2   0.2   0.0    8   3682   3762   0.00E
13:57:36  45.4   0.0  52.9   1.8   0.0   11   2618   2816   0.00E
13:57:37  42.6   0.0  40.6  16.7   0.0    9   3524   3084   0.00E
13:57:37  47.5   0.0  51.8   0.8   0.0    9   3062   3178   0.00E
13:57:38  43.7   0.0  41.5  14.8   0.0   10   3576   3094   0.00E
13:57:38  44.2   0.0  51.0   4.8   0.0   10   2544   2806   0.00E
13:57:39  41.7   0.0  46.7  11.6   0.0    7   3004   2970   0.00E
13:57:39  44.1   0.0  49.6   6.3   0.0   11   2092   2800   0.00E
13:57:40  45.1   0.0  50.6   4.3   0.0   10   5820   5968   0.00E
13:57:40  43.8   0.0  49.0   7.2   0.0    8   4000   5286   0.00E
13:57:41  46.6   0.0  46.9   6.5   0.0    8   2556   2888   0.00E
13:57:41  47.6   0.0  47.9   4.5   0.0    9   6404   3590   0.00E
13:57:42  46.2   0.0  51.2   2.5   0.0    9   3104   3030   0.00E
13:57:42  40.9   0.0  45.6  13.5   0.0    9   2616   3036   0.00E
13:57:43  49.5   0.0  50.0   0.5   0.0   10   4732   3236   0.00E
13:57:43  45.9   0.0  52.4   1.8   0.0   10   3742   3222   0.00E
13:57:44  51.4   0.0  45.0   3.7   0.0   11   3822   4898   0.00E
13:57:44  46.5   0.0  52.9   0.5   0.0    8   3116   3060   0.00E
13:57:45  45.0   0.0  45.0  10.0   0.0   11   3470   3074   0.00E
13:57:45  49.6   0.0  47.1   3.0   0.3   10   5804   3752   0.00E
13:57:46  45.0   0.0  48.2   6.8   0.0    8   3272   3128   0.00E
  Time    User  Nice   Sys  Idle    IO  Run Ctxt/s  IRQ/s  Watts
13:57:46  45.4   0.0  48.1   6.5   0.0    8   2660   2938   0.00E
13:57:47  43.5   0.0  49.2   7.2   0.0   12   2948   3006   0.00E
13:57:47  46.1   0.0  47.4   6.5   0.0    8   2838   3020   0.00E
13:57:48  44.9   0.0  46.9   8.3   0.0    7   3270   3142   0.00E
13:57:48  45.0   0.0  47.5   7.5   0.0    9   2884   2994   0.00E
13:57:49  46.2   0.0  48.2   5.5   0.0    8   2924   2984   0.00E
13:57:49  44.1   0.0  45.4  10.5   0.0    8   3702   5510   0.00E
13:57:50  48.1   0.0  48.9   3.0   0.0    8   4944   6730   0.00E
13:57:50  46.1   0.0  42.4  11.5   0.0    7   3678   4782   0.00E
13:57:51  42.9   0.0  51.9   5.3   0.0   15   2976   2982   0.00E
13:57:51  42.8   0.0  53.5   3.8   0.0    8   2446   2838   0.00E
13:57:52  38.1   0.0  47.9  14.0   0.0    9   2708   2924   0.00E
13:57:52  43.6   0.0  52.9   3.5   0.0    9   2234   2774   0.00E
13:57:53  43.2   0.0  44.8  12.0   0.0    7   3286   3066   0.00E
13:57:53  46.1   0.0  51.4   2.5   0.0   11   4502   3548   0.00E
13:57:54  45.6   0.0  49.6   4.8   0.0    7   3110   3132   0.00E
13:57:54  42.4   0.0  46.9  10.8   0.0    8   2274   2734   0.00E
13:57:55  44.9   0.0  50.6   4.5   0.0    9   3504   3078   0.00E
13:57:55  43.7   0.0  46.5   9.8   0.0   16   2576   2852   0.00E
13:57:56  50.1   0.0  47.4   2.5   0.0    9   3406   3106   0.00E
13:57:56  41.0   0.0  49.0  10.0   0.0   12   3232   3040   0.00E
13:57:57  46.0   0.0  49.5   4.2   0.2    9   2870   2956   0.00E
13:57:57  42.2   0.0  46.0  11.8   0.0    8   2510   2700   0.00E
  Time    User  Nice   Sys  Idle    IO  Run Ctxt/s  IRQ/s  Watts
13:57:58  44.2   0.0  50.5   5.3   0.0    9   3098   3090   0.00E
13:57:58  41.9   0.0  51.1   6.5   0.5    7   3194   2986   0.00E
13:57:59  41.9   0.0  50.9   7.3   0.0    7   5370   3816   0.00E
13:57:59  45.2   0.0  50.8   4.0   0.0    8   3558   3290   0.00E
13:58:00  45.0   0.0  46.0   9.0   0.0    9   4054   3296   0.00E
13:58:00  46.8   0.0  49.3   4.0   0.0   10   6922   8034   0.00E
13:58:01  53.5   0.0  46.0   0.5   0.0   10   7728   4932   0.00E
13:58:01  47.8   0.0  52.0   0.2   0.0   10   5396   8556   0.00E
13:58:02  45.1   0.0  48.1   6.7   0.0   12   6648   4408   0.00E
13:58:02  44.8   0.0  51.8   3.5   0.0   11   7360   7708   0.00E
13:58:03  45.5   0.0  46.7   7.8   0.0    8   5892   6676   0.00E
13:58:03  47.5   0.0  49.0   3.5   0.0   13   5186   7452   0.00E
13:58:04  46.8   0.0  49.2   4.0   0.0    7   8178   7614   0.00E
13:58:04  48.9   0.0  47.6   3.5   0.0    8   3020   2914   0.00E
13:58:05  50.4   0.0  46.6   3.0   0.0   11   6864   5084   0.00E
13:58:05  51.5   0.0  47.5   1.0   0.0   10   9002   7358   0.00E
13:58:06  47.4   0.0  45.4   7.3   0.0   10   8536   7590   0.00E
13:58:06  54.0   0.0  45.8   0.2   0.0   10   4106   4472   0.00E
13:58:07  50.1   0.0  45.6   4.3   0.0   13   7866   6248   0.00E
13:58:07  43.4   0.0  48.9   7.7   0.0   10   2892   3016   0.00E
13:58:08  45.7   0.0  48.5   5.8   0.0   16   5112   3728   0.00E
13:58:08  45.4   0.0  50.6   4.0   0.0    9   5760   7900   0.00E
13:58:09  51.4   0.0  41.6   7.0   0.0   15   7524   7768   0.00E
  Time    User  Nice   Sys  Idle    IO  Run Ctxt/s  IRQ/s  Watts
13:58:09  47.0   0.0  51.0   2.0   0.0   11   3142   4374   0.00E
13:58:10  44.4   0.0  48.6   7.0   0.0    9   6588   7318   0.00E
13:58:10  48.7   0.0  47.7   3.5   0.0    8   6242   7982   0.00E
13:58:11  43.8   0.0  51.2   5.0   0.0    7   2998   3034   0.00E
13:58:11  44.9   0.0  46.4   8.8   0.0    9   4264   5808   0.00E
13:58:12  46.2   0.0  52.8   1.0   0.0   11   3124   3140   0.00E
13:58:12  43.0   0.0  43.8  12.9   0.2    9   2634   2888   0.00E
13:58:13  44.2   0.0  52.2   3.5   0.0   10   3210   3276   0.00E
13:58:13  42.5   0.0  46.8  10.8   0.0    8   2222   2860   0.00E
13:58:14  43.5   0.0  50.5   6.0   0.0    9   2812   2998   0.00E
13:58:14  43.0   0.0  49.2   7.8   0.0    8   2576   2820   0.00E
13:58:15  44.0   0.0  47.5   8.5   0.0   11   2890   3050   0.00E
13:58:15  42.2   0.0  51.8   6.0   0.0    7   2662   2884   0.00E
13:58:16  43.9   0.0  46.9   9.3   0.0    8   3356   3068   0.00E
13:58:16  44.4   0.0  53.4   2.2   0.0    8   2300   2790   0.00E
13:58:17  41.0   0.0  47.8  11.2   0.0    8   3274   3020   0.00E
13:58:17  45.4   0.0  51.4   3.3   0.0    9   2540   2812   0.00E
13:58:18  43.1   0.0  46.6  10.3   0.0    9   3242   3140   0.00E
13:58:18  42.9   0.0  52.6   4.5   0.0    9   2372   2758   0.00E
13:58:19  44.1   0.0  48.9   7.1   0.0    8   3286   3088   0.00E
13:58:19  45.2   0.0  49.0   5.8   0.0   13   3222   3068   0.00E
13:58:20  43.4   0.0  52.6   4.0   0.0    7   4030   3370   0.00E
13:58:20  39.8   0.0  50.8   9.5   0.0    9   2476   2834   0.00E
  Time    User  Nice   Sys  Idle    IO  Run Ctxt/s  IRQ/s  Watts
13:58:21  45.8   0.0  51.2   3.0   0.0    9   3352   3070   0.00E
13:58:21  41.2   0.0  47.2  11.2   0.2    8   2414   2774   0.00E
13:58:22  46.6   0.0  50.1   3.3   0.0    8   3140   3004   0.00E
13:58:22  42.4   0.0  47.9   9.7   0.0    8   2356   2820   0.00E
13:58:23  45.6   0.0  50.9   3.5   0.0    9   3190   3008   0.00E
13:58:23  42.6   0.0  46.1  11.3   0.0    9   2912   3554   0.00E
13:58:24  47.9   0.0  48.1   4.0   0.0    9   5252   7346   0.00E
13:58:24  46.1   0.0  50.1   3.8   0.0    7   5892   6030   0.00E
13:58:25  44.6   0.0  48.9   6.5   0.0    8   2780   2992   0.00E
13:58:25  46.5   0.0  48.0   5.5   0.0    8   2836   2938   0.00E
13:58:26  43.9   0.0  47.1   9.0   0.0    9   3264   3094   0.00E
13:58:26  46.1   0.0  50.4   3.5   0.0    9   2518   2856   0.00E
13:58:27  41.2   0.0  48.5  10.3   0.0    9   3102   3106   0.00E
13:58:27  42.8   0.0  54.2   3.0   0.0    8   2924   3012   0.00E
13:58:28  43.0   0.0  48.2   8.8   0.0    8   3978   3252   0.00E
13:58:28  45.2   0.0  50.8   4.0   0.0    9   2462   2828   0.00E
13:58:29  43.6   0.0  47.6   8.8   0.0   15   3780   3242   0.00E
13:58:29  46.1   0.0  48.6   5.0   0.2    9   3094   3164   0.00E
13:58:30  45.5   0.0  48.0   6.5   0.0    7   3912   3466   0.00E
13:58:30  42.2   0.0  51.5   6.0   0.3    9   3346   3266   0.00E
13:58:31  45.9   0.0  48.9   5.3   0.0    9   3464   3226   0.00E
13:58:31  45.2   0.0  46.2   8.5   0.0    9   2926   2970   0.00E
13:58:32  46.0   0.0  51.5   2.5   0.0   11   3020   3004   0.00E
  Time    User  Nice   Sys  Idle    IO  Run Ctxt/s  IRQ/s  Watts
13:58:32  45.5   0.0  44.5  10.0   0.0    8   3662   3126   0.00E
13:58:33  47.5   0.0  49.5   3.0   0.0    8   3302   3012   0.00E
13:58:33  44.4   0.0  47.4   8.3   0.0    8   2820   2872   0.00E
13:58:34  44.8   0.0  51.5   3.8   0.0   10   3382   3186   0.00E
13:58:34  42.6   0.0  48.4   9.0   0.0    9   2800   2996   0.00E
13:58:35  44.5   0.0  50.2   5.2   0.0    9   3968   3432   0.00E
13:58:35  44.7   0.0  49.0   6.3   0.0    7   3012   3072   0.00E
13:58:36  42.6   0.0  51.4   6.0   0.0   10   5150   7656   0.00E
13:58:36  59.0   0.0  41.0   0.0   0.0   16   6462   7942   0.00E
13:58:37  56.5   0.0  43.5   0.0   0.0   11   5960   8078   0.00E
13:58:37  50.8   0.0  47.8   1.5   0.0    9   6556   7256   0.00E
13:58:38  49.6   0.0  44.6   5.8   0.0   11   8660   9866   0.00E
13:58:38  52.9   0.0  47.1   0.0   0.0   13   8534   6262   0.00E
13:58:39  54.9   0.0  45.1   0.0   0.0   14  13646  10958   0.00E
13:58:39  53.9   0.0  46.1   0.0   0.0   11   8528   5550   0.00E
13:58:40  49.4   0.0  50.1   0.5   0.0   10   8122   7906   0.00E
13:58:40  48.9   0.0  49.6   1.5   0.0    9   8670   9062   0.00E
13:58:41  50.9   0.0  47.1   2.0   0.0   11   5228   4152   0.00E
13:58:41  50.5   0.0  47.8   1.8   0.0   10   7206   8558   0.00E
13:58:42  45.1   0.0  50.9   4.0   0.0    8   6816   8004   0.00E
13:58:42  45.3   0.0  46.3   8.3   0.0   10   2938   2992   0.00E
13:58:43  44.0   0.0  52.0   4.0   0.0    8   3274   3082   0.00E
13:58:43  39.5   0.0  48.8  11.8   0.0    9   2696   2966   0.00E
  Time    User  Nice   Sys  Idle    IO  Run Ctxt/s  IRQ/s  Watts
13:58:44  48.0   0.0  49.8   2.2   0.0    9   2866   2978   0.00E
13:58:44  41.5   0.0  45.8  12.8   0.0    9   3194   3066   0.00E
13:58:45  45.5   0.0  52.8   1.8   0.0    9   3084   3030   0.00E
13:58:45  43.2   0.0  46.2  10.5   0.0    7   3516   3016   0.00E
13:58:46  46.1   0.0  51.4   2.5   0.0   14   3142   3074   0.00E
13:58:46  43.1   0.0  47.4   9.5   0.0    8   2536   2916   0.00E
13:58:47  42.5   0.0  52.3   5.3   0.0   12   2754   3010   0.00E
13:58:47  45.1   0.0  48.6   6.3   0.0    8   2476   2828   0.00E
13:58:48  43.9   0.0  46.6   9.5   0.0   10   3318   3118   0.00E
13:58:48  46.1   0.0  50.6   3.3   0.0    8   2516   2854   0.00E
13:58:49  41.4   0.0  46.9  11.8   0.0    9   3016   3034   0.00E
13:58:49  44.1   0.0  53.4   2.2   0.2    9   2434   2794   0.00E
13:58:50  41.1   0.0  45.6  13.3   0.0    9   2942   2952   0.00E
13:58:50  45.6   0.0  52.9   1.5   0.0    9   2286   2818   0.00E
13:58:51  41.5   0.0  47.5  11.0   0.0    7   2956   3014   0.00E
13:58:51  45.4   0.0  51.6   3.0   0.0    8   2658   2806   0.00E
13:58:52  42.9   0.0  48.4   8.8   0.0    8   3284   3080   0.00E
13:58:52  44.1   0.0  50.6   5.2   0.0   10   2602   2824   0.00E
13:58:53  43.1   0.0  51.1   5.8   0.0    8   2854   2946   0.00E
13:58:53  44.6   0.0  46.4   9.0   0.0   11   2872   2806   0.00E
13:58:54  45.1   0.0  51.9   3.0   0.0    9   2998   3022   0.00E
13:58:54  41.2   0.0  49.0   9.8   0.0    9   2374   2780   0.00E
13:58:55  47.4   0.0  50.4   2.2   0.0    9   2876   2882   0.00E
  Time    User  Nice   Sys  Idle    IO  Run Ctxt/s  IRQ/s  Watts
13:58:55  43.1   0.0  44.6  12.3   0.0    9   2898   2916   0.00E
13:58:56  49.4   0.0  49.1   1.5   0.0    9   3314   3138   0.00E
13:58:56  44.0   0.0  45.0  11.1   0.0    7   2226   2734   0.00E
13:58:57  45.9   0.0  50.9   3.2   0.0    8   3026   2964   0.00E
13:58:57  43.6   0.0  47.9   8.5   0.0    8   2596   2868   0.00E
13:58:58  46.0   0.0  48.8   5.2   0.0    9   3566   3192   0.00E
13:58:58  44.4   0.0  49.9   5.8   0.0    8   2906   2934   0.00E
13:58:59  43.2   0.0  47.8   8.5   0.5   10   6302   3940   0.00E
13:58:59  44.5   0.0  52.3   3.3   0.0    8   3166   3076   0.00E
13:59:00  42.0   0.0  46.5  11.6   0.0   10   3676   3304   0.00E
13:59:00  48.9   0.0  48.9   2.3   0.0   16   2882   2928   0.00E
13:59:01  44.1   0.0  43.6  12.3   0.0   13   3590   3260   0.00E
13:59:01  46.2   0.0  53.0   0.8   0.0   10   2982   2966   0.00E
13:59:02  44.6   0.0  45.6   9.8   0.0    9   3244   3076   0.00E
13:59:02  46.6   0.0  51.6   1.8   0.0    8   3740   3352   0.00E
13:59:03  42.7   0.0  50.5   6.8   0.0    8   3038   3056   0.00E
13:59:03  44.1   0.0  48.1   7.7   0.0   13   2860   2922   0.00E
13:59:04  46.4   0.0  50.9   2.8   0.0    8   3456   3064   0.00E
13:59:04  43.0   0.0  45.8  11.2   0.0   15   2606   2890   0.00E
13:59:05  46.1   0.0  51.1   2.8   0.0    9   3134   3058   0.00E
13:59:05  43.4   0.0  47.6   9.0   0.0    8   3352   3092   0.00E
13:59:06  47.6   0.0  49.1   3.3   0.0    9   3246   3072   0.00E
13:59:06  44.9   0.0  47.4   7.5   0.3    9   2930   3072   0.00E
  Time    User  Nice   Sys  Idle    IO  Run Ctxt/s  IRQ/s  Watts
13:59:07  44.8   0.0  49.8   5.5   0.0   11   3678   3392   0.00E
13:59:07  44.2   0.0  48.5   7.2   0.0    8   2228   2726   0.00E
13:59:08  44.8   0.0  48.8   6.5   0.0    8   2952   3074   0.00E
13:59:08  42.5   0.0  51.5   6.0   0.0    8   2918   3406   0.00E
13:59:09  44.0   0.0  47.8   8.2   0.0    9   2888   2968   0.00E
13:59:09  45.2   0.0  51.8   3.0   0.0    8   2654   3270   0.00E
13:59:10  42.2   0.0  46.7  11.1   0.0   10   3302   3080   0.00E
13:59:10  46.8   0.0  51.0   2.2   0.0    9   2780   2872   0.00E
13:59:11  40.1   0.0  49.6  10.3   0.0    8   2974   2984   0.00E
13:59:11  46.6   0.0  49.6   3.8   0.0    9   3296   3014   0.00E
13:59:12  42.7   0.0  49.5   7.8   0.0    7   3082   2962   0.00E
13:59:12  41.5   0.0  53.0   5.5   0.0    9   2136   2800   0.00E
13:59:13  15.1   0.0   1.8  82.9   0.3    2   4188   2450   0.00E
13:59:13  13.3   0.0   0.3  86.4   0.0    2   2116   1386   0.00E
13:59:14  13.4   0.0   0.0  86.6   0.0    2   2702   1748   0.00E
13:59:14  12.6   0.0   0.0  87.4   0.0    2   2162   1580   0.00E
13:59:15  13.6   0.0   0.3  85.9   0.3    2   3114   1908   0.00E
13:59:15  13.2   0.0   0.5  86.2   0.0    3   2210   3686   0.00E
13:59:16  13.7   0.0   0.0  86.3   0.0    2   2918   5952   0.00E
13:59:16  13.4   0.0   0.3  86.4   0.0    2   2642   5624   0.00E
13:59:17  13.7   0.0   0.3  86.1   0.0    2   2710   5570   0.00E
13:59:17  13.2   0.0   0.0  86.8   0.0    2   2412   5064   0.00E
13:59:18   9.4   0.0   0.3  90.3   0.0    1   3176   3688   0.00E
  Time    User  Nice   Sys  Idle    IO  Run Ctxt/s  IRQ/s  Watts
13:59:18  39.6   0.0   0.5  59.8   0.0    2   9694  10728   0.00E
13:59:19  30.3   0.0   3.1  66.4   0.3    2   9350  13168   0.00E
13:59:19  12.8   0.0   2.3  84.7   0.3   10   3820   3750   0.00E
13:59:20   9.2   0.0   2.5  87.5   0.8    1   8918   8432   0.00E
13:59:20   1.0   0.0   0.3  98.7   0.0    1   2250   1484   0.00E
13:59:21   1.8   0.0   1.0  97.2   0.0    1   2640   1782   0.00E
13:59:21   2.5   0.0   0.8  96.7   0.0    1   2426   1506   0.00E
13:59:22   1.5   0.0   0.8  97.7   0.0    1   2568   1654   0.00E
13:59:22   3.5   0.0   0.5  95.7   0.3    1   2948   1800   0.00E
13:59:23   3.1   0.0   1.8  95.1   0.0    1   5884   2776   0.00E
13:59:23   2.5   0.0   0.3  97.2   0.0    1   2534   1474   0.00E
13:59:24   1.8   0.0   0.8  97.4   0.0    1   2790   1746   0.00E
13:59:24   0.8   0.0   0.0  99.2   0.0    1   2300   1356   0.00E
13:59:25   2.3   0.0   1.0  96.4   0.3    1   2768   1824   0.00E
13:59:25   2.0   0.0   0.3  97.7   0.0    1   2510   1658   0.00E
13:59:26   1.8   0.0   1.8  96.5   0.0    1   2974   1896   0.00E
13:59:26   0.8   0.0   0.3  98.7   0.3    1   2130   1438   0.00E
13:59:27   2.8   0.0   1.0  96.2   0.0    4   3212   1958   0.00E
13:59:27   1.3   0.0   0.3  98.5   0.0    1   2684   1750   0.00E
13:59:28  10.2   0.0   1.3  88.6   0.0    1   4060   7004   0.00E
13:59:28   8.3   0.0   0.5  91.2   0.0    1   2796   2086   0.00E
13:59:29  14.8   0.0   0.3  84.9   0.0    1   5292   2768   0.00E
13:59:29   1.3   0.0   0.8  98.0   0.0    1   2480   1576   0.00E
  Time    User  Nice   Sys  Idle    IO  Run Ctxt/s  IRQ/s  Watts
13:59:30   1.3   0.0   1.3  97.5   0.0    1   3456   2156   0.00E
13:59:30   2.5   0.0   0.3  97.0   0.3    1   2856   1624   0.00E
13:59:31   1.5   0.0   0.8  97.7   0.0    1   2874   1852   0.00E
13:59:31   2.8   0.0   0.3  97.0   0.0    1   2890   1772   0.00E
13:59:32   2.8   0.0   1.0  96.2   0.0    2   3290   1958   0.00E
13:59:32   2.0   0.0   1.0  97.0   0.0    1   2724   1584   0.00E
13:59:33  38.6   0.0  58.7   2.7   0.0    9   4034   4404   0.00E
13:59:33  40.2   0.0  59.8   0.0   0.0    9   2722   4566   0.00E
13:59:34  39.2   0.0  60.8   0.0   0.0    9   2732   4390   0.00E
13:59:34  40.2   0.0  59.8   0.0   0.0    9   2660   4650   0.00E
13:59:35  40.0   0.0  60.0   0.0   0.0    9   2866   4558   0.00E
13:59:35  39.5   0.0  59.0   1.5   0.0    9   3360   4650   0.00E
13:59:36  38.5   0.0  61.5   0.0   0.0    9   3250   5046   0.00E
13:59:36  40.8   0.0  59.2   0.0   0.0    9   2618   4882   0.00E
13:59:37  38.8   0.0  61.2   0.0   0.0    9   3546   5140   0.00E
13:59:37  38.6   0.0  61.4   0.0   0.0    9   2054   4356   0.00E
13:59:38  38.5   0.0  61.5   0.0   0.0    9   3022   4498   0.00E
13:59:38  37.2   0.0  60.2   2.5   0.0   11   2374   4556   0.00E
13:59:39  38.1   0.0  61.9   0.0   0.0    9   2876   4542   0.00E
13:59:39  38.7   0.0  61.3   0.0   0.0    9   2436   4570   0.00E
13:59:40  36.1   0.0  63.9   0.0   0.0    9   2798   5042   0.00E
13:59:40  38.0   0.0  62.0   0.0   0.0    9   2112   4434   0.00E
13:59:41  39.9   0.0  60.1   0.0   0.0    9   2404   4282   0.00E
  Time    User  Nice   Sys  Idle    IO  Run Ctxt/s  IRQ/s  Watts
13:59:41  40.8   0.0  59.2   0.0   0.0    9   2312   4774   0.00E
13:59:42  40.0   0.0  60.0   0.0   0.0    9   2768   4882   0.00E
13:59:42  47.6   0.0  52.4   0.0   0.0   10   2988   4300   0.00E
13:59:43  46.0   0.0  54.0   0.0   0.0   10   3124   4646   0.00E
13:59:43  45.2   0.0  54.8   0.0   0.0   11   2594   4396   0.00E
13:59:44  44.4   0.0  55.6   0.0   0.0   10   3160   5508   0.00E
13:59:44  49.5   0.0  50.5   0.0   0.0   10   2198   5200   0.00E
13:59:45  41.5   0.0  58.5   0.0   0.0    9   3048   5894   0.00E
13:59:45  37.0   0.0  63.0   0.0   0.0    9   3132   6950   0.00E
13:59:46  39.0   0.0  61.0   0.0   0.0    9   2894   6502   0.00E
13:59:46  37.3   0.0  62.7   0.0   0.0    9   2562   6316   0.00E
13:59:47  43.9   0.0  56.1   0.0   0.0   12   2910   6944   0.00E
13:59:47  44.9   0.0  55.1   0.0   0.0   10   2986   6552   0.00E
13:59:48  45.0   0.0  55.0   0.0   0.0    9   3342   5910   0.00E
13:59:48  42.4   0.0  57.6   0.0   0.0    9   2854   5454   0.00E
13:59:49  43.8   0.0  56.2   0.0   0.0    9   3324   3380   0.00E
13:59:49  37.6   0.0  62.4   0.0   0.0    9   2580   2922   0.00E
13:59:50  38.5   0.0  61.5   0.0   0.0    9   3092   3078   0.00E
13:59:50  37.9   0.0  62.1   0.0   0.0    9   2442   2838   0.00E
13:59:51  39.5   0.0  60.5   0.0   0.0    9   2556   2886   0.00E
13:59:51  38.6   0.0  59.9   1.5   0.0    8   2138   2784   0.00E
13:59:52  40.9   0.0  57.9   1.2   0.0   10   2488   2878   0.00E
13:59:52  36.8   0.0  63.2   0.0   0.0    9   2796   3002   0.00E
  Time    User  Nice   Sys  Idle    IO  Run Ctxt/s  IRQ/s  Watts
13:59:53  41.5   0.0  58.5   0.0   0.0    9   2958   2976   0.00E
13:59:53  38.0   0.0  62.0   0.0   0.0    9   2718   2904   0.00E
13:59:54  39.2   0.0  60.8   0.0   0.0    9   2880   3010   0.00E
13:59:54  40.8   0.0  59.2   0.0   0.0    9   2606   2926   0.00E
13:59:55  36.6   0.0  63.4   0.0   0.0    9   3058   3050   0.00E
13:59:55  38.0   0.0  62.0   0.0   0.0    9   2414   2956   0.00E
13:59:56  41.6   0.0  58.4   0.0   0.0    9   2910   2954   0.00E
13:59:56  39.3   0.0  60.7   0.0   0.0   11   2468   2892   0.00E
13:59:57  39.5   0.0  60.5   0.0   0.0    9   2592   2916   0.00E
13:59:57  40.5   0.0  59.5   0.0   0.0    9   2260   2780   0.00E
13:59:58  36.7   0.0  63.3   0.0   0.0    9   3502   3286   0.00E
13:59:58  38.8   0.0  61.2   0.0   0.0    9   2474   2922   0.00E
13:59:59  41.1   0.0  58.9   0.0   0.0    9   5494   3922   0.00E
13:59:59  39.3   0.0  60.7   0.0   0.0   10   3240   3148   0.00E
14:00:00  43.5   0.0  56.5   0.0   0.0   10   3834   3420   0.00E
14:00:00  50.2   0.0  49.8   0.0   0.0   11   2876   2952   0.00E
14:00:01  45.2   0.0  54.8   0.0   0.0   10   3238   3040   0.00E
14:00:01  49.1   0.0  50.9   0.0   0.0   10   3364   3290   0.00E
14:00:02  47.0   0.0  53.0   0.0   0.0   12   3450   3126   0.00E
14:00:02  45.9   0.0  54.1   0.0   0.0   10   3478   3352   0.00E
14:00:03  47.5   0.0  52.5   0.0   0.0   10   2572   2900   0.00E
14:00:03  46.5   0.0  53.5   0.0   0.0   10   2870   2928   0.00E
14:00:04  46.9   0.0  53.1   0.0   0.0   10   3234   2990   0.00E
  Time    User  Nice   Sys  Idle    IO  Run Ctxt/s  IRQ/s  Watts
14:00:04  42.5   0.0  57.5   0.0   0.0   10   3032   2948   0.00E
14:00:05  48.4   0.0  51.6   0.0   0.0   10   3630   3190   0.00E
14:00:05  46.5   0.0  53.5   0.0   0.0   10   3110   3080   0.00E
14:00:06  50.9   0.0  49.1   0.0   0.0   11   3576   3118   0.00E
14:00:06  47.0   0.0  53.0   0.0   0.0   10   3252   3476   0.00E
14:00:07  46.8   0.0  53.2   0.0   0.0   12   3240   3128   0.00E
14:00:07  48.4   0.0  51.6   0.0   0.0   10   3390   3008   0.00E
14:00:08  45.0   0.0  55.0   0.0   0.0   10   3318   3142   0.00E
14:00:08  47.5   0.0  52.5   0.0   0.0   10   3270   3026   0.00E
14:00:09  49.6   0.0  50.4   0.0   0.0   11   2780   2886   0.00E
14:00:09  44.6   0.0  55.4   0.0   0.0   11   2516   2776   0.00E
14:00:10  47.0   0.0  53.0   0.0   0.0   10   3428   3110   0.00E
14:00:10  48.9   0.0  51.1   0.0   0.0   10   2594   2818   0.00E
14:00:11  46.6   0.0  53.4   0.0   0.0   10   2552   2846   0.00E
14:00:11  43.1   0.0  56.9   0.0   0.0   10   2050   2690   0.00E
14:00:12  45.6   0.0  54.4   0.0   0.0   10   2448   2836   0.00E
14:00:12  47.0   0.0  53.0   0.0   0.0   10   2350   2816   0.00E
14:00:13  48.4   0.0  51.6   0.0   0.0   10   2912   2906   0.00E
14:00:13  48.8   0.0  51.2   0.0   0.0   10   2786   2944   0.00E
14:00:14  46.4   0.0  53.6   0.0   0.0   10   2350   2784   0.00E
14:00:14  48.0   0.0  52.0   0.0   0.0   10   2756   2994   0.00E
14:00:15  44.6   0.0  55.4   0.0   0.0   10   2356   2814   0.00E
14:00:15  45.9   0.0  54.1   0.0   0.0   10   2520   2794   0.00E
  Time    User  Nice   Sys  Idle    IO  Run Ctxt/s  IRQ/s  Watts
14:00:16  47.1   0.0  52.9   0.0   0.0   10   2760   2944   0.00E
14:00:16  45.2   0.0  54.8   0.0   0.0   10   2312   2740   0.00E
14:00:17  46.2   0.0  53.8   0.0   0.0   11   2508   2802   0.00E
14:00:17  47.8   0.0  52.2   0.0   0.0   10   2382   2784   0.00E
14:00:18  46.0   0.0  54.0   0.0   0.0   10   2840   2938   0.00E
14:00:18  48.2   0.0  51.8   0.0   0.0   10   2722   2848   0.00E
14:00:19  45.5   0.0  54.5   0.0   0.0   11   2758   2986   0.00E
14:00:19  46.8   0.0  53.2   0.0   0.0   10   2380   2822   0.00E
14:00:20  45.5   0.0  54.5   0.0   0.0   11   3848   3458   0.00E
14:00:20  46.8   0.0  53.2   0.0   0.0   10   2722   2918   0.00E
14:00:21  46.0   0.0  54.0   0.0   0.0   10   2752   2862   0.00E
14:00:21  44.6   0.0  55.4   0.0   0.0   10   2454   2784   0.00E
14:00:22  43.0   0.0  57.0   0.0   0.0   10   2856   2990   0.00E
14:00:22  44.4   0.0  55.6   0.0   0.0   10   2412   2792   0.00E
14:00:23  47.1   0.0  52.9   0.0   0.0   10   2614   2876   0.00E
14:00:23  45.1   0.0  54.9   0.0   0.0   10   2898   2950   0.00E
14:00:24  46.4   0.0  53.6   0.0   0.0   11   2560   2840   0.00E
14:00:24  43.1   0.0  56.9   0.0   0.0   10   2276   2784   0.00E
14:00:25  48.5   0.0  51.5   0.0   0.0   10   2144   2702   0.00E
14:00:25  48.5   0.0  51.5   0.0   0.0   10   2830   2862   0.00E
14:00:26  47.5   0.0  52.5   0.0   0.0   11   3032   3110   0.00E
14:00:26  44.0   0.0  56.0   0.0   0.0   10   2346   2792   0.00E
14:00:27  46.2   0.0  53.8   0.0   0.0   12   2806   2882   0.00E
  Time    User  Nice   Sys  Idle    IO  Run Ctxt/s  IRQ/s  Watts
14:00:27  49.0   0.0  51.0   0.0   0.0   10   6970   6710   0.00E
14:00:28  44.6   0.0  55.4   0.0   0.0   10   5862   9158   0.00E
14:00:28  48.1   0.0  51.9   0.0   0.0   10   6300   4954   0.00E
14:00:29  48.9   0.0  51.1   0.0   0.0   10   5076   5258   0.00E
14:00:29  45.0   0.0  55.0   0.0   0.0   10   2998   2974   0.00E
14:00:30  48.4   0.0  51.6   0.0   0.0   11   4098   3334   0.00E
14:00:30  45.6   0.0  54.4   0.0   0.0   11   3910   3438   0.00E
14:00:31  45.0   0.0  55.0   0.0   0.0   10   3502   3292   0.00E
14:00:31  49.9   0.0  50.1   0.0   0.0   10   2382   2856   0.00E
14:00:32  47.1   0.0  52.9   0.0   0.0   12   2814   2976   0.00E
14:00:32  45.0   0.0  55.0   0.0   0.0   14   4112   5056   0.00E
14:00:33  51.0   0.0  49.0   0.0   0.0   12   4436   7078   0.00E
14:00:33  58.0   0.0  42.0   0.0   0.0   17   8734   7016   0.00E
14:00:34  46.8   0.0  53.2   0.0   0.0   10   5238   6058   0.00E
14:00:34  45.8   0.0  54.2   0.0   0.0   13   4990   7570   0.00E
14:00:35  46.8   0.0  53.2   0.0   0.0   10   5020   7190   0.00E
14:00:35  50.8   0.0  49.2   0.0   0.0   11   5680   6694   0.00E
14:00:36  46.5   0.0  53.5   0.0   0.0   11   4992   7576   0.00E
14:00:36  46.4   0.0  53.6   0.0   0.0   10   4762   8648   0.00E
14:00:37  49.4   0.0  50.6   0.0   0.0   11   8102   7878   0.00E
14:00:37  48.4   0.0  51.6   0.0   0.0   10   4112   3600   0.00E
14:00:38  46.8   0.0  53.2   0.0   0.0   10   5090   7964   0.00E
14:00:38  46.0   0.0  54.0   0.0   0.0   10   4634   6486   0.00E
  Time    User  Nice   Sys  Idle    IO  Run Ctxt/s  IRQ/s  Watts
14:00:39  48.0   0.0  52.0   0.0   0.0   12   5804   8802   0.00E
14:00:39  47.9   0.0  52.1   0.0   0.0   10   6600   6986   0.00E
14:00:40  50.5   0.0  49.5   0.0   0.0   12   6632   9322   0.00E
14:00:40  48.5   0.0  51.5   0.0   0.0   10   5298   6732   0.00E
14:00:41  46.8   0.0  53.2   0.0   0.0   10   6356   8560   0.00E
14:00:41  43.8   0.0  56.2   0.0   0.0   11   4904   8334   0.00E
14:00:42  49.6   0.0  50.4   0.0   0.0   10   8672   7724   0.00E
14:00:42  46.8   0.0  53.2   0.0   0.0   10   4186   3594   0.00E
14:00:43  45.9   0.0  54.1   0.0   0.0   12   3454   3034   0.00E
14:00:43  49.2   0.0  50.8   0.0   0.0   10   3538   3076   0.00E
14:00:44  47.1   0.0  52.9   0.0   0.0   11   3574   3166   0.00E
14:00:44  48.6   0.0  51.4   0.0   0.0   10   4308   3300   0.00E
14:00:45  48.6   0.0  51.1   0.2   0.0   10   3772   3196   0.00E
14:00:45  50.0   0.0  50.0   0.0   0.0   10   4334   3440   0.00E
14:00:46  47.6   0.0  52.4   0.0   0.0   11   3536   3176   0.00E
14:00:46  47.5   0.0  52.5   0.0   0.0   10   3512   3256   0.00E
14:00:47  44.9   0.0  55.1   0.0   0.0   13   3220   3156   0.00E
14:00:47  47.2   0.0  52.8   0.0   0.0   10   4074   3226   0.00E
14:00:48  50.9   0.0  49.1   0.0   0.0   11   3924   3198   0.00E
14:00:48  48.2   0.0  51.8   0.0   0.0   10   5012   4048   0.00E
14:00:49  48.0   0.0  52.0   0.0   0.0   10   3408   3176   0.00E
14:00:49  45.6   0.0  54.4   0.0   0.0   10   3592   3204   0.00E
14:00:50  48.0   0.0  52.0   0.0   0.0   10   3742   3158   0.00E
  Time    User  Nice   Sys  Idle    IO  Run Ctxt/s  IRQ/s  Watts
14:00:50  48.1   0.0  51.9   0.0   0.0   11   4380   3706   0.00E
14:00:51  49.5   0.0  50.5   0.0   0.0   12   5438   4266   0.00E
14:00:51  53.8   0.0  46.2   0.0   0.0   13   5908   4754   0.00E
14:00:52  52.2   0.0  47.8   0.0   0.0   12   4950   3772   0.00E
14:00:52  58.5   0.0  41.5   0.0   0.0   20   5968   4500   0.00E
14:00:53  50.6   0.0  49.4   0.0   0.0   11   6858   9040   0.00E
14:00:53  45.5   0.0  54.5   0.0   0.0   12   5448   7914   0.00E
14:00:54  45.5   0.0  54.5   0.0   0.0   10   5932   5886   0.00E
14:00:54  44.8   0.0  55.2   0.0   0.0   11   3100   3166   0.00E
14:00:55  45.5   0.0  54.5   0.0   0.0   10   2764   2888   0.00E
14:00:55  48.0   0.0  52.0   0.0   0.0   10   2776   2846   0.00E
14:00:56  45.9   0.0  54.1   0.0   0.0   11   2838   2928   0.00E
14:00:56  46.4   0.0  53.6   0.0   0.0   10   2732   2948   0.00E
14:00:57  47.5   0.0  52.5   0.0   0.0   10   3044   2900   0.00E
14:00:57  47.0   0.0  53.0   0.0   0.0   10   2532   2862   0.00E
14:00:58  46.4   0.0  53.6   0.0   0.0   10   2594   2934   0.00E
14:00:58  45.6   0.0  54.4   0.0   0.0   11   2746   2936   0.00E
14:00:59  45.0   0.0  55.0   0.0   0.0   11   5298   3956   0.00E
14:00:59  45.1   0.0  54.9   0.0   0.0   10   3082   3122   0.00E
14:01:00  46.9   0.0  53.1   0.0   0.0   10   3938   3360   0.00E
14:01:00  48.0   0.0  52.0   0.0   0.0   10   2462   2900   0.00E
14:01:01  47.4   0.0  52.6   0.0   0.0   10   3248   3024   0.00E
14:01:01  42.9   0.0  57.1   0.0   0.0   10   2638   2874   0.00E
  Time    User  Nice   Sys  Idle    IO  Run Ctxt/s  IRQ/s  Watts
14:01:02  48.8   0.0  51.2   0.0   0.0   10   3026   3030   0.00E
14:01:02  46.9   0.0  53.1   0.0   0.0   10   3858   3390   0.00E
14:01:03  48.8   0.0  51.2   0.0   0.0   11   3476   3146   0.00E
14:01:03  47.4   0.0  52.6   0.0   0.0   10   2642   2966   0.00E
14:01:04  46.6   0.0  53.4   0.0   0.0   10   3358   3140   0.00E
14:01:04  46.2   0.0  53.8   0.0   0.0   12   2642   2958   0.00E
14:01:05  46.6   0.0  53.4   0.0   0.0   10   3118   2982   0.00E
14:01:05  46.4   0.0  53.6   0.0   0.0   10   2894   2916   0.00E
14:01:06  45.8   0.0  54.2   0.0   0.0   10   2974   2916   0.00E
14:01:06  48.2   0.0  51.8   0.0   0.0   11   3344   3264   0.00E
14:01:07  53.0   0.0  47.0   0.0   0.0   15   4218   3530   0.00E
14:01:07  48.2   0.0  51.8   0.0   0.0   10   4510   3474   0.00E
14:01:08  45.8   0.0  54.2   0.0   0.0   10   2836   2906   0.00E
14:01:08  47.8   0.0  52.2   0.0   0.0   10   2900   3036   0.00E
14:01:09  45.8   0.0  54.2   0.0   0.0   10   2604   2892   0.00E
14:01:09  45.9   0.0  54.1   0.0   0.0   11   2626   2832   0.00E
14:01:10  48.5   0.0  51.5   0.0   0.0   10   3080   3024   0.00E
14:01:10  46.9   0.0  53.1   0.0   0.0   10   2524   2816   0.00E
14:01:11  45.5   0.0  54.5   0.0   0.0   10   2682   2814   0.00E
14:01:11  46.2   0.0  53.8   0.0   0.0   10   2192   2692   0.00E
14:01:12  46.4   0.0  53.6   0.0   0.0   10   2780   2832   0.00E
14:01:12  46.6   0.0  53.4   0.0   0.0   11   2694   2772   0.00E
14:01:13  43.6   0.0  56.4   0.0   0.0   10   2734   2822   0.00E
  Time    User  Nice   Sys  Idle    IO  Run Ctxt/s  IRQ/s  Watts
14:01:13  46.8   0.0  53.2   0.0   0.0   10   2078   2674   0.00E
14:01:14  44.2   0.0  55.8   0.0   0.0   10   2628   2898   0.00E
14:01:14  45.1   0.0  54.9   0.0   0.0   10   2024   2684   0.00E
14:01:15  46.4   0.0  53.6   0.0   0.0   10   2726   2810   0.00E
14:01:15  47.6   0.0  52.4   0.0   0.0   10   2696   2820   0.00E
14:01:16  47.6   0.0  52.4   0.0   0.0   10   3328   2954   0.00E
14:01:16  47.8   0.0  52.2   0.0   0.0   10   2566   2750   0.00E
14:01:17  43.9   0.0  56.1   0.0   0.0   11   2590   2798   0.00E
14:01:17  43.4   0.0  56.6   0.0   0.0   10   2442   2788   0.00E
14:01:18  47.0   0.0  53.0   0.0   0.0   10   2966   2954   0.00E
14:01:18  48.9   0.0  51.1   0.0   0.0   10   2688   2884   0.00E
14:01:19  47.5   0.0  52.5   0.0   0.0   10   2526   2854   0.00E
14:01:19  45.2   0.0  54.8   0.0   0.0   10   2426   2768   0.00E
14:01:20  44.2   0.0  55.8   0.0   0.0   10   2492   2870   0.00E
14:01:20  45.5   0.0  54.5   0.0   0.0   10   2716   2866   0.00E
14:01:21  44.0   0.0  56.0   0.0   0.0   10   2642   2838   0.00E
14:01:21  46.9   0.0  53.1   0.0   0.0   14   2406   2730   0.00E
14:01:22  46.6   0.0  53.4   0.0   0.0   11   3082   2918   0.00E
14:01:22  46.5   0.0  53.5   0.0   0.0   10   2320   2830   0.00E
14:01:23  46.2   0.0  53.8   0.0   0.0   10   2836   2890   0.00E
14:01:23  42.5   0.0  57.5   0.0   0.0   10   2526   2784   0.00E
14:01:24  45.5   0.0  54.5   0.0   0.0   10   2738   2870   0.00E
14:01:24  47.6   0.0  52.4   0.0   0.0   10   2174   2666   0.00E
  Time    User  Nice   Sys  Idle    IO  Run Ctxt/s  IRQ/s  Watts
14:01:25  41.4   0.0  58.6   0.0   0.0   10   2386   2718   0.00E
14:01:25  46.0   0.0  54.0   0.0   0.0   11   2358   2646   0.00E
14:01:26  46.5   0.0  53.5   0.0   0.0   10   2790   2810   0.00E
14:01:26  46.5   0.0  53.5   0.0   0.0   11   2616   2768   0.00E
14:01:27  45.0   0.0  55.0   0.0   0.0   13   3132   5804   0.00E
14:01:27  46.8   0.0  53.2   0.0   0.0   10   3426   7870   0.00E
14:01:28  46.5   0.0  53.5   0.0   0.0   11   3288   3132   0.00E
14:01:28  43.2   0.0  56.8   0.0   0.0   10   2642   2832   0.00E
14:01:29  45.5   0.0  54.5   0.0   0.0   10   2714   2888   0.00E
14:01:29  46.8   0.0  53.2   0.0   0.0   10   3024   2946   0.00E
14:01:30  47.2   0.0  52.8   0.0   0.0   10   3426   3178   0.00E
14:01:30  47.0   0.0  53.0   0.0   0.0   15   2688   2890   0.00E
14:01:31  44.2   0.0  55.8   0.0   0.0   15   3174   3154   0.00E
14:01:31  48.9   0.0  51.1   0.0   0.0   10   2898   2912   0.00E
14:01:32  46.9   0.0  53.1   0.0   0.0   10   2894   2872   0.00E
14:01:32  50.0   0.0  50.0   0.0   0.0   11   2972   2948   0.00E
14:01:33  48.0   0.0  52.0   0.0   0.0   10   2668   2818   0.00E
14:01:33  43.9   0.0  56.1   0.0   0.0   10   2696   2768   0.00E
14:01:34  46.0   0.0  54.0   0.0   0.0   10   2690   2830   0.00E
14:01:34  45.1   0.0  54.9   0.0   0.0   10   2630   2766   0.00E
14:01:35  44.0   0.0  56.0   0.0   0.0   10   3012   2916   0.00E
14:01:35  47.0   0.0  53.0   0.0   0.0   10   2862   2798   0.00E
14:01:36  44.8   0.0  55.2   0.0   0.0   11   3400   3016   0.00E
  Time    User  Nice   Sys  Idle    IO  Run Ctxt/s  IRQ/s  Watts
14:01:36  44.0   0.0  56.0   0.0   0.0   10   2848   2898   0.00E
14:01:37  43.2   0.0  56.8   0.0   0.0   10   3272   3030   0.00E
14:01:37  45.0   0.0  55.0   0.0   0.0   10   2992   2896   0.00E
14:01:38  44.8   0.0  55.2   0.0   0.0   10   3086   3016   0.00E
14:01:38  45.8   0.0  54.2   0.0   0.0   10   3562   3050   0.00E
14:01:39  46.2   0.0  53.8   0.0   0.0   10   2666   2832   0.00E
14:01:39  46.2   0.0  53.8   0.0   0.0   10   2280   2742   0.00E
14:01:40  44.8   0.0  55.2   0.0   0.0   10   2996   2938   0.00E
14:01:40  42.8   0.0  57.2   0.0   0.0   10   2520   2830   0.00E
14:01:41  48.5   0.0  51.5   0.0   0.0   10   2658   2856   0.00E
14:01:41  44.0   0.0  56.0   0.0   0.0   10   2212   2706   0.00E
14:01:42  45.4   0.0  54.6   0.0   0.0   11   2694   2950   0.00E
14:01:42  45.0   0.0  55.0   0.0   0.0   11   2450   2790   0.00E
14:01:43  44.9   0.0  55.1   0.0   0.0   10   2810   2882   0.00E
14:01:43  46.1   0.0  53.9   0.0   0.0   10   2554   2762   0.00E
14:01:44  45.0   0.0  55.0   0.0   0.0   10   3318   3060   0.00E
14:01:44  45.8   0.0  54.2   0.0   0.0   10   2268   2758   0.00E
14:01:45  46.0   0.0  54.0   0.0   0.0   10   2566   2810   0.00E
14:01:45  47.8   0.0  52.2   0.0   0.0   10   3520   3186   0.00E
14:01:46  45.0   0.0  55.0   0.0   0.0   10   2498   2844   0.00E
14:01:46  48.2   0.0  51.8   0.0   0.0   10   2632   2912   0.00E
14:01:47  46.1   0.0  53.9   0.0   0.0   13   2834   2892   0.00E
14:01:47  47.6   0.0  52.4   0.0   0.0   10   2838   2870   0.00E
  Time    User  Nice   Sys  Idle    IO  Run Ctxt/s  IRQ/s  Watts
14:01:48  47.8   0.0  52.2   0.0   0.0   10   3244   3172   0.00E
14:01:48  48.5   0.0  51.5   0.0   0.0   10   2782   2844   0.00E
14:01:49  47.8   0.0  52.2   0.0   0.0   10   2812   2870   0.00E
14:01:49  47.5   0.0  52.5   0.0   0.0   10   2700   2774   0.00E
14:01:50  47.9   0.0  52.1   0.0   0.0   10   3210   2962   0.00E
14:01:50  45.5   0.0  54.5   0.0   0.0   10   2824   2886   0.00E
14:01:51  43.4   0.0  56.6   0.0   0.0   10   2746   2826   0.00E
14:01:51  46.2   0.0  53.8   0.0   0.0   10   2346   2766   0.00E
14:01:52  45.5   0.0  54.5   0.0   0.0   10   2682   2864   0.00E
14:01:52  46.5   0.0  53.5   0.0   0.0   10   2484   2772   0.00E
14:01:53  49.0   0.0  51.0   0.0   0.0   10   2432   2816   0.00E
14:01:53  45.0   0.0  55.0   0.0   0.0   10   2382   2762   0.00E
14:01:54  46.8   0.0  53.2   0.0   0.0   11   2816   2894   0.00E
14:01:54  44.2   0.0  55.8   0.0   0.0   11   2206   2754   0.00E
14:01:55  43.8   0.0  56.2   0.0   0.0   10   2382   2782   0.00E
14:01:55  41.8   0.0  58.2   0.0   0.0    9   2644   2808   0.00E
14:01:56  38.5   0.0  61.5   0.0   0.0    9   2952   2956   0.00E
14:01:56  37.8   0.0  62.2   0.0   0.0    9   2616   2844   0.00E
14:01:57  38.2   0.0  61.8   0.0   0.0    9   2800   2948   0.00E
14:01:57  42.2   0.0  57.8   0.0   0.0    9   2170   2722   0.00E
14:01:58  41.5   0.0  58.5   0.0   0.0   10   3156   3076   0.00E
14:01:58  39.0   0.0  61.0   0.0   0.0    9   2342   2824   0.00E
14:01:59  37.0   0.0  63.0   0.0   0.0    9   5204   3830   0.00E
  Time    User  Nice   Sys  Idle    IO  Run Ctxt/s  IRQ/s  Watts
14:01:59  40.2   0.0  59.8   0.0   0.0   13   2984   3016   0.00E
14:02:00  44.3   0.0  55.7   0.0   0.0   10   3412   3188   0.00E
14:02:00  45.3   0.0  54.7   0.0   0.0   15   3068   3074   0.00E
14:02:01  47.5   0.0  52.5   0.0   0.0   10   3150   2962   0.00E
14:02:01  43.0   0.0  57.0   0.0   0.0   10   2756   2816   0.00E
14:02:02  47.4   0.0  52.6   0.0   0.0   10   3432   3074   0.00E
14:02:02  46.5   0.0  53.5   0.0   0.0   10   3436   3042   0.00E
14:02:03  46.1   0.0  53.9   0.0   0.0   11   2714   2886   0.00E
14:02:03  48.5   0.0  51.5   0.0   0.0   15   2884   2958   0.00E
14:02:04  45.2   0.0  54.8   0.0   0.0   10   2810   3026   0.00E
14:02:04  45.4   0.0  54.6   0.0   0.0   15   2748   2892   0.00E
14:02:05  46.4   0.0  53.6   0.0   0.0   10   3188   2964   0.00E
14:02:05  45.0   0.0  55.0   0.0   0.0   10   3316   3114   0.00E
14:02:06  45.2   0.0  54.8   0.0   0.0   10   2786   2878   0.00E
14:02:06  44.5   0.0  55.5   0.0   0.0   10   2560   2760   0.00E
14:02:07  44.5   0.0  55.5   0.0   0.0   13   3184   3040   0.00E
14:02:07  46.4   0.0  53.6   0.0   0.0   10   2768   2894   0.00E
14:02:08  42.6   0.0  57.4   0.0   0.0   10   3278   3050   0.00E
14:02:08  43.2   0.0  56.8   0.0   0.0   10   2330   2936   0.00E
14:02:09  42.6   0.0  57.4   0.0   0.0   10   3608   3290   0.00E
14:02:09  45.5   0.0  54.5   0.0   0.0   10   2212   2690   0.00E
14:02:10  45.8   0.0  54.2   0.0   0.0   11   3104   3016   0.00E
14:02:10  47.6   0.0  52.4   0.0   0.0   10   3080   2950   0.00E
  Time    User  Nice   Sys  Idle    IO  Run Ctxt/s  IRQ/s  Watts
14:02:11  46.6   0.0  53.4   0.0   0.0   10   2414   2782   0.00E
14:02:11  44.5   0.0  55.5   0.0   0.0   10   2218   2748   0.00E
14:02:12  46.0   0.0  54.0   0.0   0.0   10   2922   2942   0.00E
14:02:12  44.8   0.0  55.2   0.0   0.0   10   2304   2782   0.00E
14:02:13  45.2   0.0  54.8   0.0   0.0   12   3318   2982   0.00E
14:02:13  42.0   0.0  58.0   0.0   0.0   10   2204   2690   0.00E
14:02:14  42.0   0.0  58.0   0.0   0.0   10   2604   2830   0.00E
14:02:14  45.5   0.0  54.5   0.0   0.0   10   2430   2802   0.00E
14:02:15  46.2   0.0  53.8   0.0   0.0   10   2124   2720   0.00E
14:02:15  46.4   0.0  53.6   0.0   0.0   10   2166   2726   0.00E
14:02:16  45.2   0.0  54.8   0.0   0.0   10   2960   2904   0.00E
14:02:16  41.6   0.0  58.4   0.0   0.0   10   2602   2880   0.00E
14:02:17  48.6   0.0  51.4   0.0   0.0   10   2642   2878   0.00E
14:02:17  45.9   0.0  54.1   0.0   0.0   10   2628   2848   0.00E
14:02:18  45.9   0.0  54.1   0.0   0.0   10   2888   2966   0.00E
14:02:18  44.0   0.0  56.0   0.0   0.0   10   2400   2756   0.00E
14:02:19  44.8   0.0  55.2   0.0   0.0   10   3202   2936   0.00E
14:02:19  44.9   0.0  55.1   0.0   0.0   10   2060   2750   0.00E
14:02:20  46.1   0.0  53.9   0.0   0.0   10   2614   2832   0.00E
14:02:20  48.0   0.0  52.0   0.0   0.0   10   2632   2884   0.00E
14:02:21  44.2   0.0  55.8   0.0   0.0   10   2230   2756   0.00E
14:02:21  46.2   0.0  53.8   0.0   0.0   10   2516   2762   0.00E
14:02:22  46.5   0.0  53.5   0.0   0.0   10   2842   2912   0.00E
  Time    User  Nice   Sys  Idle    IO  Run Ctxt/s  IRQ/s  Watts
14:02:22  45.2   0.0  54.8   0.0   0.0   12   2690   2902   0.00E
14:02:23  45.8   0.0  54.2   0.0   0.0   12   4310   3776   0.00E
14:02:23  54.8   0.0  45.2   0.0   0.0   13   5524   5094   0.00E
14:02:24  50.0   0.0  50.0   0.0   0.0   10   3942   3638   0.00E
14:02:24  48.4   0.0  51.6   0.0   0.0   10   3252   3128   0.00E
14:02:25  46.4   0.0  53.6   0.0   0.0   10   2688   2838   0.00E
14:02:25  44.8   0.0  55.2   0.0   0.0   10   2784   2892   0.00E
14:02:26  44.5   0.0  55.5   0.0   0.0   10   2214   2732   0.00E
14:02:26  44.5   0.0  55.5   0.0   0.0   10   2222   2740   0.00E
14:02:27  44.8   0.0  55.2   0.0   0.0   13   3028   2896   0.00E
14:02:27  48.0   0.0  52.0   0.0   0.0   10   2280   2732   0.00E
14:02:28  42.8   0.0  57.2   0.0   0.0   10   3000   2980   0.00E
14:02:28  42.5   0.0  57.5   0.0   0.0   10   2430   2742   0.00E
14:02:29  41.8   0.0  58.2   0.0   0.0   15   2672   2918   0.00E
14:02:29  46.5   0.0  53.5   0.0   0.0   10   2760   2812   0.00E
14:02:30  45.5   0.0  54.2   0.2   0.0   10   3900   3274   0.00E
14:02:30  48.6   0.0  51.4   0.0   0.0   10   2604   2954   0.00E
14:02:31  47.2   0.0  52.8   0.0   0.0   10   3456   3138   0.00E
14:02:31  44.1   0.0  55.9   0.0   0.0   10   2994   2928   0.00E
14:02:32  47.0   0.0  53.0   0.0   0.0   10   2962   2956   0.00E
14:02:32  46.8   0.0  53.2   0.0   0.0   10   3296   3144   0.00E
14:02:33  18.8   0.0   8.1  73.1   0.0    2   3246   2402   0.00E
14:02:33  14.0   0.0   0.2  85.5   0.2    2   2360   1678   0.00E
  Time    User  Nice   Sys  Idle    IO  Run Ctxt/s  IRQ/s  Watts
14:02:34  13.1   0.0   0.5  86.4   0.0    2   2696   2090   0.00E
14:02:34  13.4   0.0   0.3  86.3   0.0    8   3288   1906   0.00E
14:02:35  13.6   0.0   0.3  86.1   0.0    2   3062   1978   0.00E
14:02:35  13.4   0.0   0.3  86.4   0.0    2   2942   1756   0.00E
14:02:36  13.9   0.0   0.8  85.4   0.0    2   3206   1976   0.00E
14:02:36  12.6   0.0   0.3  86.9   0.3    2   2244   1600   0.00E
14:02:37  13.1   0.0   0.3  86.6   0.0    2   2862   1894   0.00E
14:02:37  13.1   0.0   0.0  86.9   0.0    2   2388   1734   0.00E
14:02:38  13.6   0.0   0.3  86.1   0.0    2   3212   2058   0.00E
14:02:38  13.2   0.0   0.3  86.6   0.0    7   2422   1640   0.00E
14:02:39  13.1   0.0   0.3  86.6   0.0    2   2400   1872   0.00E
14:02:39  13.6   0.0   0.5  85.6   0.3    2   2928   1964   0.00E
14:02:40  11.4   0.0   0.3  88.4   0.0    1   2586   1908   0.00E
14:02:40   1.8   0.0   0.5  97.7   0.0    1   2532   1484   0.00E
14:02:41   2.6   0.0   0.3  97.2   0.0    1   2622   1608   0.00E
14:02:41   2.0   0.0   0.3  97.7   0.0    1   2188   1356   0.00E
14:02:42   2.3   0.0   1.3  96.5   0.0    1   2720   1658   0.00E
14:02:42   3.3   0.0   1.0  95.7   0.0    1   2920   1640   0.00E
14:02:43   1.5   0.0   1.8  96.7   0.0    1   2694   1738   0.00E
14:02:43   1.0   0.0   0.8  98.2   0.0    1   2100   1400   0.00E
14:02:44   5.8   0.0   1.5  92.7   0.0    2   2530   1606   0.00E
14:02:44  13.8   0.0   0.0  85.9   0.3    2   2438   1592   0.00E
14:02:45  13.7   0.0   0.3  86.0   0.0    2   2590   1798   0.00E
  Time    User  Nice   Sys  Idle    IO  Run Ctxt/s  IRQ/s  Watts
14:02:45   9.2   0.0   1.3  89.6   0.0    2   5526   2344   0.00E
14:02:46  13.4   0.0   0.0  86.6   0.0    2   2626   2792   0.00E
14:02:46  13.8   0.0   0.5  85.5   0.2    2   3258   3054   0.00E
14:02:47  13.7   0.0   0.3  86.0   0.0    2   2940   4028   0.00E
14:02:47  12.7   0.0   0.0  87.3   0.0    2   2116   3328   0.00E
14:02:48  12.9   0.0   0.0  87.1   0.0    2   2666   3098   0.00E
14:02:48  13.5   0.0   0.3  86.0   0.3    2   3652   3418   0.00E
14:02:49  13.9   0.0   0.0  86.1   0.0    2   2808   3882   0.00E
14:02:49  13.1   0.0   0.0  86.6   0.3    2   2260   3922   0.00E
14:02:50  13.8   0.0   0.5  85.7   0.0    2   2690   4348   0.00E
14:02:50  13.2   0.0   0.0  86.8   0.0    2   2554   4362   0.00E
14:02:51  13.4   0.0   0.0  86.6   0.0    3   2288   3750   0.00E
14:02:51  13.8   0.0   0.3  85.9   0.0    2   2690   1638   0.00E
14:02:52  13.2   0.0   0.3  86.6   0.0    2   2576   1840   0.00E
14:02:52  12.8   0.0   0.0  86.9   0.3    2   1954   1508   0.00E
14:02:53   7.8   0.0   1.3  90.9   0.0    1   2820   1834   0.00E
14:02:53   2.0   0.0   0.0  98.0   0.0    1   2196   1446   0.00E
14:02:54   3.3   0.0   1.0  95.7   0.0    1   2958   1776   0.00E
14:02:54   2.3   0.0   0.5  97.2   0.0    1   2522   1474   0.00E
14:02:55   2.8   0.0   0.8  96.4   0.0    1   2916   1836   0.00E
14:02:55   1.5   0.0   0.5  97.5   0.5    1   2338   1600   0.00E
14:02:56   2.0   0.0   1.0  96.9   0.0    1   3214   1788   0.00E
14:02:56   8.1   0.0   0.5  91.4   0.0    2   3084   1854   0.00E
  Time    User  Nice   Sys  Idle    IO  Run Ctxt/s  IRQ/s  Watts
14:02:57  13.5   0.0   0.0  86.5   0.0    2   2626   1758   0.00E
14:02:57   1.5   0.0   0.5  98.0   0.0    1   2472   1474   0.00E
14:02:58   2.0   0.0   1.5  96.5   0.0    1   2748   1788   0.00E
14:02:58   0.5   0.0   0.0  99.5   0.0    3   2094   1404   0.00E
14:02:59   1.3   0.0   1.0  94.9   2.8    1   5712   2942   0.00E
14:02:59   1.3   0.0   0.5  98.0   0.3    1   2926   1632   0.00E
14:03:00   5.6   0.0   1.3  93.1   0.0    2   3290   1956   0.00E
14:03:00  13.1   0.0   0.3  86.6   0.0    3   2382   1704   0.00E
14:03:01  13.9   0.0   0.3  85.6   0.3    2   3222   2066   0.00E
14:03:01  13.1   0.0   0.0  86.9   0.0    2   2586   1778   0.00E
14:03:02  13.6   0.0   0.3  85.9   0.3    3   2754   1764   0.00E
14:03:02  13.4   0.0   0.0  86.6   0.0    2   3058   1878   0.00E
14:03:03  13.6   0.0   0.5  85.9   0.0    2   3160   2082   0.00E
14:03:03  13.1   0.0   0.3  86.6   0.0    2   2556   1684   0.00E
14:03:04  14.8   0.0   0.3  84.9   0.0    2   2764   1908   0.00E
14:03:04  13.9   0.0   0.3  85.6   0.3    2   2466   1702   0.00E
14:03:05  14.1   0.0   0.3  85.6   0.0    2   2922   1954   0.00E
14:03:05  13.7   0.0   0.5  85.8   0.0    2   2946   1912   0.00E
14:03:06  13.9   0.0   0.3  85.6   0.3    2   3296   2156   0.00E
14:03:06  13.4   0.0   0.0  86.6   0.0    2   2436   1532   0.00E
14:03:07  13.9   0.0   0.3  85.8   0.0    2   3486   2048   0.00E
14:03:07  13.5   0.0   0.2  86.0   0.2    2   1996   2230   0.00E
14:03:08  13.5   0.0   0.0  86.5   0.0    2   3040   2792   0.00E
  Time    User  Nice   Sys  Idle    IO  Run Ctxt/s  IRQ/s  Watts
14:03:08  13.3   0.0   0.3  86.4   0.0    1   2620   2502   0.00E
14:03:09   3.1   0.0   1.0  95.9   0.0    1   3090   1806   0.00E
14:03:09  10.2   0.0   0.0  89.8   0.0    2   1990   1468   0.00E
14:03:10   5.3   0.0   1.0  93.7   0.0    3   2352   1692   0.00E
14:03:10  13.4   0.0   0.0  86.6   0.0    2   2096   1734   0.00E
14:03:11  13.6   0.0   0.3  86.1   0.0    2   2668   1896   0.00E
14:03:11   4.5   0.0   0.5  95.0   0.0    1   1884   1288   0.00E
14:03:12   1.0   0.0   1.3  97.7   0.0    2   2680   1638   0.00E
14:03:12  13.4   0.0   0.0  86.4   0.3    2   2596   1780   0.00E
14:03:13   9.1   0.0   1.0  89.8   0.0    2   2980   1914   0.00E
14:03:13  12.1   0.0   0.3  87.7   0.0    1   2160   1540   0.00E
14:03:14  13.2   0.0   0.3  86.6   0.0    2   2572   1842   0.00E
14:03:14  11.8   0.0   0.5  87.7   0.0    2   2074   1546   0.00E
14:03:15   6.9   0.0   0.8  92.1   0.3    1   2600   1698   0.00E
14:03:15  12.1   0.0   0.3  87.6   0.0    2   2736   2020   0.00E
14:03:16  13.9   0.0   0.3  85.9   0.0    2   2932   2752   0.00E
14:03:16   9.4   0.0   0.3  90.4   0.0    1   2858   2400   0.00E
14:03:17   1.0   0.0   1.0  97.7   0.3    1   2480   1552   0.00E
14:03:17   3.5   0.0   1.2  95.3   0.0    1   2638   1588   0.00E
14:03:18   9.3   0.0   0.3  90.4   0.0    2   3264   2154   0.00E
14:03:18  14.6   0.0   0.3  84.8   0.3    2   2660   3350   0.00E
14:03:19  14.6   0.0   0.3  85.1   0.0    2   2510   4830   0.00E
14:03:19  13.1   0.0   0.5  86.4   0.0    3   2634   4866   0.00E
  Time    User  Nice   Sys  Idle    IO  Run Ctxt/s  IRQ/s  Watts
14:03:20   3.1   0.0   0.5  96.4   0.0    1   2934   1796   0.00E
14:03:20   2.0   0.0   0.5  97.5   0.0    2   2504   1502   0.00E
14:03:21   0.3   0.0   0.8  99.0   0.0    1   2082   1512   0.00E
14:03:21   1.8   0.0   1.0  97.2   0.0    1   2088   1402   0.00E
14:03:22   1.5   0.0   1.0  97.4   0.0    3   2520   1532   0.00E
14:03:22   4.8   0.0   0.0  94.9   0.3    2   2084   1460   0.00E
14:03:23  12.4   0.0   0.3  87.3   0.0    1   2962   2258   0.00E
14:03:23   4.8   0.0   0.0  95.2   0.0    2   2694   1514   0.00E
14:03:24  14.4   0.0   0.3  85.4   0.0    2   3668   2216   0.00E
14:03:24  13.3   0.0   0.3  86.2   0.3    2   2408   1644   0.00E
14:03:25  14.1   0.0   0.3  85.6   0.0    3   3250   2088   0.00E
14:03:25  13.3   0.0   0.3  86.4   0.0    2   2240   1622   0.00E
14:03:26  13.4   0.0   0.5  86.1   0.0    2   3340   2158   0.00E
14:03:26  14.3   0.0   0.5  85.2   0.0    2   3424   2092   0.00E
14:03:27  13.7   0.0   0.3  86.0   0.0    2   4282   2498   0.00E
14:03:27  13.4   0.0   0.3  86.1   0.3    2   2608   1814   0.00E
14:03:28  35.7   0.0   0.5  63.8   0.0    2   4944   7856   0.00E
14:03:28  13.7   0.0   0.0  86.3   0.0    2   3218   2240   0.00E
14:03:29  14.5   0.0   0.0  85.5   0.0    3   3166   2046   0.00E
14:03:29  13.8   0.0   0.8  85.2   0.2    2   3116   2082   0.00E
14:03:30  14.0   0.0   0.0  86.0   0.0    2   4722   2728   0.00E
14:03:30  12.9   0.0   0.3  86.8   0.0    2   2524   1746   0.00E
14:03:31  14.0   0.0   0.0  86.0   0.0    2   3430   2886   0.00E
  Time    User  Nice   Sys  Idle    IO  Run Ctxt/s  IRQ/s  Watts
14:03:31  12.4   0.0   0.0  87.6   0.0    1   2258   2396   0.00E
14:03:32   8.4   0.0   0.8  90.9   0.0    4   2574   3124   0.00E
14:03:32  15.5   0.0   0.5  84.0   0.0    2   4942   6492   0.00E
14:03:33  14.0   0.0   0.8  85.2   0.0    2   3676   3892   0.00E
14:03:33  13.3   0.0   0.3  86.4   0.0    2   2472   1646   0.00E
14:03:34  13.7   0.0   0.3  85.8   0.3    2   3582   3566   0.00E
14:03:34  14.9   0.0   0.8  84.3   0.0    2   6898   6936   0.00E
14:03:35  13.7   0.0   0.5  85.8   0.0    2   5350   5554   0.00E
14:03:35  15.5   0.0   0.8  83.8   0.0    2   6528   5552   0.00E
14:03:36  14.3   0.0   0.3  85.5   0.0    2   5274   5808   0.00E
14:03:36  15.4   0.0   0.5  84.1   0.0    2   6592   6472   0.00E
14:03:37  15.1   0.0   0.5  84.4   0.0    4   5794   5712   0.00E
14:03:37  13.5   0.0   0.8  85.8   0.0    2   5852   5630   0.00E
14:03:38  13.5   0.0   0.3  86.3   0.0    2   4310   4512   0.00E
14:03:38  13.9   0.0   0.0  86.1   0.0    2   3202   2266   0.00E
14:03:39  13.7   0.0   0.0  86.3   0.0    2   2962   2462   0.00E
14:03:39  14.2   0.0   0.8  85.0   0.0    2   5600   8362   0.00E
14:03:40  13.7   0.0   0.3  86.0   0.0    2   4140   8790   0.00E
14:03:40  13.5   0.0   0.3  86.0   0.3    2   3624   8280   0.00E
14:03:41  13.0   0.0   0.5  86.4   0.0    2   3770   8216   0.00E
14:03:41  14.5   0.0   0.5  85.0   0.0    2   6202   6832   0.00E
14:03:42  14.8   0.0   0.8  84.5   0.0    2   5408   5898   0.00E
14:03:42  14.5   0.0   0.3  85.2   0.0    2   6974   6532   0.00E
  Time    User  Nice   Sys  Idle    IO  Run Ctxt/s  IRQ/s  Watts
14:03:43  13.8   0.0   0.8  85.4   0.0    2   6794   7050   0.00E
14:03:43  13.8   0.0   0.5  85.7   0.0    3   4702   5840   0.00E
14:03:44  13.7   0.0   0.3  86.0   0.0    2   4642   4672   0.00E
14:03:44  13.2   0.0   0.0  86.8   0.0    2   2308   2474   0.00E
14:03:45  13.6   0.0   0.5  85.9   0.0    2   3284   2798   0.00E
14:03:45  15.7   0.0   0.3  83.8   0.3    2   5290   3416   0.00E
14:03:46  13.2   0.0   0.3  86.3   0.3    2   3030   3446   0.00E
14:03:46  14.1   0.0   0.0  85.9   0.0    2   2288   2442   0.00E
14:03:47  13.7   0.0   0.3  86.0   0.0    2   4558   5398   0.00E
14:03:47  13.4   0.0   0.5  86.1   0.0    2   4148   5432   0.00E
14:03:48  15.2   0.0   0.5  84.0   0.3    2   6774   8012   0.00E
14:03:48  21.1   0.0   2.0  76.8   0.0    2  11064   8416   0.00E
14:03:49  16.8   0.0   0.8  82.5   0.0    2   7754   7106   0.00E
14:03:49  16.0   0.0   0.5  83.5   0.0    2   6072   6658   0.00E
14:03:50  16.2   0.0   1.0  82.5   0.3    2   7340   7466   0.00E
14:03:50  15.9   0.0   0.8  83.3   0.0    3   7222   8202   0.00E
14:03:51  16.9   0.0   0.5  82.6   0.0    2   9012   9752   0.00E
14:03:51  16.9   0.0   1.2  81.8   0.0    2   5362   6770   0.00E
14:03:52  14.7   0.0   0.5  84.8   0.0    2   5114   5520   0.00E
14:03:52  15.4   0.0   0.3  84.4   0.0    2   6396   7882   0.00E
14:03:53  17.9   0.0   0.8  81.3   0.0    2   9762   9382   0.00E
14:03:53  34.6   0.0   1.0  64.4   0.0    4   5928   6792   0.00E
14:03:54  25.3   0.0   1.3  73.4   0.0    2   9210   6856   0.00E
  Time    User  Nice   Sys  Idle    IO  Run Ctxt/s  IRQ/s  Watts
14:03:54  15.6   0.0   0.3  84.1   0.0    3   4302   5182   0.00E
14:03:55  17.4   0.0   0.3  82.1   0.3    2   7326   5872   0.00E
14:03:55  16.8   0.0   1.3  81.7   0.3    3   9222   8498   0.00E
14:03:56  17.1   0.0   0.8  82.1   0.0    2   8390   8368   0.00E
14:03:56  14.5   0.0   0.5  85.0   0.0    2   5492   5122   0.00E
14:03:57  30.1   0.0   1.0  68.9   0.0    2   7476   4404   0.00E
14:03:57  14.9   0.0   0.5  84.3   0.3    2   4464   2422   0.00E
14:03:58  15.1   0.0   0.3  84.7   0.0    2   6148   3684   0.00E
14:03:58  14.2   0.0   0.3  85.6   0.0    3   3456   3618   0.00E
14:03:59  15.5   0.0   0.8  80.9   2.8    3   8274   5614   0.00E
14:03:59  14.4   0.0   0.3  85.1   0.3    2   4112   5104   0.00E
14:04:00  15.7   0.0   0.5  83.8   0.0    2   9048  10566   0.00E
14:04:00  22.8   0.0   1.5  75.6   0.0    2   9444   7118   0.00E
14:04:01  15.5   0.0   0.5  83.8   0.3    2   5966   5470   0.00E
14:04:01  26.4   0.0   3.8  69.7   0.0    4   9886   8330   0.00E
14:04:02  18.0   0.0   0.8  81.0   0.3    3   7718   5246   0.00E
14:04:02  14.5   0.0   0.5  85.0   0.0    2   6076   5174   0.00E
-------- ----- ----- ----- ----- ----- ---- ------ ------ ------ 
 Average  37.6   0.0  38.5  23.9   0.0  8.1 3852.3 3906.1  -N/A- 
 GeoMean  29.9   0.0   0.0   0.0   0.0  6.5 3547.6 3492.3   0.00 
  StdDev  16.1   0.0  22.3  37.5   0.1  4.0 1753.8 2020.9  -N/A- 
-------- ----- ----- ----- ----- ----- ---- ------ ------ ------ 
 Minimum   0.3   0.0   0.0   0.0   0.0  1.0 1884.0 1288.0  -N/A- 
 Maximum  64.9   0.0  63.9  99.5   2.8 22.0 13646.0 13168.0  -N/A- 
-------- ----- ----- ----- ----- ----- ---- ------ ------ ------ 
Summary:
System:   0.00 Watts on average with standard deviation 0.00  
