2K validation run parameters for coremark.
CoreMark Size    : 666
Total ticks      : 93989
Total time (secs): 93.989000
Iterations/Sec   : 85116.343402
Iterations       : 8000000
Compiler version : GCC11.2.0
Compiler flags   : -O2 -DMULTITHREAD=8 -DUSE_PTHREAD -DPERFORMANCE_RUN=1 -DVALIDATION_RUN=1  -lrt
Parallel PThreads : 8
Memory location  : Please put data memory location here
			(e.g. code in flash, data on heap etc)
seedcrc          : 0x18f2
[0]crclist       : 0xe3c1
[1]crclist       : 0xe3c1
[2]crclist       : 0xe3c1
[3]crclist       : 0xe3c1
[4]crclist       : 0xe3c1
[5]crclist       : 0xe3c1
[6]crclist       : 0xe3c1
[7]crclist       : 0xe3c1
[0]crcmatrix     : 0x0747
[1]crcmatrix     : 0x0747
[2]crcmatrix     : 0x0747
[3]crcmatrix     : 0x0747
[4]crcmatrix     : 0x0747
[5]crcmatrix     : 0x0747
[6]crcmatrix     : 0x0747
[7]crcmatrix     : 0x0747
[0]crcstate      : 0x8d84
[1]crcstate      : 0x8d84
[2]crcstate      : 0x8d84
[3]crcstate      : 0x8d84
[4]crcstate      : 0x8d84
[5]crcstate      : 0x8d84
[6]crcstate      : 0x8d84
[7]crcstate      : 0x8d84
[0]crcfinal      : 0xc506
[1]crcfinal      : 0xc506
[2]crcfinal      : 0xc506
[3]crcfinal      : 0xc506
[4]crcfinal      : 0xc506
[5]crcfinal      : 0xc506
[6]crcfinal      : 0xc506
[7]crcfinal      : 0xc506
Correct operation validated. See README.md for run and reporting rules.
